loading vocabulary file https://s3.amazonaws.com/models.huggingface.co/bert/bert-base-uncased-vocab.txt from cache at C:\Users\NINGMEI\.pytorch_pretrained_bert\26bc1ad6c0ac742e9b52263248f6d0f00068293b33709fae12320c0e35ccfbbb.542ce4285a40d23a559526243235df47c5f75c197f04f37d1a0c124c32c9a084
loading archive file https://s3.amazonaws.com/models.huggingface.co/bert/bert-base-uncased.tar.gz from cache at C:\Users\NINGMEI\.pytorch_pretrained_bert\9c41111e2de84547a463fd39217199738d1e3deb72d4fec4399e6e241983c6f0.ae3cef932725ca7a30cdcb93fc6e09150a55e2a130ec7af63975a16c153ae2ba
extracting archive file C:\Users\NINGMEI\.pytorch_pretrained_bert\9c41111e2de84547a463fd39217199738d1e3deb72d4fec4399e6e241983c6f0.ae3cef932725ca7a30cdcb93fc6e09150a55e2a130ec7af63975a16c153ae2ba to temp dir C:\Users\NINGMEI\AppData\Local\Temp\tmplh02bblh
Model config {
  "attention_probs_dropout_prob": 0.1,
  "hidden_act": "gelu",
  "hidden_dropout_prob": 0.1,
  "hidden_size": 768,
  "initializer_range": 0.02,
  "intermediate_size": 3072,
  "max_position_embeddings": 512,
  "num_attention_heads": 12,
  "num_hidden_layers": 12,
  "type_vocab_size": 2,
  "vocab_size": 30522
}

cuda memory allocated: 458000896
> n_trainable_params: 114216489, n_nontrainable_params: 0
> training arguments:
>>> model_name: aagcn_bert
>>> dataset: rest16_sen
>>> optimizer: <class 'torch.optim.adam.Adam'>
>>> initializer: <function xavier_uniform_ at 0x00000193978AF400>
>>> lr: 2e-05
>>> dropout: 0.1
>>> l2reg: 0.01
>>> num_epoch: 20
>>> batch_size: 16
>>> log_step: 10
>>> embed_dim: 300
>>> hidden_dim: 300
>>> bert_dim: 768
>>> pretrained_bert_name: bert-base-uncased
>>> max_seq_len: 85
>>> polarities_dim: 3
>>> hops: 3
>>> patience: 5
>>> device: cuda:0
>>> seed: 1234
>>> valset_ratio: 0
>>> model_class: <class 'models.aagcn_bert.AAGCN_BERT'>
>>> dataset_file: {'train': './dataset/senticnet/16_rest_train.raw.tokenized', 'test': './dataset/senticnet/16_rest_test.raw.tokenized'}
>>> inputs_cols: ['concat_bert_indices', 'concat_segments_indices', 'entity_graph', 'attribute_graph']
>>>>>>>>>>>>>>>>>>>>>>>>>>>>>>>>>>>>>>>>>>>>>>>>>>>>>>>>>>>>>>>>>>>>>>>>>>>>>>>>>>>>>>>>>>>>>>>>>>>>
epoch: 0
> val_acc: 0.6721, val_f1: 0.2886
>> saved: state_dict/aagcn_bert_rest16_sen_val_acc_0.6721
> val_acc: 0.6762, val_f1: 0.2998
>> saved: state_dict/aagcn_bert_rest16_sen_val_acc_0.6762
> val_acc: 0.6599, val_f1: 0.2890
> val_acc: 0.6748, val_f1: 0.2691
> val_acc: 0.6816, val_f1: 0.2702
>> saved: state_dict/aagcn_bert_rest16_sen_val_acc_0.6816
> val_acc: 0.6707, val_f1: 0.2859
> val_acc: 0.5986, val_f1: 0.3535
> val_acc: 0.6340, val_f1: 0.3736
> val_acc: 0.6776, val_f1: 0.3476
loss: 0.7821, acc: 0.6562
> val_acc: 0.6748, val_f1: 0.3513
> val_acc: 0.6748, val_f1: 0.3227
> val_acc: 0.6721, val_f1: 0.3149
> val_acc: 0.6327, val_f1: 0.3187
> val_acc: 0.5755, val_f1: 0.3403
> val_acc: 0.6299, val_f1: 0.3396
> val_acc: 0.6449, val_f1: 0.3311
> val_acc: 0.6463, val_f1: 0.3334
> val_acc: 0.6435, val_f1: 0.3418
> val_acc: 0.6585, val_f1: 0.3592
loss: 0.8036, acc: 0.6531
> val_acc: 0.6612, val_f1: 0.3673
> val_acc: 0.6680, val_f1: 0.3692
> val_acc: 0.6680, val_f1: 0.3650
> val_acc: 0.6694, val_f1: 0.3600
> val_acc: 0.6844, val_f1: 0.3660
>> saved: state_dict/aagcn_bert_rest16_sen_val_acc_0.6844
> val_acc: 0.6925, val_f1: 0.3551
>> saved: state_dict/aagcn_bert_rest16_sen_val_acc_0.6925
> val_acc: 0.7034, val_f1: 0.3527
>> saved: state_dict/aagcn_bert_rest16_sen_val_acc_0.7034
> val_acc: 0.6966, val_f1: 0.3367
> val_acc: 0.6966, val_f1: 0.3389
> val_acc: 0.6871, val_f1: 0.3279
loss: 0.8041, acc: 0.6604
> val_acc: 0.6857, val_f1: 0.3339
> val_acc: 0.6789, val_f1: 0.3350
> val_acc: 0.6735, val_f1: 0.3306
> val_acc: 0.6707, val_f1: 0.3353
> val_acc: 0.6816, val_f1: 0.3137
> val_acc: 0.6844, val_f1: 0.3148
> val_acc: 0.6844, val_f1: 0.3044
> val_acc: 0.6857, val_f1: 0.3076
> val_acc: 0.6884, val_f1: 0.3112
> val_acc: 0.6912, val_f1: 0.3149
loss: 0.7730, acc: 0.6734
> val_acc: 0.6912, val_f1: 0.3123
> val_acc: 0.6884, val_f1: 0.3138
> val_acc: 0.6857, val_f1: 0.3153
> val_acc: 0.6857, val_f1: 0.3361
> val_acc: 0.6857, val_f1: 0.3501
> val_acc: 0.6871, val_f1: 0.3741
> val_acc: 0.6925, val_f1: 0.3843
> val_acc: 0.6912, val_f1: 0.3820
> val_acc: 0.6789, val_f1: 0.3697
> val_acc: 0.6830, val_f1: 0.3762
loss: 0.7598, acc: 0.6737
> val_acc: 0.6789, val_f1: 0.3793
> val_acc: 0.6830, val_f1: 0.3828
> val_acc: 0.6816, val_f1: 0.3856
> val_acc: 0.6789, val_f1: 0.3910
> val_acc: 0.6707, val_f1: 0.3942
> val_acc: 0.6735, val_f1: 0.4031
> val_acc: 0.6721, val_f1: 0.3936
> val_acc: 0.6884, val_f1: 0.3962
> val_acc: 0.6952, val_f1: 0.4000
> val_acc: 0.7034, val_f1: 0.4096
loss: 0.7580, acc: 0.6729
> val_acc: 0.7102, val_f1: 0.4159
>> saved: state_dict/aagcn_bert_rest16_sen_val_acc_0.7102
> val_acc: 0.7184, val_f1: 0.4248
>> saved: state_dict/aagcn_bert_rest16_sen_val_acc_0.7184
> val_acc: 0.7156, val_f1: 0.4331
> val_acc: 0.7197, val_f1: 0.4369
>> saved: state_dict/aagcn_bert_rest16_sen_val_acc_0.7197
> val_acc: 0.7129, val_f1: 0.4321
> val_acc: 0.7170, val_f1: 0.4339
> val_acc: 0.7184, val_f1: 0.4281
> val_acc: 0.7143, val_f1: 0.4327
> val_acc: 0.7156, val_f1: 0.4335
> val_acc: 0.7088, val_f1: 0.4267
loss: 0.7510, acc: 0.6768
> val_acc: 0.7102, val_f1: 0.4311
> val_acc: 0.7184, val_f1: 0.4401
> val_acc: 0.7170, val_f1: 0.4363
> val_acc: 0.7197, val_f1: 0.4363
> val_acc: 0.7211, val_f1: 0.4344
>> saved: state_dict/aagcn_bert_rest16_sen_val_acc_0.7211
> val_acc: 0.7279, val_f1: 0.4372
>> saved: state_dict/aagcn_bert_rest16_sen_val_acc_0.7279
> val_acc: 0.7238, val_f1: 0.4417
> val_acc: 0.7224, val_f1: 0.4455
> val_acc: 0.7211, val_f1: 0.4483
> val_acc: 0.7306, val_f1: 0.4483
>> saved: state_dict/aagcn_bert_rest16_sen_val_acc_0.7306
loss: 0.7309, acc: 0.6852
> val_acc: 0.7442, val_f1: 0.4559
>> saved: state_dict/aagcn_bert_rest16_sen_val_acc_0.7442
> val_acc: 0.7524, val_f1: 0.4569
>> saved: state_dict/aagcn_bert_rest16_sen_val_acc_0.7524
> val_acc: 0.7510, val_f1: 0.4420
> val_acc: 0.7551, val_f1: 0.4447
>> saved: state_dict/aagcn_bert_rest16_sen_val_acc_0.7551
> val_acc: 0.7524, val_f1: 0.4437
> val_acc: 0.7537, val_f1: 0.4489
> val_acc: 0.7578, val_f1: 0.4620
>> saved: state_dict/aagcn_bert_rest16_sen_val_acc_0.7578
> val_acc: 0.7537, val_f1: 0.4660
> val_acc: 0.7551, val_f1: 0.4677
> val_acc: 0.7578, val_f1: 0.4729
loss: 0.7129, acc: 0.6972
> val_acc: 0.7646, val_f1: 0.4850
>> saved: state_dict/aagcn_bert_rest16_sen_val_acc_0.7646
> val_acc: 0.7701, val_f1: 0.4956
>> saved: state_dict/aagcn_bert_rest16_sen_val_acc_0.7701
> val_acc: 0.7741, val_f1: 0.5053
>> saved: state_dict/aagcn_bert_rest16_sen_val_acc_0.7741
> val_acc: 0.7714, val_f1: 0.5075
> val_acc: 0.7646, val_f1: 0.5029
> val_acc: 0.7537, val_f1: 0.4960
> val_acc: 0.7456, val_f1: 0.4931
> val_acc: 0.7401, val_f1: 0.4899
> val_acc: 0.7388, val_f1: 0.4882
> val_acc: 0.7469, val_f1: 0.4939
loss: 0.7007, acc: 0.7069
> val_acc: 0.7483, val_f1: 0.4935
> val_acc: 0.7592, val_f1: 0.4959
> val_acc: 0.7619, val_f1: 0.4920
> val_acc: 0.7592, val_f1: 0.4796
> val_acc: 0.7605, val_f1: 0.4748
> val_acc: 0.7592, val_f1: 0.4755
> val_acc: 0.7551, val_f1: 0.4705
> val_acc: 0.7646, val_f1: 0.4859
> val_acc: 0.7673, val_f1: 0.4927
> val_acc: 0.7605, val_f1: 0.4911
loss: 0.6906, acc: 0.7119
> val_acc: 0.7619, val_f1: 0.4961
> val_acc: 0.7551, val_f1: 0.4955
> val_acc: 0.7537, val_f1: 0.4970
> val_acc: 0.7469, val_f1: 0.4930
> val_acc: 0.7483, val_f1: 0.4954
> val_acc: 0.7361, val_f1: 0.4883
> val_acc: 0.7415, val_f1: 0.4916
> val_acc: 0.7429, val_f1: 0.4917
> val_acc: 0.7605, val_f1: 0.5014
> val_acc: 0.7605, val_f1: 0.4988
loss: 0.6726, acc: 0.7229
> val_acc: 0.7673, val_f1: 0.4999
> val_acc: 0.7687, val_f1: 0.4968
> val_acc: 0.7660, val_f1: 0.4909
> val_acc: 0.7673, val_f1: 0.4901
> val_acc: 0.7714, val_f1: 0.4893
> val_acc: 0.7714, val_f1: 0.4863
> val_acc: 0.7728, val_f1: 0.4911
> val_acc: 0.7728, val_f1: 0.4917
> val_acc: 0.7810, val_f1: 0.4994
>> saved: state_dict/aagcn_bert_rest16_sen_val_acc_0.781
> val_acc: 0.7850, val_f1: 0.5033
>> saved: state_dict/aagcn_bert_rest16_sen_val_acc_0.785
loss: 0.6593, acc: 0.7317
> val_acc: 0.7837, val_f1: 0.5058
> val_acc: 0.7850, val_f1: 0.5084
> val_acc: 0.7891, val_f1: 0.5140
>> saved: state_dict/aagcn_bert_rest16_sen_val_acc_0.7891
> val_acc: 0.7864, val_f1: 0.5121
> val_acc: 0.7878, val_f1: 0.5152
> val_acc: 0.7810, val_f1: 0.5118
> val_acc: 0.7782, val_f1: 0.5106
> val_acc: 0.7660, val_f1: 0.5023
> val_acc: 0.7633, val_f1: 0.5006
> val_acc: 0.7646, val_f1: 0.5007
>>>>>>>>>>>>>>>>>>>>>>>>>>>>>>>>>>>>>>>>>>>>>>>>>>>>>>>>>>>>>>>>>>>>>>>>>>>>>>>>>>>>>>>>>>>>>>>>>>>>
epoch: 1
loss: 0.3805, acc: 0.8750
> val_acc: 0.7646, val_f1: 0.5015
> val_acc: 0.7701, val_f1: 0.5048
> val_acc: 0.7741, val_f1: 0.5060
> val_acc: 0.7864, val_f1: 0.5143
> val_acc: 0.7932, val_f1: 0.5167
>> saved: state_dict/aagcn_bert_rest16_sen_val_acc_0.7932
> val_acc: 0.8000, val_f1: 0.5209
>> saved: state_dict/aagcn_bert_rest16_sen_val_acc_0.8
> val_acc: 0.8054, val_f1: 0.5238
>> saved: state_dict/aagcn_bert_rest16_sen_val_acc_0.8054
> val_acc: 0.8109, val_f1: 0.5271
>> saved: state_dict/aagcn_bert_rest16_sen_val_acc_0.8109
> val_acc: 0.8095, val_f1: 0.5258
> val_acc: 0.8136, val_f1: 0.5301
>> saved: state_dict/aagcn_bert_rest16_sen_val_acc_0.8136
loss: 0.4669, acc: 0.8182
> val_acc: 0.8109, val_f1: 0.5293
> val_acc: 0.8082, val_f1: 0.5290
> val_acc: 0.8082, val_f1: 0.5307
> val_acc: 0.8082, val_f1: 0.5315
> val_acc: 0.8095, val_f1: 0.5322
> val_acc: 0.8095, val_f1: 0.5314
> val_acc: 0.8204, val_f1: 0.5384
>> saved: state_dict/aagcn_bert_rest16_sen_val_acc_0.8204
> val_acc: 0.8218, val_f1: 0.5381
>> saved: state_dict/aagcn_bert_rest16_sen_val_acc_0.8218
> val_acc: 0.8218, val_f1: 0.5376
> val_acc: 0.8163, val_f1: 0.5316
loss: 0.4466, acc: 0.8333
> val_acc: 0.8245, val_f1: 0.5521
>> saved: state_dict/aagcn_bert_rest16_sen_val_acc_0.8245
> val_acc: 0.8272, val_f1: 0.5528
>> saved: state_dict/aagcn_bert_rest16_sen_val_acc_0.8272
> val_acc: 0.8286, val_f1: 0.5543
>> saved: state_dict/aagcn_bert_rest16_sen_val_acc_0.8286
> val_acc: 0.8272, val_f1: 0.5526
> val_acc: 0.8272, val_f1: 0.5655
> val_acc: 0.8286, val_f1: 0.5793
> val_acc: 0.8299, val_f1: 0.5813
>> saved: state_dict/aagcn_bert_rest16_sen_val_acc_0.8299
> val_acc: 0.8286, val_f1: 0.5808
> val_acc: 0.8286, val_f1: 0.5812
> val_acc: 0.8259, val_f1: 0.5792
loss: 0.4310, acc: 0.8448
> val_acc: 0.8218, val_f1: 0.5629
> val_acc: 0.8231, val_f1: 0.5662
> val_acc: 0.8286, val_f1: 0.5725
> val_acc: 0.8177, val_f1: 0.5385
> val_acc: 0.8095, val_f1: 0.5344
> val_acc: 0.7932, val_f1: 0.5241
> val_acc: 0.7837, val_f1: 0.5192
> val_acc: 0.7741, val_f1: 0.5141
> val_acc: 0.7741, val_f1: 0.5142
> val_acc: 0.7782, val_f1: 0.5168
loss: 0.4385, acc: 0.8399
> val_acc: 0.7959, val_f1: 0.5269
> val_acc: 0.8109, val_f1: 0.5345
> val_acc: 0.8204, val_f1: 0.5400
> val_acc: 0.8231, val_f1: 0.5392
> val_acc: 0.8245, val_f1: 0.5380
> val_acc: 0.8286, val_f1: 0.5397
> val_acc: 0.8272, val_f1: 0.5373
> val_acc: 0.8190, val_f1: 0.5273
> val_acc: 0.8190, val_f1: 0.5273
> val_acc: 0.8204, val_f1: 0.5295
loss: 0.4167, acc: 0.8505
> val_acc: 0.8218, val_f1: 0.5318
> val_acc: 0.8204, val_f1: 0.5317
> val_acc: 0.8286, val_f1: 0.5410
> val_acc: 0.8231, val_f1: 0.5366
> val_acc: 0.8190, val_f1: 0.5344
> val_acc: 0.8150, val_f1: 0.5331
> val_acc: 0.8177, val_f1: 0.5379
> val_acc: 0.8163, val_f1: 0.5369
> val_acc: 0.8136, val_f1: 0.5351
> val_acc: 0.8109, val_f1: 0.5340
loss: 0.3960, acc: 0.8566
> val_acc: 0.8095, val_f1: 0.5328
> val_acc: 0.8095, val_f1: 0.5325
> val_acc: 0.8150, val_f1: 0.5359
> val_acc: 0.8136, val_f1: 0.5337
> val_acc: 0.8177, val_f1: 0.5356
> val_acc: 0.8177, val_f1: 0.5365
> val_acc: 0.8177, val_f1: 0.5362
> val_acc: 0.8177, val_f1: 0.5375
> val_acc: 0.8095, val_f1: 0.5315
> val_acc: 0.8027, val_f1: 0.5266
loss: 0.4099, acc: 0.8521
> val_acc: 0.8014, val_f1: 0.5250
> val_acc: 0.8041, val_f1: 0.5424
> val_acc: 0.8109, val_f1: 0.5468
> val_acc: 0.8177, val_f1: 0.5515
> val_acc: 0.8231, val_f1: 0.5549
> val_acc: 0.8245, val_f1: 0.5687
> val_acc: 0.8204, val_f1: 0.5646
> val_acc: 0.8190, val_f1: 0.5618
> val_acc: 0.8218, val_f1: 0.5638
> val_acc: 0.8218, val_f1: 0.5639
loss: 0.4004, acc: 0.8534
> val_acc: 0.8190, val_f1: 0.5610
> val_acc: 0.8163, val_f1: 0.5589
> val_acc: 0.8177, val_f1: 0.5595
> val_acc: 0.8190, val_f1: 0.5623
> val_acc: 0.8259, val_f1: 0.5705
> val_acc: 0.8231, val_f1: 0.5690
> val_acc: 0.8259, val_f1: 0.5714
> val_acc: 0.8259, val_f1: 0.5725
> val_acc: 0.8231, val_f1: 0.5572
> val_acc: 0.8163, val_f1: 0.5535
loss: 0.3897, acc: 0.8571
> val_acc: 0.8190, val_f1: 0.5423
> val_acc: 0.8163, val_f1: 0.5396
> val_acc: 0.8122, val_f1: 0.5369
> val_acc: 0.8150, val_f1: 0.5391
> val_acc: 0.8150, val_f1: 0.5390
> val_acc: 0.8163, val_f1: 0.5402
> val_acc: 0.8150, val_f1: 0.5387
> val_acc: 0.8109, val_f1: 0.5357
> val_acc: 0.8136, val_f1: 0.5379
> val_acc: 0.8136, val_f1: 0.5375
loss: 0.3848, acc: 0.8601
> val_acc: 0.8122, val_f1: 0.5369
> val_acc: 0.8136, val_f1: 0.5375
> val_acc: 0.8218, val_f1: 0.5437
> val_acc: 0.8313, val_f1: 0.5645
>> saved: state_dict/aagcn_bert_rest16_sen_val_acc_0.8313
> val_acc: 0.8354, val_f1: 0.5671
>> saved: state_dict/aagcn_bert_rest16_sen_val_acc_0.8354
> val_acc: 0.8367, val_f1: 0.5828
>> saved: state_dict/aagcn_bert_rest16_sen_val_acc_0.8367
> val_acc: 0.8354, val_f1: 0.5819
> val_acc: 0.8408, val_f1: 0.5989
>> saved: state_dict/aagcn_bert_rest16_sen_val_acc_0.8408
> val_acc: 0.8381, val_f1: 0.5963
> val_acc: 0.8381, val_f1: 0.5960
loss: 0.3855, acc: 0.8598
> val_acc: 0.8327, val_f1: 0.5906
> val_acc: 0.8354, val_f1: 0.6037
> val_acc: 0.8354, val_f1: 0.6033
> val_acc: 0.8327, val_f1: 0.6013
> val_acc: 0.8354, val_f1: 0.6163
> val_acc: 0.8354, val_f1: 0.6059
> val_acc: 0.8327, val_f1: 0.5924
> val_acc: 0.8286, val_f1: 0.5895
> val_acc: 0.8218, val_f1: 0.5850
> val_acc: 0.8218, val_f1: 0.5853
loss: 0.3828, acc: 0.8616
> val_acc: 0.8286, val_f1: 0.5898
> val_acc: 0.8313, val_f1: 0.5785
> val_acc: 0.8299, val_f1: 0.5623
> val_acc: 0.8340, val_f1: 0.5653
> val_acc: 0.8395, val_f1: 0.5694
> val_acc: 0.8395, val_f1: 0.5546
> val_acc: 0.8381, val_f1: 0.5535
> val_acc: 0.8422, val_f1: 0.5714
>> saved: state_dict/aagcn_bert_rest16_sen_val_acc_0.8422
> val_acc: 0.8354, val_f1: 0.5663
> val_acc: 0.8299, val_f1: 0.5640
loss: 0.3790, acc: 0.8621
> val_acc: 0.8259, val_f1: 0.5622
> val_acc: 0.8190, val_f1: 0.5579
> val_acc: 0.8190, val_f1: 0.5593
> val_acc: 0.8122, val_f1: 0.5547
> val_acc: 0.8068, val_f1: 0.5502
> val_acc: 0.8082, val_f1: 0.5511
> val_acc: 0.7986, val_f1: 0.5295
> val_acc: 0.7973, val_f1: 0.5289
> val_acc: 0.7946, val_f1: 0.5271
>>>>>>>>>>>>>>>>>>>>>>>>>>>>>>>>>>>>>>>>>>>>>>>>>>>>>>>>>>>>>>>>>>>>>>>>>>>>>>>>>>>>>>>>>>>>>>>>>>>>
epoch: 2
> val_acc: 0.7986, val_f1: 0.5301
loss: 0.1578, acc: 0.9375
> val_acc: 0.8000, val_f1: 0.5310
> val_acc: 0.8014, val_f1: 0.5316
> val_acc: 0.8095, val_f1: 0.5364
> val_acc: 0.8204, val_f1: 0.5435
> val_acc: 0.8218, val_f1: 0.5438
> val_acc: 0.8327, val_f1: 0.5517
> val_acc: 0.8367, val_f1: 0.5684
> val_acc: 0.8408, val_f1: 0.5700
> val_acc: 0.8422, val_f1: 0.5706
> val_acc: 0.8422, val_f1: 0.5703
loss: 0.2308, acc: 0.9115
> val_acc: 0.8449, val_f1: 0.5737
>> saved: state_dict/aagcn_bert_rest16_sen_val_acc_0.8449
> val_acc: 0.8422, val_f1: 0.5723
> val_acc: 0.8449, val_f1: 0.5750
> val_acc: 0.8463, val_f1: 0.5756
>> saved: state_dict/aagcn_bert_rest16_sen_val_acc_0.8463
> val_acc: 0.8503, val_f1: 0.5783
>> saved: state_dict/aagcn_bert_rest16_sen_val_acc_0.8503
> val_acc: 0.8490, val_f1: 0.5767
> val_acc: 0.8490, val_f1: 0.5622
> val_acc: 0.8476, val_f1: 0.5609
> val_acc: 0.8490, val_f1: 0.5622
> val_acc: 0.8503, val_f1: 0.5632
loss: 0.2092, acc: 0.9205
> val_acc: 0.8544, val_f1: 0.5820
>> saved: state_dict/aagcn_bert_rest16_sen_val_acc_0.8544
> val_acc: 0.8490, val_f1: 0.5782
> val_acc: 0.8408, val_f1: 0.5733
> val_acc: 0.8313, val_f1: 0.5670
> val_acc: 0.8245, val_f1: 0.5623
> val_acc: 0.8245, val_f1: 0.5766
> val_acc: 0.8231, val_f1: 0.5754
> val_acc: 0.8245, val_f1: 0.5763
> val_acc: 0.8259, val_f1: 0.5774
> val_acc: 0.8327, val_f1: 0.5955
loss: 0.2342, acc: 0.9180
> val_acc: 0.8395, val_f1: 0.5993
> val_acc: 0.8463, val_f1: 0.5906
> val_acc: 0.8463, val_f1: 0.5903
> val_acc: 0.8449, val_f1: 0.5893
> val_acc: 0.8435, val_f1: 0.6006
> val_acc: 0.8463, val_f1: 0.6026
> val_acc: 0.8435, val_f1: 0.5999
> val_acc: 0.8408, val_f1: 0.5980
> val_acc: 0.8408, val_f1: 0.5980
> val_acc: 0.8354, val_f1: 0.5934
loss: 0.2366, acc: 0.9167
> val_acc: 0.8367, val_f1: 0.6065
> val_acc: 0.8395, val_f1: 0.6069
> val_acc: 0.8408, val_f1: 0.6307
> val_acc: 0.8435, val_f1: 0.6328
> val_acc: 0.8435, val_f1: 0.6325
> val_acc: 0.8422, val_f1: 0.6207
> val_acc: 0.8422, val_f1: 0.6091
> val_acc: 0.8422, val_f1: 0.5971
> val_acc: 0.8408, val_f1: 0.5959
> val_acc: 0.8408, val_f1: 0.5955
loss: 0.2331, acc: 0.9195
> val_acc: 0.8408, val_f1: 0.5815
> val_acc: 0.8408, val_f1: 0.5815
> val_acc: 0.8381, val_f1: 0.5795
> val_acc: 0.8381, val_f1: 0.5798
> val_acc: 0.8354, val_f1: 0.5782
> val_acc: 0.8340, val_f1: 0.5780
> val_acc: 0.8367, val_f1: 0.5821
> val_acc: 0.8367, val_f1: 0.5822
> val_acc: 0.8354, val_f1: 0.5826
> val_acc: 0.8367, val_f1: 0.5974
loss: 0.2277, acc: 0.9194
> val_acc: 0.8313, val_f1: 0.6062
> val_acc: 0.8163, val_f1: 0.6087
> val_acc: 0.8122, val_f1: 0.6065
> val_acc: 0.8095, val_f1: 0.6047
> val_acc: 0.8082, val_f1: 0.6041
> val_acc: 0.8122, val_f1: 0.6050
> val_acc: 0.8204, val_f1: 0.6102
> val_acc: 0.8259, val_f1: 0.6129
> val_acc: 0.8299, val_f1: 0.6273
> val_acc: 0.8395, val_f1: 0.6337
loss: 0.2377, acc: 0.9158
> val_acc: 0.8367, val_f1: 0.6187
> val_acc: 0.8354, val_f1: 0.6157
> val_acc: 0.8354, val_f1: 0.6253
> val_acc: 0.8340, val_f1: 0.6224
> val_acc: 0.8340, val_f1: 0.6224
> val_acc: 0.8354, val_f1: 0.6253
> val_acc: 0.8381, val_f1: 0.6284
> val_acc: 0.8367, val_f1: 0.6289
> val_acc: 0.8340, val_f1: 0.6279
> val_acc: 0.8381, val_f1: 0.6318
loss: 0.2446, acc: 0.9131
> val_acc: 0.8395, val_f1: 0.6331
> val_acc: 0.8381, val_f1: 0.6321
> val_acc: 0.8327, val_f1: 0.6295
> val_acc: 0.8136, val_f1: 0.6257
> val_acc: 0.8068, val_f1: 0.6311
> val_acc: 0.8027, val_f1: 0.6093
> val_acc: 0.8041, val_f1: 0.6105
> val_acc: 0.8068, val_f1: 0.6226
> val_acc: 0.8082, val_f1: 0.6260
> val_acc: 0.8109, val_f1: 0.6159
loss: 0.2516, acc: 0.9083
> val_acc: 0.8245, val_f1: 0.6138
> val_acc: 0.8327, val_f1: 0.6197
> val_acc: 0.8299, val_f1: 0.6034
> val_acc: 0.8299, val_f1: 0.6135
> val_acc: 0.8286, val_f1: 0.6128
> val_acc: 0.8259, val_f1: 0.6101
> val_acc: 0.8245, val_f1: 0.6068
> val_acc: 0.8272, val_f1: 0.6087
> val_acc: 0.8286, val_f1: 0.6093
> val_acc: 0.8286, val_f1: 0.6093
loss: 0.2491, acc: 0.9081
> val_acc: 0.8299, val_f1: 0.6111
> val_acc: 0.8299, val_f1: 0.5993
> val_acc: 0.8313, val_f1: 0.6008
> val_acc: 0.8354, val_f1: 0.6054
> val_acc: 0.8354, val_f1: 0.6071
> val_acc: 0.8354, val_f1: 0.6078
> val_acc: 0.8354, val_f1: 0.6078
> val_acc: 0.8299, val_f1: 0.6039
> val_acc: 0.8313, val_f1: 0.6177
> val_acc: 0.8286, val_f1: 0.6173
loss: 0.2463, acc: 0.9090
> val_acc: 0.8272, val_f1: 0.6155
> val_acc: 0.8245, val_f1: 0.6254
> val_acc: 0.8231, val_f1: 0.6365
> val_acc: 0.8218, val_f1: 0.6337
> val_acc: 0.8204, val_f1: 0.6319
> val_acc: 0.8163, val_f1: 0.6287
> val_acc: 0.8218, val_f1: 0.6298
> val_acc: 0.8286, val_f1: 0.6318
> val_acc: 0.8327, val_f1: 0.6284
> val_acc: 0.8395, val_f1: 0.6326
loss: 0.2569, acc: 0.9052
> val_acc: 0.8367, val_f1: 0.6378
> val_acc: 0.8354, val_f1: 0.6232
> val_acc: 0.8313, val_f1: 0.6186
> val_acc: 0.8259, val_f1: 0.6134
> val_acc: 0.8231, val_f1: 0.5990
> val_acc: 0.8150, val_f1: 0.5602
> val_acc: 0.8177, val_f1: 0.5518
> val_acc: 0.8204, val_f1: 0.5686
> val_acc: 0.8327, val_f1: 0.6039
> val_acc: 0.8367, val_f1: 0.6087
loss: 0.2579, acc: 0.9039
> val_acc: 0.8476, val_f1: 0.6223
> val_acc: 0.8490, val_f1: 0.6277
> val_acc: 0.8463, val_f1: 0.6276
> val_acc: 0.8381, val_f1: 0.6227
> val_acc: 0.8340, val_f1: 0.6204
> val_acc: 0.8354, val_f1: 0.6333
> val_acc: 0.8340, val_f1: 0.6213
> val_acc: 0.8395, val_f1: 0.6251
>>>>>>>>>>>>>>>>>>>>>>>>>>>>>>>>>>>>>>>>>>>>>>>>>>>>>>>>>>>>>>>>>>>>>>>>>>>>>>>>>>>>>>>>>>>>>>>>>>>>
epoch: 3
> val_acc: 0.8490, val_f1: 0.6319
> val_acc: 0.8544, val_f1: 0.6223
loss: 0.1286, acc: 0.9583
> val_acc: 0.8544, val_f1: 0.6214
> val_acc: 0.8449, val_f1: 0.6127
> val_acc: 0.8408, val_f1: 0.5938
> val_acc: 0.8435, val_f1: 0.5955
> val_acc: 0.8340, val_f1: 0.5721
> val_acc: 0.8272, val_f1: 0.5644
> val_acc: 0.8367, val_f1: 0.5755
> val_acc: 0.8381, val_f1: 0.5761
> val_acc: 0.8395, val_f1: 0.5909
> val_acc: 0.8422, val_f1: 0.5947
loss: 0.1398, acc: 0.9519
> val_acc: 0.8422, val_f1: 0.5943
> val_acc: 0.8422, val_f1: 0.5947
> val_acc: 0.8449, val_f1: 0.5976
> val_acc: 0.8490, val_f1: 0.6018
> val_acc: 0.8517, val_f1: 0.6046
> val_acc: 0.8531, val_f1: 0.6063
> val_acc: 0.8490, val_f1: 0.6036
> val_acc: 0.8503, val_f1: 0.6045
> val_acc: 0.8531, val_f1: 0.6079
> val_acc: 0.8517, val_f1: 0.6084
loss: 0.1383, acc: 0.9538
> val_acc: 0.8490, val_f1: 0.6199
> val_acc: 0.8422, val_f1: 0.6270
> val_acc: 0.8367, val_f1: 0.6231
> val_acc: 0.8381, val_f1: 0.6241
> val_acc: 0.8408, val_f1: 0.6260
> val_acc: 0.8381, val_f1: 0.6238
> val_acc: 0.8367, val_f1: 0.6231
> val_acc: 0.8340, val_f1: 0.6218
> val_acc: 0.8327, val_f1: 0.6089
> val_acc: 0.8313, val_f1: 0.6082
loss: 0.1373, acc: 0.9545
> val_acc: 0.8286, val_f1: 0.6069
> val_acc: 0.8313, val_f1: 0.6088
> val_acc: 0.8299, val_f1: 0.6073
> val_acc: 0.8313, val_f1: 0.6079
> val_acc: 0.8367, val_f1: 0.6225
> val_acc: 0.8367, val_f1: 0.6308
> val_acc: 0.8408, val_f1: 0.6565
> val_acc: 0.8381, val_f1: 0.6532
> val_acc: 0.8340, val_f1: 0.6466
> val_acc: 0.8381, val_f1: 0.6661
loss: 0.1435, acc: 0.9477
> val_acc: 0.8395, val_f1: 0.6774
> val_acc: 0.8395, val_f1: 0.6684
> val_acc: 0.8395, val_f1: 0.6609
> val_acc: 0.8381, val_f1: 0.6303
> val_acc: 0.8395, val_f1: 0.6107
> val_acc: 0.8367, val_f1: 0.6073
> val_acc: 0.8395, val_f1: 0.5990
> val_acc: 0.8408, val_f1: 0.6005
> val_acc: 0.8422, val_f1: 0.6147
> val_acc: 0.8449, val_f1: 0.6164
loss: 0.1641, acc: 0.9375
> val_acc: 0.8395, val_f1: 0.6125
> val_acc: 0.8408, val_f1: 0.6006
> val_acc: 0.8435, val_f1: 0.6029
> val_acc: 0.8476, val_f1: 0.6185
> val_acc: 0.8367, val_f1: 0.6102
> val_acc: 0.8340, val_f1: 0.6098
> val_acc: 0.8340, val_f1: 0.6103
> val_acc: 0.8340, val_f1: 0.6110
> val_acc: 0.8313, val_f1: 0.6088
> val_acc: 0.8272, val_f1: 0.6053
loss: 0.1724, acc: 0.9375
> val_acc: 0.8313, val_f1: 0.6082
> val_acc: 0.8299, val_f1: 0.5811
> val_acc: 0.8340, val_f1: 0.5831
> val_acc: 0.8395, val_f1: 0.5867
> val_acc: 0.8449, val_f1: 0.5900
> val_acc: 0.8463, val_f1: 0.5910
> val_acc: 0.8476, val_f1: 0.5923
> val_acc: 0.8463, val_f1: 0.5910
> val_acc: 0.8449, val_f1: 0.5898
> val_acc: 0.8435, val_f1: 0.5884
loss: 0.1787, acc: 0.9366
> val_acc: 0.8449, val_f1: 0.5901
> val_acc: 0.8476, val_f1: 0.6180
> val_acc: 0.8463, val_f1: 0.6296
> val_acc: 0.8449, val_f1: 0.6286
> val_acc: 0.8435, val_f1: 0.6276
> val_acc: 0.8435, val_f1: 0.6273
> val_acc: 0.8476, val_f1: 0.6281
> val_acc: 0.8517, val_f1: 0.6319
> val_acc: 0.8531, val_f1: 0.6345
> val_acc: 0.8531, val_f1: 0.6339
loss: 0.1804, acc: 0.9367
> val_acc: 0.8517, val_f1: 0.6304
> val_acc: 0.8517, val_f1: 0.6322
> val_acc: 0.8517, val_f1: 0.6325
> val_acc: 0.8531, val_f1: 0.6455
> val_acc: 0.8517, val_f1: 0.6445
> val_acc: 0.8517, val_f1: 0.6437
> val_acc: 0.8517, val_f1: 0.6441
> val_acc: 0.8503, val_f1: 0.6434
> val_acc: 0.8490, val_f1: 0.6420
> val_acc: 0.8503, val_f1: 0.6430
loss: 0.1862, acc: 0.9335
> val_acc: 0.8531, val_f1: 0.6462
> val_acc: 0.8490, val_f1: 0.6439
> val_acc: 0.8490, val_f1: 0.6442
> val_acc: 0.8449, val_f1: 0.6410
> val_acc: 0.8531, val_f1: 0.6465
> val_acc: 0.8558, val_f1: 0.6488
>> saved: state_dict/aagcn_bert_rest16_sen_val_acc_0.8558
> val_acc: 0.8558, val_f1: 0.6485
> val_acc: 0.8571, val_f1: 0.6498
>> saved: state_dict/aagcn_bert_rest16_sen_val_acc_0.8571
> val_acc: 0.8544, val_f1: 0.6364
> val_acc: 0.8476, val_f1: 0.6183
loss: 0.1871, acc: 0.9326
> val_acc: 0.8476, val_f1: 0.6186
> val_acc: 0.8490, val_f1: 0.6201
> val_acc: 0.8503, val_f1: 0.6214
> val_acc: 0.8517, val_f1: 0.6223
> val_acc: 0.8531, val_f1: 0.6236
> val_acc: 0.8517, val_f1: 0.6224
> val_acc: 0.8517, val_f1: 0.6221
> val_acc: 0.8612, val_f1: 0.6413
>> saved: state_dict/aagcn_bert_rest16_sen_val_acc_0.8612
> val_acc: 0.8558, val_f1: 0.6350
> val_acc: 0.8544, val_f1: 0.6334
loss: 0.1947, acc: 0.9309
> val_acc: 0.8503, val_f1: 0.6291
> val_acc: 0.8517, val_f1: 0.6305
> val_acc: 0.8531, val_f1: 0.6539
> val_acc: 0.8531, val_f1: 0.6527
> val_acc: 0.8503, val_f1: 0.6489
> val_acc: 0.8571, val_f1: 0.6837
> val_acc: 0.8558, val_f1: 0.6799
> val_acc: 0.8517, val_f1: 0.6740
> val_acc: 0.8490, val_f1: 0.6622
> val_acc: 0.8544, val_f1: 0.6735
loss: 0.1978, acc: 0.9299
> val_acc: 0.8531, val_f1: 0.6742
> val_acc: 0.8517, val_f1: 0.6644
> val_acc: 0.8544, val_f1: 0.6758
> val_acc: 0.8517, val_f1: 0.6635
> val_acc: 0.8517, val_f1: 0.6729
> val_acc: 0.8503, val_f1: 0.6719
> val_acc: 0.8503, val_f1: 0.6631
> val_acc: 0.8476, val_f1: 0.6545
> val_acc: 0.8476, val_f1: 0.6444
> val_acc: 0.8408, val_f1: 0.6266
loss: 0.2000, acc: 0.9276
> val_acc: 0.8435, val_f1: 0.6194
> val_acc: 0.8408, val_f1: 0.6192
> val_acc: 0.8476, val_f1: 0.6356
> val_acc: 0.8449, val_f1: 0.6323
> val_acc: 0.8503, val_f1: 0.6580
> val_acc: 0.8435, val_f1: 0.6626
> val_acc: 0.8408, val_f1: 0.6525
>>>>>>>>>>>>>>>>>>>>>>>>>>>>>>>>>>>>>>>>>>>>>>>>>>>>>>>>>>>>>>>>>>>>>>>>>>>>>>>>>>>>>>>>>>>>>>>>>>>>
epoch: 4
> val_acc: 0.8313, val_f1: 0.6447
> val_acc: 0.8259, val_f1: 0.6435
> val_acc: 0.8299, val_f1: 0.6572
loss: 0.2120, acc: 0.8906
> val_acc: 0.8286, val_f1: 0.6557
> val_acc: 0.8327, val_f1: 0.6471
> val_acc: 0.8395, val_f1: 0.6417
> val_acc: 0.8463, val_f1: 0.6370
> val_acc: 0.8517, val_f1: 0.6311
> val_acc: 0.8612, val_f1: 0.6290
> val_acc: 0.8599, val_f1: 0.6282
> val_acc: 0.8626, val_f1: 0.6305
>> saved: state_dict/aagcn_bert_rest16_sen_val_acc_0.8626
> val_acc: 0.8585, val_f1: 0.6263
> val_acc: 0.8531, val_f1: 0.5952
loss: 0.1700, acc: 0.9241
> val_acc: 0.8503, val_f1: 0.5929
> val_acc: 0.8503, val_f1: 0.5929
> val_acc: 0.8531, val_f1: 0.6202
> val_acc: 0.8544, val_f1: 0.6211
> val_acc: 0.8585, val_f1: 0.6263
> val_acc: 0.8544, val_f1: 0.6226
> val_acc: 0.8531, val_f1: 0.6202
> val_acc: 0.8517, val_f1: 0.6192
> val_acc: 0.8544, val_f1: 0.6324
> val_acc: 0.8544, val_f1: 0.6327
loss: 0.1576, acc: 0.9271
> val_acc: 0.8558, val_f1: 0.6451
> val_acc: 0.8558, val_f1: 0.6451
> val_acc: 0.8544, val_f1: 0.6327
> val_acc: 0.8544, val_f1: 0.6338
> val_acc: 0.8531, val_f1: 0.6219
> val_acc: 0.8544, val_f1: 0.6229
> val_acc: 0.8599, val_f1: 0.6269
> val_acc: 0.8599, val_f1: 0.6269
> val_acc: 0.8599, val_f1: 0.6272
> val_acc: 0.8612, val_f1: 0.6285
loss: 0.1389, acc: 0.9393
> val_acc: 0.8612, val_f1: 0.6285
> val_acc: 0.8626, val_f1: 0.6295
> val_acc: 0.8639, val_f1: 0.6300
>> saved: state_dict/aagcn_bert_rest16_sen_val_acc_0.8639
> val_acc: 0.8612, val_f1: 0.6273
> val_acc: 0.8626, val_f1: 0.6287
> val_acc: 0.8626, val_f1: 0.6287
> val_acc: 0.8626, val_f1: 0.6287
> val_acc: 0.8626, val_f1: 0.6287
> val_acc: 0.8626, val_f1: 0.6287
> val_acc: 0.8639, val_f1: 0.6300
loss: 0.1293, acc: 0.9432
> val_acc: 0.8667, val_f1: 0.6323
>> saved: state_dict/aagcn_bert_rest16_sen_val_acc_0.8667
> val_acc: 0.8667, val_f1: 0.6326
> val_acc: 0.8667, val_f1: 0.6326
> val_acc: 0.8667, val_f1: 0.6326
> val_acc: 0.8680, val_f1: 0.6336
>> saved: state_dict/aagcn_bert_rest16_sen_val_acc_0.868
> val_acc: 0.8667, val_f1: 0.6327
> val_acc: 0.8667, val_f1: 0.6324
> val_acc: 0.8680, val_f1: 0.6337
> val_acc: 0.8653, val_f1: 0.6317
> val_acc: 0.8653, val_f1: 0.6185
loss: 0.1311, acc: 0.9433
> val_acc: 0.8599, val_f1: 0.6121
> val_acc: 0.8599, val_f1: 0.6118
> val_acc: 0.8585, val_f1: 0.6104
> val_acc: 0.8585, val_f1: 0.6102
> val_acc: 0.8626, val_f1: 0.6151
> val_acc: 0.8667, val_f1: 0.6306
> val_acc: 0.8599, val_f1: 0.6254
> val_acc: 0.8585, val_f1: 0.6246
> val_acc: 0.8544, val_f1: 0.6342
> val_acc: 0.8422, val_f1: 0.6354
loss: 0.1323, acc: 0.9443
> val_acc: 0.8327, val_f1: 0.6406
> val_acc: 0.8313, val_f1: 0.6411
> val_acc: 0.8163, val_f1: 0.6309
> val_acc: 0.8054, val_f1: 0.6237
> val_acc: 0.7864, val_f1: 0.6108
> val_acc: 0.7959, val_f1: 0.6166
> val_acc: 0.8082, val_f1: 0.6360
> val_acc: 0.8190, val_f1: 0.6327
> val_acc: 0.8245, val_f1: 0.6334
> val_acc: 0.8299, val_f1: 0.6382
loss: 0.1405, acc: 0.9417
> val_acc: 0.8503, val_f1: 0.6654
> val_acc: 0.8476, val_f1: 0.6400
> val_acc: 0.8503, val_f1: 0.6263
> val_acc: 0.8408, val_f1: 0.6148
> val_acc: 0.8422, val_f1: 0.6048
> val_acc: 0.8408, val_f1: 0.6047
> val_acc: 0.8435, val_f1: 0.6072
> val_acc: 0.8435, val_f1: 0.6072
> val_acc: 0.8476, val_f1: 0.6106
> val_acc: 0.8476, val_f1: 0.6130
loss: 0.1481, acc: 0.9405
> val_acc: 0.8517, val_f1: 0.6176
> val_acc: 0.8490, val_f1: 0.6162
> val_acc: 0.8531, val_f1: 0.6198
> val_acc: 0.8517, val_f1: 0.6312
> val_acc: 0.8435, val_f1: 0.6377
> val_acc: 0.8354, val_f1: 0.6321
> val_acc: 0.8367, val_f1: 0.6334
> val_acc: 0.8381, val_f1: 0.6364
> val_acc: 0.8395, val_f1: 0.6377
> val_acc: 0.8367, val_f1: 0.6347
loss: 0.1545, acc: 0.9375
> val_acc: 0.8327, val_f1: 0.6432
> val_acc: 0.8367, val_f1: 0.6347
> val_acc: 0.8395, val_f1: 0.6366
> val_acc: 0.8367, val_f1: 0.6414
> val_acc: 0.8395, val_f1: 0.6406
> val_acc: 0.8422, val_f1: 0.6623
> val_acc: 0.8449, val_f1: 0.6871
> val_acc: 0.8490, val_f1: 0.7130
> val_acc: 0.8490, val_f1: 0.7158
> val_acc: 0.8408, val_f1: 0.6956
loss: 0.1592, acc: 0.9381
> val_acc: 0.8408, val_f1: 0.6915
> val_acc: 0.8367, val_f1: 0.6853
> val_acc: 0.8340, val_f1: 0.6818
> val_acc: 0.8381, val_f1: 0.6890
> val_acc: 0.8354, val_f1: 0.6885
> val_acc: 0.8463, val_f1: 0.7066
> val_acc: 0.8503, val_f1: 0.7138
> val_acc: 0.8531, val_f1: 0.7120
> val_acc: 0.8490, val_f1: 0.6845
> val_acc: 0.8476, val_f1: 0.6598
loss: 0.1601, acc: 0.9375
> val_acc: 0.8490, val_f1: 0.6545
> val_acc: 0.8435, val_f1: 0.6394
> val_acc: 0.8422, val_f1: 0.6390
> val_acc: 0.8408, val_f1: 0.6377
> val_acc: 0.8381, val_f1: 0.6241
> val_acc: 0.8340, val_f1: 0.6213
> val_acc: 0.8354, val_f1: 0.6225
> val_acc: 0.8381, val_f1: 0.6121
> val_acc: 0.8408, val_f1: 0.6263
> val_acc: 0.8435, val_f1: 0.6394
loss: 0.1746, acc: 0.9304
> val_acc: 0.8463, val_f1: 0.6413
> val_acc: 0.8490, val_f1: 0.6430
> val_acc: 0.8490, val_f1: 0.6427
> val_acc: 0.8503, val_f1: 0.6437
> val_acc: 0.8490, val_f1: 0.6417
> val_acc: 0.8476, val_f1: 0.6404
> val_acc: 0.8531, val_f1: 0.6560
> val_acc: 0.8503, val_f1: 0.6501
> val_acc: 0.8490, val_f1: 0.6487
> val_acc: 0.8476, val_f1: 0.6484
loss: 0.1736, acc: 0.9314
> val_acc: 0.8449, val_f1: 0.6468
> val_acc: 0.8435, val_f1: 0.6458
> val_acc: 0.8449, val_f1: 0.6575
> val_acc: 0.8449, val_f1: 0.6575
> val_acc: 0.8435, val_f1: 0.6664
> val_acc: 0.8449, val_f1: 0.6757
>>>>>>>>>>>>>>>>>>>>>>>>>>>>>>>>>>>>>>>>>>>>>>>>>>>>>>>>>>>>>>>>>>>>>>>>>>>>>>>>>>>>>>>>>>>>>>>>>>>>
epoch: 5
> val_acc: 0.8503, val_f1: 0.6984
> val_acc: 0.8517, val_f1: 0.7042
> val_acc: 0.8435, val_f1: 0.6993
> val_acc: 0.8435, val_f1: 0.6880
loss: 0.1740, acc: 0.9500
> val_acc: 0.8422, val_f1: 0.6855
> val_acc: 0.8435, val_f1: 0.6865
> val_acc: 0.8490, val_f1: 0.6990
> val_acc: 0.8463, val_f1: 0.6933
> val_acc: 0.8408, val_f1: 0.6819
> val_acc: 0.8395, val_f1: 0.6803
> val_acc: 0.8395, val_f1: 0.6857
> val_acc: 0.8395, val_f1: 0.6866
> val_acc: 0.8422, val_f1: 0.6839
> val_acc: 0.8490, val_f1: 0.6908
loss: 0.1624, acc: 0.9458
> val_acc: 0.8517, val_f1: 0.6946
> val_acc: 0.8503, val_f1: 0.6858
> val_acc: 0.8503, val_f1: 0.6858
> val_acc: 0.8517, val_f1: 0.6890
> val_acc: 0.8517, val_f1: 0.6894
> val_acc: 0.8463, val_f1: 0.6771
> val_acc: 0.8449, val_f1: 0.6761
> val_acc: 0.8463, val_f1: 0.6775
> val_acc: 0.8476, val_f1: 0.6554
> val_acc: 0.8476, val_f1: 0.6669
loss: 0.1532, acc: 0.9425
> val_acc: 0.8490, val_f1: 0.6589
> val_acc: 0.8476, val_f1: 0.6579
> val_acc: 0.8503, val_f1: 0.6602
> val_acc: 0.8490, val_f1: 0.6601
> val_acc: 0.8531, val_f1: 0.6674
> val_acc: 0.8544, val_f1: 0.6685
> val_acc: 0.8599, val_f1: 0.6726
> val_acc: 0.8585, val_f1: 0.6610
> val_acc: 0.8612, val_f1: 0.6639
> val_acc: 0.8585, val_f1: 0.6612
loss: 0.1416, acc: 0.9500
> val_acc: 0.8571, val_f1: 0.6599
> val_acc: 0.8544, val_f1: 0.6565
> val_acc: 0.8449, val_f1: 0.6120
> val_acc: 0.8408, val_f1: 0.6077
> val_acc: 0.8381, val_f1: 0.6048
> val_acc: 0.8354, val_f1: 0.5895
> val_acc: 0.8435, val_f1: 0.5978
> val_acc: 0.8490, val_f1: 0.6176
> val_acc: 0.8544, val_f1: 0.6226
> val_acc: 0.8571, val_f1: 0.6251
loss: 0.1351, acc: 0.9500
> val_acc: 0.8517, val_f1: 0.6336
> val_acc: 0.8449, val_f1: 0.6286
> val_acc: 0.8395, val_f1: 0.6238
> val_acc: 0.8381, val_f1: 0.6356
> val_acc: 0.8381, val_f1: 0.6479
> val_acc: 0.8272, val_f1: 0.6381
> val_acc: 0.8231, val_f1: 0.6353
> val_acc: 0.8272, val_f1: 0.6365
> val_acc: 0.8340, val_f1: 0.6517
> val_acc: 0.8435, val_f1: 0.6585
loss: 0.1385, acc: 0.9489
> val_acc: 0.8449, val_f1: 0.6491
> val_acc: 0.8531, val_f1: 0.6657
> val_acc: 0.8517, val_f1: 0.6539
> val_acc: 0.8585, val_f1: 0.6610
> val_acc: 0.8544, val_f1: 0.6681
> val_acc: 0.8490, val_f1: 0.6594
> val_acc: 0.8490, val_f1: 0.6675
> val_acc: 0.8476, val_f1: 0.6562
> val_acc: 0.8517, val_f1: 0.6524
> val_acc: 0.8544, val_f1: 0.6576
loss: 0.1413, acc: 0.9452
> val_acc: 0.8517, val_f1: 0.6460
> val_acc: 0.8503, val_f1: 0.6548
> val_acc: 0.8476, val_f1: 0.6513
> val_acc: 0.8435, val_f1: 0.6484
> val_acc: 0.8449, val_f1: 0.6391
> val_acc: 0.8463, val_f1: 0.6512
> val_acc: 0.8449, val_f1: 0.6503
> val_acc: 0.8449, val_f1: 0.6503
> val_acc: 0.8449, val_f1: 0.6506
> val_acc: 0.8435, val_f1: 0.6499
loss: 0.1382, acc: 0.9467
> val_acc: 0.8422, val_f1: 0.6375
> val_acc: 0.8449, val_f1: 0.6408
> val_acc: 0.8435, val_f1: 0.6379
> val_acc: 0.8435, val_f1: 0.6487
> val_acc: 0.8490, val_f1: 0.6415
> val_acc: 0.8503, val_f1: 0.6428
> val_acc: 0.8422, val_f1: 0.6334
> val_acc: 0.8449, val_f1: 0.6359
> val_acc: 0.8490, val_f1: 0.6281
> val_acc: 0.8517, val_f1: 0.6301
loss: 0.1404, acc: 0.9471
> val_acc: 0.8503, val_f1: 0.6161
> val_acc: 0.8449, val_f1: 0.6085
> val_acc: 0.8463, val_f1: 0.6092
> val_acc: 0.8422, val_f1: 0.6064
> val_acc: 0.8408, val_f1: 0.6169
> val_acc: 0.8503, val_f1: 0.6271
> val_acc: 0.8517, val_f1: 0.6292
> val_acc: 0.8517, val_f1: 0.6402
> val_acc: 0.8435, val_f1: 0.6344
> val_acc: 0.8476, val_f1: 0.6489
loss: 0.1381, acc: 0.9487
> val_acc: 0.8476, val_f1: 0.6692
> val_acc: 0.8503, val_f1: 0.6883
> val_acc: 0.8490, val_f1: 0.6842
> val_acc: 0.8503, val_f1: 0.7023
> val_acc: 0.8463, val_f1: 0.6979
> val_acc: 0.8463, val_f1: 0.6982
> val_acc: 0.8490, val_f1: 0.7048
> val_acc: 0.8449, val_f1: 0.6846
> val_acc: 0.8449, val_f1: 0.6846
> val_acc: 0.8422, val_f1: 0.6736
loss: 0.1362, acc: 0.9488
> val_acc: 0.8422, val_f1: 0.6736
> val_acc: 0.8408, val_f1: 0.6645
> val_acc: 0.8408, val_f1: 0.6645
> val_acc: 0.8395, val_f1: 0.6552
> val_acc: 0.8367, val_f1: 0.6431
> val_acc: 0.8327, val_f1: 0.6291
> val_acc: 0.8367, val_f1: 0.6334
> val_acc: 0.8408, val_f1: 0.6258
> val_acc: 0.8435, val_f1: 0.6268
> val_acc: 0.8476, val_f1: 0.6294
loss: 0.1356, acc: 0.9484
> val_acc: 0.8503, val_f1: 0.6190
> val_acc: 0.8531, val_f1: 0.6210
> val_acc: 0.8531, val_f1: 0.6210
> val_acc: 0.8490, val_f1: 0.6180
> val_acc: 0.8517, val_f1: 0.6215
> val_acc: 0.8517, val_f1: 0.6215
> val_acc: 0.8544, val_f1: 0.6360
> val_acc: 0.8517, val_f1: 0.6335
> val_acc: 0.8503, val_f1: 0.6307
> val_acc: 0.8544, val_f1: 0.6458
loss: 0.1410, acc: 0.9470
> val_acc: 0.8571, val_f1: 0.6586
> val_acc: 0.8599, val_f1: 0.6588
> val_acc: 0.8571, val_f1: 0.6552
> val_acc: 0.8517, val_f1: 0.6685
> val_acc: 0.8490, val_f1: 0.6718
> val_acc: 0.8490, val_f1: 0.6866
> val_acc: 0.8531, val_f1: 0.6908
> val_acc: 0.8585, val_f1: 0.6952
> val_acc: 0.8571, val_f1: 0.6829
> val_acc: 0.8490, val_f1: 0.6692
loss: 0.1455, acc: 0.9463
> val_acc: 0.8517, val_f1: 0.6730
> val_acc: 0.8544, val_f1: 0.6841
> val_acc: 0.8503, val_f1: 0.6814
> val_acc: 0.8463, val_f1: 0.6736
> val_acc: 0.8395, val_f1: 0.6720
>>>>>>>>>>>>>>>>>>>>>>>>>>>>>>>>>>>>>>>>>>>>>>>>>>>>>>>>>>>>>>>>>>>>>>>>>>>>>>>>>>>>>>>>>>>>>>>>>>>>
epoch: 6
> val_acc: 0.8463, val_f1: 0.6784
> val_acc: 0.8517, val_f1: 0.6874
> val_acc: 0.8531, val_f1: 0.6878
> val_acc: 0.8531, val_f1: 0.6799
> val_acc: 0.8585, val_f1: 0.6891
loss: 0.1308, acc: 0.9583
> val_acc: 0.8599, val_f1: 0.6799
> val_acc: 0.8571, val_f1: 0.6676
> val_acc: 0.8531, val_f1: 0.6549
> val_acc: 0.8544, val_f1: 0.6581
> val_acc: 0.8544, val_f1: 0.6466
> val_acc: 0.8544, val_f1: 0.6581
> val_acc: 0.8544, val_f1: 0.6585
> val_acc: 0.8531, val_f1: 0.6552
> val_acc: 0.8531, val_f1: 0.6552
> val_acc: 0.8517, val_f1: 0.6537
loss: 0.1211, acc: 0.9531
> val_acc: 0.8544, val_f1: 0.6664
> val_acc: 0.8599, val_f1: 0.6994
> val_acc: 0.8612, val_f1: 0.7077
> val_acc: 0.8585, val_f1: 0.7054
> val_acc: 0.8571, val_f1: 0.7041
> val_acc: 0.8571, val_f1: 0.7043
> val_acc: 0.8531, val_f1: 0.6996
> val_acc: 0.8517, val_f1: 0.7056
> val_acc: 0.8503, val_f1: 0.7023
> val_acc: 0.8490, val_f1: 0.7070
loss: 0.1006, acc: 0.9615
> val_acc: 0.8490, val_f1: 0.7141
> val_acc: 0.8517, val_f1: 0.7084
> val_acc: 0.8531, val_f1: 0.7097
> val_acc: 0.8531, val_f1: 0.7118
> val_acc: 0.8558, val_f1: 0.7199
> val_acc: 0.8571, val_f1: 0.7145
> val_acc: 0.8585, val_f1: 0.7158
> val_acc: 0.8599, val_f1: 0.7171
> val_acc: 0.8571, val_f1: 0.7062
> val_acc: 0.8558, val_f1: 0.7052
loss: 0.0960, acc: 0.9601
> val_acc: 0.8544, val_f1: 0.7042
> val_acc: 0.8558, val_f1: 0.7141
> val_acc: 0.8612, val_f1: 0.7266
> val_acc: 0.8599, val_f1: 0.7253
> val_acc: 0.8612, val_f1: 0.7269
> val_acc: 0.8517, val_f1: 0.7158
> val_acc: 0.8490, val_f1: 0.7144
> val_acc: 0.8408, val_f1: 0.7041
> val_acc: 0.8381, val_f1: 0.7044
> val_acc: 0.8463, val_f1: 0.7033
loss: 0.0954, acc: 0.9620
> val_acc: 0.8476, val_f1: 0.6993
> val_acc: 0.8490, val_f1: 0.7007
> val_acc: 0.8531, val_f1: 0.7056
> val_acc: 0.8585, val_f1: 0.7048
> val_acc: 0.8517, val_f1: 0.6621
> val_acc: 0.8476, val_f1: 0.6583
> val_acc: 0.8449, val_f1: 0.6230
> val_acc: 0.8476, val_f1: 0.6258
> val_acc: 0.8503, val_f1: 0.6293
> val_acc: 0.8490, val_f1: 0.6294
loss: 0.0980, acc: 0.9598
> val_acc: 0.8463, val_f1: 0.6147
> val_acc: 0.8476, val_f1: 0.6150
> val_acc: 0.8463, val_f1: 0.6154
> val_acc: 0.8422, val_f1: 0.6134
> val_acc: 0.8422, val_f1: 0.6138
> val_acc: 0.8449, val_f1: 0.6169
> val_acc: 0.8435, val_f1: 0.6169
> val_acc: 0.8463, val_f1: 0.6194
> val_acc: 0.8435, val_f1: 0.6294
> val_acc: 0.8435, val_f1: 0.6412
loss: 0.1088, acc: 0.9574
> val_acc: 0.8463, val_f1: 0.6316
> val_acc: 0.8476, val_f1: 0.6323
> val_acc: 0.8435, val_f1: 0.6297
> val_acc: 0.8327, val_f1: 0.6339
> val_acc: 0.8299, val_f1: 0.6321
> val_acc: 0.8313, val_f1: 0.6341
> val_acc: 0.8299, val_f1: 0.6329
> val_acc: 0.8286, val_f1: 0.6317
> val_acc: 0.8327, val_f1: 0.6345
> val_acc: 0.8327, val_f1: 0.6414
loss: 0.1159, acc: 0.9548
> val_acc: 0.8503, val_f1: 0.6441
> val_acc: 0.8408, val_f1: 0.6321
> val_acc: 0.8449, val_f1: 0.6325
> val_acc: 0.8476, val_f1: 0.6343
> val_acc: 0.8408, val_f1: 0.6046
> val_acc: 0.8395, val_f1: 0.6015
> val_acc: 0.8327, val_f1: 0.6050
> val_acc: 0.8367, val_f1: 0.5992
> val_acc: 0.8422, val_f1: 0.6057
> val_acc: 0.8422, val_f1: 0.6184
loss: 0.1254, acc: 0.9535
> val_acc: 0.8395, val_f1: 0.6277
> val_acc: 0.8517, val_f1: 0.6426
> val_acc: 0.8340, val_f1: 0.6299
> val_acc: 0.8286, val_f1: 0.6283
> val_acc: 0.8218, val_f1: 0.6464
> val_acc: 0.8027, val_f1: 0.6315
> val_acc: 0.7973, val_f1: 0.6264
> val_acc: 0.8014, val_f1: 0.6306
> val_acc: 0.8163, val_f1: 0.6297
> val_acc: 0.8259, val_f1: 0.6371
loss: 0.1293, acc: 0.9538
> val_acc: 0.8408, val_f1: 0.6387
> val_acc: 0.8449, val_f1: 0.6413
> val_acc: 0.8490, val_f1: 0.6436
> val_acc: 0.8449, val_f1: 0.6390
> val_acc: 0.8490, val_f1: 0.6300
> val_acc: 0.8449, val_f1: 0.6252
> val_acc: 0.8463, val_f1: 0.6229
> val_acc: 0.8408, val_f1: 0.6181
> val_acc: 0.8449, val_f1: 0.6192
> val_acc: 0.8367, val_f1: 0.6202
loss: 0.1367, acc: 0.9505
> val_acc: 0.8354, val_f1: 0.6185
> val_acc: 0.8340, val_f1: 0.6245
> val_acc: 0.8408, val_f1: 0.6413
> val_acc: 0.8435, val_f1: 0.6455
> val_acc: 0.8422, val_f1: 0.6448
> val_acc: 0.8354, val_f1: 0.6312
> val_acc: 0.8422, val_f1: 0.6299
> val_acc: 0.8422, val_f1: 0.6350
> val_acc: 0.8354, val_f1: 0.6311
> val_acc: 0.8327, val_f1: 0.6306
loss: 0.1397, acc: 0.9488
> val_acc: 0.8299, val_f1: 0.6171
> val_acc: 0.8299, val_f1: 0.6171
> val_acc: 0.8299, val_f1: 0.6168
> val_acc: 0.8340, val_f1: 0.6075
> val_acc: 0.8422, val_f1: 0.6141
> val_acc: 0.8449, val_f1: 0.6157
> val_acc: 0.8422, val_f1: 0.6124
> val_acc: 0.8395, val_f1: 0.6090
> val_acc: 0.8395, val_f1: 0.5958
> val_acc: 0.8381, val_f1: 0.5937
loss: 0.1398, acc: 0.9489
> val_acc: 0.8463, val_f1: 0.5990
> val_acc: 0.8422, val_f1: 0.5943
> val_acc: 0.8381, val_f1: 0.5903
> val_acc: 0.8354, val_f1: 0.5864
> val_acc: 0.8340, val_f1: 0.5862
> val_acc: 0.8340, val_f1: 0.5871
> val_acc: 0.8422, val_f1: 0.6079
> val_acc: 0.8449, val_f1: 0.6108
> val_acc: 0.8503, val_f1: 0.6177
> val_acc: 0.8449, val_f1: 0.6157
loss: 0.1469, acc: 0.9476
> val_acc: 0.8463, val_f1: 0.6155
> val_acc: 0.8408, val_f1: 0.6346
> val_acc: 0.8381, val_f1: 0.6303
> val_acc: 0.8395, val_f1: 0.6606
>>>>>>>>>>>>>>>>>>>>>>>>>>>>>>>>>>>>>>>>>>>>>>>>>>>>>>>>>>>>>>>>>>>>>>>>>>>>>>>>>>>>>>>>>>>>>>>>>>>>
epoch: 7
> val_acc: 0.8435, val_f1: 0.6820
> val_acc: 0.8449, val_f1: 0.6875
> val_acc: 0.8463, val_f1: 0.6908
> val_acc: 0.8544, val_f1: 0.7091
> val_acc: 0.8517, val_f1: 0.6998
> val_acc: 0.8544, val_f1: 0.7034
loss: 0.1223, acc: 0.9821
> val_acc: 0.8531, val_f1: 0.7020
> val_acc: 0.8571, val_f1: 0.7058
> val_acc: 0.8599, val_f1: 0.7085
> val_acc: 0.8571, val_f1: 0.6993
> val_acc: 0.8544, val_f1: 0.6812
> val_acc: 0.8531, val_f1: 0.6829
> val_acc: 0.8585, val_f1: 0.6931
> val_acc: 0.8571, val_f1: 0.6763
> val_acc: 0.8558, val_f1: 0.6651
> val_acc: 0.8558, val_f1: 0.6546
loss: 0.1004, acc: 0.9706
> val_acc: 0.8585, val_f1: 0.6602
> val_acc: 0.8558, val_f1: 0.6582
> val_acc: 0.8571, val_f1: 0.6595
> val_acc: 0.8612, val_f1: 0.6834
> val_acc: 0.8585, val_f1: 0.6811
> val_acc: 0.8558, val_f1: 0.6779
> val_acc: 0.8544, val_f1: 0.6827
> val_acc: 0.8531, val_f1: 0.6884
> val_acc: 0.8517, val_f1: 0.6871
> val_acc: 0.8599, val_f1: 0.6928
loss: 0.1185, acc: 0.9560
> val_acc: 0.8585, val_f1: 0.7072
> val_acc: 0.8517, val_f1: 0.6876
> val_acc: 0.8422, val_f1: 0.6788
> val_acc: 0.8435, val_f1: 0.6761
> val_acc: 0.8395, val_f1: 0.6670
> val_acc: 0.8449, val_f1: 0.6741
> val_acc: 0.8408, val_f1: 0.6630
> val_acc: 0.8449, val_f1: 0.6675
> val_acc: 0.8503, val_f1: 0.6794
> val_acc: 0.8503, val_f1: 0.6812
loss: 0.1324, acc: 0.9476
> val_acc: 0.8517, val_f1: 0.6668
> val_acc: 0.8531, val_f1: 0.6692
> val_acc: 0.8503, val_f1: 0.6672
> val_acc: 0.8531, val_f1: 0.6602
> val_acc: 0.8531, val_f1: 0.6605
> val_acc: 0.8531, val_f1: 0.6492
> val_acc: 0.8558, val_f1: 0.6524
> val_acc: 0.8531, val_f1: 0.6492
> val_acc: 0.8517, val_f1: 0.6566
> val_acc: 0.8517, val_f1: 0.6573
loss: 0.1228, acc: 0.9495
> val_acc: 0.8531, val_f1: 0.6580
> val_acc: 0.8544, val_f1: 0.6612
> val_acc: 0.8544, val_f1: 0.6519
> val_acc: 0.8558, val_f1: 0.6526
> val_acc: 0.8558, val_f1: 0.6523
> val_acc: 0.8544, val_f1: 0.6509
> val_acc: 0.8517, val_f1: 0.6486
> val_acc: 0.8531, val_f1: 0.6496
> val_acc: 0.8531, val_f1: 0.6500
> val_acc: 0.8503, val_f1: 0.6463
loss: 0.1245, acc: 0.9485
> val_acc: 0.8503, val_f1: 0.6554
> val_acc: 0.8517, val_f1: 0.6554
> val_acc: 0.8571, val_f1: 0.6698
> val_acc: 0.8571, val_f1: 0.6702
> val_acc: 0.8558, val_f1: 0.6710
> val_acc: 0.8531, val_f1: 0.6689
> val_acc: 0.8531, val_f1: 0.6689
> val_acc: 0.8503, val_f1: 0.6668
> val_acc: 0.8476, val_f1: 0.6455
> val_acc: 0.8463, val_f1: 0.6456
loss: 0.1297, acc: 0.9487
> val_acc: 0.8463, val_f1: 0.6475
> val_acc: 0.8435, val_f1: 0.6478
> val_acc: 0.8340, val_f1: 0.6305
> val_acc: 0.8367, val_f1: 0.6345
> val_acc: 0.8381, val_f1: 0.6349
> val_acc: 0.8381, val_f1: 0.6343
> val_acc: 0.8435, val_f1: 0.6379
> val_acc: 0.8476, val_f1: 0.6513
> val_acc: 0.8463, val_f1: 0.6479
> val_acc: 0.8449, val_f1: 0.6459
loss: 0.1335, acc: 0.9481
> val_acc: 0.8463, val_f1: 0.6533
> val_acc: 0.8503, val_f1: 0.6649
> val_acc: 0.8517, val_f1: 0.6645
> val_acc: 0.8558, val_f1: 0.6757
> val_acc: 0.8571, val_f1: 0.6831
> val_acc: 0.8531, val_f1: 0.6773
> val_acc: 0.8558, val_f1: 0.6814
> val_acc: 0.8558, val_f1: 0.6814
> val_acc: 0.8571, val_f1: 0.6844
> val_acc: 0.8558, val_f1: 0.6772
loss: 0.1287, acc: 0.9511
> val_acc: 0.8517, val_f1: 0.6732
> val_acc: 0.8463, val_f1: 0.6605
> val_acc: 0.8490, val_f1: 0.6733
> val_acc: 0.8503, val_f1: 0.6730
> val_acc: 0.8503, val_f1: 0.6736
> val_acc: 0.8503, val_f1: 0.6669
> val_acc: 0.8490, val_f1: 0.6564
> val_acc: 0.8476, val_f1: 0.6354
> val_acc: 0.8544, val_f1: 0.6405
> val_acc: 0.8517, val_f1: 0.6382
loss: 0.1221, acc: 0.9536
> val_acc: 0.8531, val_f1: 0.6396
> val_acc: 0.8517, val_f1: 0.6394
> val_acc: 0.8517, val_f1: 0.6400
> val_acc: 0.8531, val_f1: 0.6410
> val_acc: 0.8544, val_f1: 0.6437
> val_acc: 0.8531, val_f1: 0.6436
> val_acc: 0.8449, val_f1: 0.6376
> val_acc: 0.8490, val_f1: 0.6411
> val_acc: 0.8435, val_f1: 0.6398
> val_acc: 0.8381, val_f1: 0.6363
loss: 0.1219, acc: 0.9527
> val_acc: 0.8327, val_f1: 0.6409
> val_acc: 0.8190, val_f1: 0.6489
> val_acc: 0.8150, val_f1: 0.6461
> val_acc: 0.8231, val_f1: 0.6517
> val_acc: 0.8340, val_f1: 0.6385
> val_acc: 0.8408, val_f1: 0.6416
> val_acc: 0.8503, val_f1: 0.6505
> val_acc: 0.8558, val_f1: 0.6552
> val_acc: 0.8585, val_f1: 0.6584
> val_acc: 0.8571, val_f1: 0.6441
loss: 0.1246, acc: 0.9514
> val_acc: 0.8531, val_f1: 0.6400
> val_acc: 0.8476, val_f1: 0.6343
> val_acc: 0.8476, val_f1: 0.6242
> val_acc: 0.8490, val_f1: 0.6257
> val_acc: 0.8544, val_f1: 0.6319
> val_acc: 0.8585, val_f1: 0.6359
> val_acc: 0.8612, val_f1: 0.6397
> val_acc: 0.8585, val_f1: 0.6260
> val_acc: 0.8558, val_f1: 0.6114
> val_acc: 0.8490, val_f1: 0.6070
loss: 0.1233, acc: 0.9528
> val_acc: 0.8367, val_f1: 0.5983
> val_acc: 0.8327, val_f1: 0.5952
> val_acc: 0.8286, val_f1: 0.5918
> val_acc: 0.8299, val_f1: 0.5930
> val_acc: 0.8313, val_f1: 0.5940
> val_acc: 0.8354, val_f1: 0.5968
> val_acc: 0.8367, val_f1: 0.5980
> val_acc: 0.8381, val_f1: 0.6124
> val_acc: 0.8463, val_f1: 0.6179
> val_acc: 0.8531, val_f1: 0.6228
loss: 0.1211, acc: 0.9512
> val_acc: 0.8558, val_f1: 0.6120
> val_acc: 0.8558, val_f1: 0.6354
> val_acc: 0.8571, val_f1: 0.6244
>>>>>>>>>>>>>>>>>>>>>>>>>>>>>>>>>>>>>>>>>>>>>>>>>>>>>>>>>>>>>>>>>>>>>>>>>>>>>>>>>>>>>>>>>>>>>>>>>>>>
epoch: 8
> val_acc: 0.8612, val_f1: 0.6271
> val_acc: 0.8585, val_f1: 0.6366
> val_acc: 0.8585, val_f1: 0.6366
> val_acc: 0.8571, val_f1: 0.6348
> val_acc: 0.8571, val_f1: 0.6348
> val_acc: 0.8531, val_f1: 0.6278
> val_acc: 0.8558, val_f1: 0.6405
loss: 0.0872, acc: 0.9609
> val_acc: 0.8571, val_f1: 0.6415
> val_acc: 0.8544, val_f1: 0.6374
> val_acc: 0.8476, val_f1: 0.6293
> val_acc: 0.8476, val_f1: 0.6284
> val_acc: 0.8476, val_f1: 0.6379
> val_acc: 0.8476, val_f1: 0.6379
> val_acc: 0.8476, val_f1: 0.6366
> val_acc: 0.8476, val_f1: 0.6461
> val_acc: 0.8476, val_f1: 0.6536
> val_acc: 0.8476, val_f1: 0.6525
loss: 0.0835, acc: 0.9653
> val_acc: 0.8490, val_f1: 0.6471
> val_acc: 0.8463, val_f1: 0.6482
> val_acc: 0.8490, val_f1: 0.6525
> val_acc: 0.8503, val_f1: 0.6551
> val_acc: 0.8531, val_f1: 0.6590
> val_acc: 0.8517, val_f1: 0.6593
> val_acc: 0.8517, val_f1: 0.6592
> val_acc: 0.8531, val_f1: 0.6432
> val_acc: 0.8517, val_f1: 0.6425
> val_acc: 0.8517, val_f1: 0.6426
loss: 0.0926, acc: 0.9621
> val_acc: 0.8558, val_f1: 0.6457
> val_acc: 0.8558, val_f1: 0.6346
> val_acc: 0.8571, val_f1: 0.6360
> val_acc: 0.8585, val_f1: 0.6382
> val_acc: 0.8571, val_f1: 0.6371
> val_acc: 0.8544, val_f1: 0.6344
> val_acc: 0.8558, val_f1: 0.6361
> val_acc: 0.8558, val_f1: 0.6361
> val_acc: 0.8571, val_f1: 0.6374
> val_acc: 0.8558, val_f1: 0.6352
loss: 0.0952, acc: 0.9622
> val_acc: 0.8558, val_f1: 0.6356
> val_acc: 0.8544, val_f1: 0.6342
> val_acc: 0.8544, val_f1: 0.6345
> val_acc: 0.8531, val_f1: 0.6328
> val_acc: 0.8531, val_f1: 0.6328
> val_acc: 0.8503, val_f1: 0.6308
> val_acc: 0.8463, val_f1: 0.6275
> val_acc: 0.8449, val_f1: 0.6380
> val_acc: 0.8449, val_f1: 0.6369
> val_acc: 0.8517, val_f1: 0.6643
loss: 0.0864, acc: 0.9674
> val_acc: 0.8517, val_f1: 0.6640
> val_acc: 0.8517, val_f1: 0.6725
> val_acc: 0.8517, val_f1: 0.6725
> val_acc: 0.8503, val_f1: 0.6809
> val_acc: 0.8517, val_f1: 0.6798
> val_acc: 0.8544, val_f1: 0.6814
> val_acc: 0.8544, val_f1: 0.6821
> val_acc: 0.8544, val_f1: 0.6821
> val_acc: 0.8517, val_f1: 0.6683
> val_acc: 0.8503, val_f1: 0.6743
loss: 0.0813, acc: 0.9677
> val_acc: 0.8503, val_f1: 0.6740
> val_acc: 0.8517, val_f1: 0.6767
> val_acc: 0.8517, val_f1: 0.6676
> val_acc: 0.8517, val_f1: 0.6696
> val_acc: 0.8558, val_f1: 0.6746
> val_acc: 0.8544, val_f1: 0.6635
> val_acc: 0.8544, val_f1: 0.6811
> val_acc: 0.8544, val_f1: 0.6815
> val_acc: 0.8531, val_f1: 0.6784
> val_acc: 0.8531, val_f1: 0.6784
loss: 0.0847, acc: 0.9669
> val_acc: 0.8571, val_f1: 0.6905
> val_acc: 0.8558, val_f1: 0.6825
> val_acc: 0.8599, val_f1: 0.6864
> val_acc: 0.8558, val_f1: 0.6639
> val_acc: 0.8517, val_f1: 0.6618
> val_acc: 0.8463, val_f1: 0.6569
> val_acc: 0.8476, val_f1: 0.6482
> val_acc: 0.8476, val_f1: 0.6517
> val_acc: 0.8463, val_f1: 0.6603
> val_acc: 0.8476, val_f1: 0.6520
loss: 0.0916, acc: 0.9615
> val_acc: 0.8463, val_f1: 0.6507
> val_acc: 0.8476, val_f1: 0.6516
> val_acc: 0.8476, val_f1: 0.6519
> val_acc: 0.8517, val_f1: 0.6657
> val_acc: 0.8544, val_f1: 0.6677
> val_acc: 0.8558, val_f1: 0.6687
> val_acc: 0.8558, val_f1: 0.6753
> val_acc: 0.8544, val_f1: 0.6805
> val_acc: 0.8585, val_f1: 0.6832
> val_acc: 0.8599, val_f1: 0.6855
loss: 0.0910, acc: 0.9616
> val_acc: 0.8612, val_f1: 0.6858
> val_acc: 0.8599, val_f1: 0.6923
> val_acc: 0.8585, val_f1: 0.6875
> val_acc: 0.8667, val_f1: 0.7098
> val_acc: 0.8667, val_f1: 0.7304
> val_acc: 0.8639, val_f1: 0.7329
> val_acc: 0.8599, val_f1: 0.7258
> val_acc: 0.8626, val_f1: 0.7365
> val_acc: 0.8612, val_f1: 0.7284
> val_acc: 0.8612, val_f1: 0.7267
loss: 0.0967, acc: 0.9592
> val_acc: 0.8612, val_f1: 0.7049
> val_acc: 0.8571, val_f1: 0.7039
> val_acc: 0.8585, val_f1: 0.7007
> val_acc: 0.8585, val_f1: 0.6899
> val_acc: 0.8571, val_f1: 0.6828
> val_acc: 0.8585, val_f1: 0.6765
> val_acc: 0.8558, val_f1: 0.6669
> val_acc: 0.8544, val_f1: 0.6571
> val_acc: 0.8558, val_f1: 0.6470
> val_acc: 0.8585, val_f1: 0.6500
loss: 0.1061, acc: 0.9560
> val_acc: 0.8585, val_f1: 0.6498
> val_acc: 0.8585, val_f1: 0.6501
> val_acc: 0.8599, val_f1: 0.6465
> val_acc: 0.8544, val_f1: 0.6412
> val_acc: 0.8503, val_f1: 0.6445
> val_acc: 0.8490, val_f1: 0.6531
> val_acc: 0.8517, val_f1: 0.6616
> val_acc: 0.8517, val_f1: 0.6819
> val_acc: 0.8585, val_f1: 0.6968
> val_acc: 0.8558, val_f1: 0.6869
loss: 0.1088, acc: 0.9560
> val_acc: 0.8558, val_f1: 0.6934
> val_acc: 0.8517, val_f1: 0.6928
> val_acc: 0.8449, val_f1: 0.6856
> val_acc: 0.8422, val_f1: 0.6843
> val_acc: 0.8422, val_f1: 0.6836
> val_acc: 0.8463, val_f1: 0.6939
> val_acc: 0.8476, val_f1: 0.6962
> val_acc: 0.8476, val_f1: 0.6917
> val_acc: 0.8503, val_f1: 0.6858
> val_acc: 0.8503, val_f1: 0.6715
loss: 0.1107, acc: 0.9551
> val_acc: 0.8558, val_f1: 0.6771
> val_acc: 0.8558, val_f1: 0.6783
> val_acc: 0.8544, val_f1: 0.6774
> val_acc: 0.8571, val_f1: 0.6820
> val_acc: 0.8558, val_f1: 0.6790
> val_acc: 0.8612, val_f1: 0.6839
> val_acc: 0.8558, val_f1: 0.6795
> val_acc: 0.8517, val_f1: 0.6759
> val_acc: 0.8517, val_f1: 0.6840
> val_acc: 0.8476, val_f1: 0.6807
loss: 0.1098, acc: 0.9556
> val_acc: 0.8476, val_f1: 0.6913
> val_acc: 0.8449, val_f1: 0.7042
>>>>>>>>>>>>>>>>>>>>>>>>>>>>>>>>>>>>>>>>>>>>>>>>>>>>>>>>>>>>>>>>>>>>>>>>>>>>>>>>>>>>>>>>>>>>>>>>>>>>
epoch: 9
> val_acc: 0.8463, val_f1: 0.7077
> val_acc: 0.8476, val_f1: 0.6872
> val_acc: 0.8503, val_f1: 0.6635
> val_acc: 0.8531, val_f1: 0.6649
> val_acc: 0.8585, val_f1: 0.6708
> val_acc: 0.8612, val_f1: 0.6739
> val_acc: 0.8639, val_f1: 0.6852
> val_acc: 0.8626, val_f1: 0.6736
loss: 0.0973, acc: 0.9653
> val_acc: 0.8599, val_f1: 0.6689
> val_acc: 0.8612, val_f1: 0.6699
> val_acc: 0.8585, val_f1: 0.6672
> val_acc: 0.8599, val_f1: 0.6686
> val_acc: 0.8626, val_f1: 0.6719
> val_acc: 0.8585, val_f1: 0.6692
> val_acc: 0.8599, val_f1: 0.6801
> val_acc: 0.8599, val_f1: 0.6702
> val_acc: 0.8639, val_f1: 0.6735
> val_acc: 0.8639, val_f1: 0.6735
loss: 0.0828, acc: 0.9671
> val_acc: 0.8680, val_f1: 0.6766
> val_acc: 0.8680, val_f1: 0.6766
> val_acc: 0.8680, val_f1: 0.6766
> val_acc: 0.8680, val_f1: 0.6766
> val_acc: 0.8680, val_f1: 0.6766
> val_acc: 0.8680, val_f1: 0.6766
> val_acc: 0.8680, val_f1: 0.6766
> val_acc: 0.8667, val_f1: 0.6753
> val_acc: 0.8694, val_f1: 0.6779
>> saved: state_dict/aagcn_bert_rest16_sen_val_acc_0.8694
> val_acc: 0.8694, val_f1: 0.6759
loss: 0.0672, acc: 0.9741
> val_acc: 0.8721, val_f1: 0.6786
>> saved: state_dict/aagcn_bert_rest16_sen_val_acc_0.8721
> val_acc: 0.8748, val_f1: 0.7006
>> saved: state_dict/aagcn_bert_rest16_sen_val_acc_0.8748
> val_acc: 0.8748, val_f1: 0.7008
> val_acc: 0.8707, val_f1: 0.6870
> val_acc: 0.8680, val_f1: 0.6939
> val_acc: 0.8667, val_f1: 0.6836
> val_acc: 0.8639, val_f1: 0.6816
> val_acc: 0.8639, val_f1: 0.6796
> val_acc: 0.8639, val_f1: 0.6796
> val_acc: 0.8653, val_f1: 0.6809
loss: 0.0593, acc: 0.9776
> val_acc: 0.8653, val_f1: 0.6806
> val_acc: 0.8626, val_f1: 0.6786
> val_acc: 0.8612, val_f1: 0.6792
> val_acc: 0.8639, val_f1: 0.6913
> val_acc: 0.8667, val_f1: 0.6913
> val_acc: 0.8612, val_f1: 0.6848
> val_acc: 0.8571, val_f1: 0.6739
> val_acc: 0.8612, val_f1: 0.6851
> val_acc: 0.8585, val_f1: 0.6826
> val_acc: 0.8612, val_f1: 0.6823
loss: 0.0645, acc: 0.9770
> val_acc: 0.8626, val_f1: 0.6896
> val_acc: 0.8626, val_f1: 0.6960
> val_acc: 0.8599, val_f1: 0.6915
> val_acc: 0.8517, val_f1: 0.6887
> val_acc: 0.8544, val_f1: 0.7014
> val_acc: 0.8544, val_f1: 0.7023
> val_acc: 0.8599, val_f1: 0.7215
> val_acc: 0.8585, val_f1: 0.7155
> val_acc: 0.8639, val_f1: 0.7237
> val_acc: 0.8667, val_f1: 0.7180
loss: 0.0679, acc: 0.9756
> val_acc: 0.8639, val_f1: 0.7077
> val_acc: 0.8680, val_f1: 0.7131
> val_acc: 0.8639, val_f1: 0.6975
> val_acc: 0.8544, val_f1: 0.6808
> val_acc: 0.8408, val_f1: 0.6695
> val_acc: 0.8299, val_f1: 0.6297
> val_acc: 0.8327, val_f1: 0.6210
> val_acc: 0.8272, val_f1: 0.6170
> val_acc: 0.8272, val_f1: 0.6179
> val_acc: 0.8259, val_f1: 0.6167
loss: 0.0801, acc: 0.9710
> val_acc: 0.8272, val_f1: 0.6173
> val_acc: 0.8340, val_f1: 0.6089
> val_acc: 0.8476, val_f1: 0.6307
> val_acc: 0.8531, val_f1: 0.6340
> val_acc: 0.8531, val_f1: 0.6335
> val_acc: 0.8544, val_f1: 0.6339
> val_acc: 0.8558, val_f1: 0.6346
> val_acc: 0.8599, val_f1: 0.6792
> val_acc: 0.8571, val_f1: 0.6680
> val_acc: 0.8517, val_f1: 0.6634
loss: 0.0796, acc: 0.9707
> val_acc: 0.8531, val_f1: 0.6743
> val_acc: 0.8517, val_f1: 0.6707
> val_acc: 0.8517, val_f1: 0.6846
> val_acc: 0.8517, val_f1: 0.6823
> val_acc: 0.8571, val_f1: 0.7167
> val_acc: 0.8571, val_f1: 0.7217
> val_acc: 0.8571, val_f1: 0.7220
> val_acc: 0.8571, val_f1: 0.7217
> val_acc: 0.8571, val_f1: 0.7195
> val_acc: 0.8585, val_f1: 0.7265
loss: 0.0818, acc: 0.9684
> val_acc: 0.8612, val_f1: 0.7122
> val_acc: 0.8571, val_f1: 0.6874
> val_acc: 0.8639, val_f1: 0.7019
> val_acc: 0.8599, val_f1: 0.6986
> val_acc: 0.8626, val_f1: 0.6975
> val_acc: 0.8599, val_f1: 0.6944
> val_acc: 0.8612, val_f1: 0.6941
> val_acc: 0.8585, val_f1: 0.6780
> val_acc: 0.8517, val_f1: 0.7231
> val_acc: 0.8204, val_f1: 0.6791
loss: 0.0871, acc: 0.9672
> val_acc: 0.8109, val_f1: 0.6635
> val_acc: 0.8109, val_f1: 0.6638
> val_acc: 0.8041, val_f1: 0.6614
> val_acc: 0.8476, val_f1: 0.6839
> val_acc: 0.8503, val_f1: 0.6632
> val_acc: 0.8463, val_f1: 0.6347
> val_acc: 0.8381, val_f1: 0.6254
> val_acc: 0.8327, val_f1: 0.6083
> val_acc: 0.8381, val_f1: 0.6263
> val_acc: 0.8449, val_f1: 0.6533
loss: 0.0991, acc: 0.9633
> val_acc: 0.8503, val_f1: 0.6669
> val_acc: 0.8463, val_f1: 0.6816
> val_acc: 0.8313, val_f1: 0.6599
> val_acc: 0.8245, val_f1: 0.6538
> val_acc: 0.8218, val_f1: 0.6543
> val_acc: 0.8109, val_f1: 0.6485
> val_acc: 0.8286, val_f1: 0.6686
> val_acc: 0.8299, val_f1: 0.6604
> val_acc: 0.8313, val_f1: 0.6600
> val_acc: 0.8313, val_f1: 0.6500
loss: 0.1011, acc: 0.9617
> val_acc: 0.8367, val_f1: 0.6541
> val_acc: 0.8408, val_f1: 0.6664
> val_acc: 0.8354, val_f1: 0.6527
> val_acc: 0.8381, val_f1: 0.6559
> val_acc: 0.8354, val_f1: 0.6521
> val_acc: 0.8340, val_f1: 0.6512
> val_acc: 0.8381, val_f1: 0.6625
> val_acc: 0.8422, val_f1: 0.6735
> val_acc: 0.8367, val_f1: 0.6672
> val_acc: 0.8354, val_f1: 0.6554
loss: 0.1097, acc: 0.9583
> val_acc: 0.8449, val_f1: 0.6647
> val_acc: 0.8449, val_f1: 0.6694
> val_acc: 0.8381, val_f1: 0.6697
> val_acc: 0.8367, val_f1: 0.6695
> val_acc: 0.8340, val_f1: 0.6670
> val_acc: 0.8327, val_f1: 0.6651
> val_acc: 0.8340, val_f1: 0.6649
> val_acc: 0.8367, val_f1: 0.6645
> val_acc: 0.8367, val_f1: 0.6577
> val_acc: 0.8327, val_f1: 0.6522
loss: 0.1179, acc: 0.9540
> val_acc: 0.8354, val_f1: 0.6706
>>>>>>>>>>>>>>>>>>>>>>>>>>>>>>>>>>>>>>>>>>>>>>>>>>>>>>>>>>>>>>>>>>>>>>>>>>>>>>>>>>>>>>>>>>>>>>>>>>>>
epoch: 10
> val_acc: 0.8340, val_f1: 0.6757
> val_acc: 0.8381, val_f1: 0.6816
> val_acc: 0.8367, val_f1: 0.6707
> val_acc: 0.8327, val_f1: 0.6591
> val_acc: 0.8231, val_f1: 0.6465
> val_acc: 0.8150, val_f1: 0.6423
> val_acc: 0.8109, val_f1: 0.6400
> val_acc: 0.8109, val_f1: 0.6433
> val_acc: 0.8218, val_f1: 0.6466
loss: 0.1619, acc: 0.9313
> val_acc: 0.8340, val_f1: 0.6600
> val_acc: 0.8340, val_f1: 0.6486
> val_acc: 0.8327, val_f1: 0.6468
> val_acc: 0.8313, val_f1: 0.6324
> val_acc: 0.8299, val_f1: 0.6206
> val_acc: 0.8286, val_f1: 0.6187
> val_acc: 0.8299, val_f1: 0.6293
> val_acc: 0.8327, val_f1: 0.6302
> val_acc: 0.8408, val_f1: 0.6492
> val_acc: 0.8422, val_f1: 0.6502
loss: 0.1677, acc: 0.9313
> val_acc: 0.8571, val_f1: 0.6807
> val_acc: 0.8544, val_f1: 0.6905
> val_acc: 0.8435, val_f1: 0.7025
> val_acc: 0.8381, val_f1: 0.6971
> val_acc: 0.8354, val_f1: 0.7024
> val_acc: 0.8286, val_f1: 0.6953
> val_acc: 0.8272, val_f1: 0.7050
> val_acc: 0.8204, val_f1: 0.6950
> val_acc: 0.8177, val_f1: 0.6936
> val_acc: 0.8122, val_f1: 0.6840
loss: 0.1416, acc: 0.9437
> val_acc: 0.8177, val_f1: 0.6951
> val_acc: 0.8299, val_f1: 0.7012
> val_acc: 0.8476, val_f1: 0.7142
> val_acc: 0.8544, val_f1: 0.7098
> val_acc: 0.8585, val_f1: 0.6916
> val_acc: 0.8612, val_f1: 0.6901
> val_acc: 0.8531, val_f1: 0.6384
> val_acc: 0.8490, val_f1: 0.6223
> val_acc: 0.8327, val_f1: 0.5905
> val_acc: 0.8327, val_f1: 0.5790
loss: 0.1610, acc: 0.9359
> val_acc: 0.8490, val_f1: 0.6527
> val_acc: 0.8558, val_f1: 0.6739
> val_acc: 0.8531, val_f1: 0.6947
> val_acc: 0.8408, val_f1: 0.7064
> val_acc: 0.8095, val_f1: 0.6755
> val_acc: 0.7932, val_f1: 0.6594
> val_acc: 0.7850, val_f1: 0.6548
> val_acc: 0.7905, val_f1: 0.6625
> val_acc: 0.8082, val_f1: 0.6845
> val_acc: 0.8259, val_f1: 0.7017
loss: 0.1611, acc: 0.9337
> val_acc: 0.8449, val_f1: 0.7228
> val_acc: 0.8531, val_f1: 0.7065
> val_acc: 0.8653, val_f1: 0.7205
> val_acc: 0.8585, val_f1: 0.6731
> val_acc: 0.8558, val_f1: 0.6613
> val_acc: 0.8531, val_f1: 0.6491
> val_acc: 0.8558, val_f1: 0.6429
> val_acc: 0.8558, val_f1: 0.6448
> val_acc: 0.8531, val_f1: 0.6326
> val_acc: 0.8408, val_f1: 0.6235
loss: 0.1529, acc: 0.9406
> val_acc: 0.8435, val_f1: 0.6153
> val_acc: 0.8395, val_f1: 0.6002
> val_acc: 0.8354, val_f1: 0.5977
> val_acc: 0.8259, val_f1: 0.5923
> val_acc: 0.8204, val_f1: 0.5887
> val_acc: 0.8190, val_f1: 0.5873
> val_acc: 0.8245, val_f1: 0.5912
> val_acc: 0.8422, val_f1: 0.6018
> val_acc: 0.8490, val_f1: 0.6049
> val_acc: 0.8381, val_f1: 0.5786
loss: 0.1456, acc: 0.9429
> val_acc: 0.8272, val_f1: 0.5647
> val_acc: 0.8190, val_f1: 0.5276
> val_acc: 0.8068, val_f1: 0.5124
> val_acc: 0.8041, val_f1: 0.5077
> val_acc: 0.8082, val_f1: 0.5142
> val_acc: 0.8272, val_f1: 0.5652
> val_acc: 0.8313, val_f1: 0.5851
> val_acc: 0.8367, val_f1: 0.5916
> val_acc: 0.8449, val_f1: 0.6251
> val_acc: 0.8517, val_f1: 0.6322
loss: 0.1512, acc: 0.9391
> val_acc: 0.8517, val_f1: 0.6636
> val_acc: 0.8517, val_f1: 0.6911
> val_acc: 0.8435, val_f1: 0.6813
> val_acc: 0.8354, val_f1: 0.6803
> val_acc: 0.8286, val_f1: 0.6741
> val_acc: 0.8272, val_f1: 0.6735
> val_acc: 0.8231, val_f1: 0.6707
> val_acc: 0.8190, val_f1: 0.6646
> val_acc: 0.8245, val_f1: 0.6585
> val_acc: 0.8381, val_f1: 0.6689
loss: 0.1630, acc: 0.9347
> val_acc: 0.8490, val_f1: 0.6723
> val_acc: 0.8599, val_f1: 0.6748
> val_acc: 0.8558, val_f1: 0.6619
> val_acc: 0.8531, val_f1: 0.6496
> val_acc: 0.8544, val_f1: 0.6510
> val_acc: 0.8531, val_f1: 0.6499
> val_acc: 0.8612, val_f1: 0.6615
> val_acc: 0.8585, val_f1: 0.6591
> val_acc: 0.8571, val_f1: 0.6581
> val_acc: 0.8585, val_f1: 0.6597
loss: 0.1624, acc: 0.9337
> val_acc: 0.8599, val_f1: 0.6610
> val_acc: 0.8599, val_f1: 0.6589
> val_acc: 0.8585, val_f1: 0.6579
> val_acc: 0.8544, val_f1: 0.6553
> val_acc: 0.8571, val_f1: 0.6679
> val_acc: 0.8585, val_f1: 0.6689
> val_acc: 0.8585, val_f1: 0.6679
> val_acc: 0.8531, val_f1: 0.6627
> val_acc: 0.8449, val_f1: 0.6569
> val_acc: 0.8490, val_f1: 0.6614
loss: 0.1563, acc: 0.9369
> val_acc: 0.8517, val_f1: 0.6758
> val_acc: 0.8531, val_f1: 0.6765
> val_acc: 0.8585, val_f1: 0.6814
> val_acc: 0.8585, val_f1: 0.6809
> val_acc: 0.8612, val_f1: 0.6928
> val_acc: 0.8599, val_f1: 0.6915
> val_acc: 0.8626, val_f1: 0.6939
> val_acc: 0.8612, val_f1: 0.6908
> val_acc: 0.8531, val_f1: 0.6729
> val_acc: 0.8544, val_f1: 0.6711
loss: 0.1509, acc: 0.9391
> val_acc: 0.8544, val_f1: 0.6711
> val_acc: 0.8558, val_f1: 0.6815
> val_acc: 0.8558, val_f1: 0.6760
> val_acc: 0.8558, val_f1: 0.6809
> val_acc: 0.8531, val_f1: 0.6788
> val_acc: 0.8449, val_f1: 0.6712
> val_acc: 0.8354, val_f1: 0.6456
> val_acc: 0.8313, val_f1: 0.6422
> val_acc: 0.8313, val_f1: 0.6428
> val_acc: 0.8327, val_f1: 0.6442
loss: 0.1448, acc: 0.9404
> val_acc: 0.8299, val_f1: 0.6424
> val_acc: 0.8299, val_f1: 0.6424
> val_acc: 0.8367, val_f1: 0.6572
> val_acc: 0.8408, val_f1: 0.6692
> val_acc: 0.8395, val_f1: 0.6653
> val_acc: 0.8367, val_f1: 0.6634
> val_acc: 0.8340, val_f1: 0.6708
> val_acc: 0.8327, val_f1: 0.6689
> val_acc: 0.8313, val_f1: 0.6659
> val_acc: 0.8340, val_f1: 0.6787
>>>>>>>>>>>>>>>>>>>>>>>>>>>>>>>>>>>>>>>>>>>>>>>>>>>>>>>>>>>>>>>>>>>>>>>>>>>>>>>>>>>>>>>>>>>>>>>>>>>>
epoch: 11
loss: 0.1913, acc: 0.8750
> val_acc: 0.8422, val_f1: 0.6826
> val_acc: 0.8422, val_f1: 0.6915
> val_acc: 0.8463, val_f1: 0.6906
> val_acc: 0.8476, val_f1: 0.6809
> val_acc: 0.8490, val_f1: 0.6911
> val_acc: 0.8476, val_f1: 0.6907
> val_acc: 0.8463, val_f1: 0.6876
> val_acc: 0.8395, val_f1: 0.6809
> val_acc: 0.8422, val_f1: 0.6865
> val_acc: 0.8381, val_f1: 0.6757
loss: 0.1259, acc: 0.9545
> val_acc: 0.8381, val_f1: 0.6888
> val_acc: 0.8381, val_f1: 0.6800
> val_acc: 0.8259, val_f1: 0.6499
> val_acc: 0.8231, val_f1: 0.6454
> val_acc: 0.8218, val_f1: 0.6509
> val_acc: 0.8245, val_f1: 0.6531
> val_acc: 0.8231, val_f1: 0.6514
> val_acc: 0.8231, val_f1: 0.6519
> val_acc: 0.8272, val_f1: 0.6567
> val_acc: 0.8354, val_f1: 0.6727
loss: 0.1282, acc: 0.9554
> val_acc: 0.8517, val_f1: 0.6912
> val_acc: 0.8490, val_f1: 0.6797
> val_acc: 0.8463, val_f1: 0.6713
> val_acc: 0.8422, val_f1: 0.6699
> val_acc: 0.8395, val_f1: 0.6708
> val_acc: 0.8327, val_f1: 0.6665
> val_acc: 0.8218, val_f1: 0.6265
> val_acc: 0.8286, val_f1: 0.6192
> val_acc: 0.8476, val_f1: 0.6570
> val_acc: 0.8476, val_f1: 0.6559
loss: 0.1212, acc: 0.9597
> val_acc: 0.8544, val_f1: 0.6605
> val_acc: 0.8571, val_f1: 0.6616
> val_acc: 0.8571, val_f1: 0.6585
> val_acc: 0.8558, val_f1: 0.6566
> val_acc: 0.8517, val_f1: 0.6514
> val_acc: 0.8544, val_f1: 0.6538
> val_acc: 0.8544, val_f1: 0.6534
> val_acc: 0.8531, val_f1: 0.6521
> val_acc: 0.8544, val_f1: 0.6531
> val_acc: 0.8544, val_f1: 0.6546
loss: 0.1162, acc: 0.9588
> val_acc: 0.8531, val_f1: 0.6533
> val_acc: 0.8517, val_f1: 0.6493
> val_acc: 0.8531, val_f1: 0.6503
> val_acc: 0.8544, val_f1: 0.6526
> val_acc: 0.8585, val_f1: 0.6559
> val_acc: 0.8639, val_f1: 0.6629
> val_acc: 0.8585, val_f1: 0.6604
> val_acc: 0.8558, val_f1: 0.6554
> val_acc: 0.8612, val_f1: 0.6780
> val_acc: 0.8599, val_f1: 0.6767
loss: 0.1136, acc: 0.9583
> val_acc: 0.8639, val_f1: 0.6875
> val_acc: 0.8639, val_f1: 0.6942
> val_acc: 0.8612, val_f1: 0.6898
> val_acc: 0.8626, val_f1: 0.6908
> val_acc: 0.8612, val_f1: 0.6957
> val_acc: 0.8544, val_f1: 0.6847
> val_acc: 0.8558, val_f1: 0.7052
> val_acc: 0.8531, val_f1: 0.6984
> val_acc: 0.8517, val_f1: 0.7065
> val_acc: 0.8490, val_f1: 0.6948
loss: 0.1146, acc: 0.9570
> val_acc: 0.8490, val_f1: 0.6874
> val_acc: 0.8531, val_f1: 0.6867
> val_acc: 0.8531, val_f1: 0.6826
> val_acc: 0.8517, val_f1: 0.6659
> val_acc: 0.8571, val_f1: 0.6729
> val_acc: 0.8585, val_f1: 0.6746
> val_acc: 0.8599, val_f1: 0.6765
> val_acc: 0.8612, val_f1: 0.6691
> val_acc: 0.8612, val_f1: 0.6604
> val_acc: 0.8599, val_f1: 0.6483
loss: 0.1044, acc: 0.9621
> val_acc: 0.8571, val_f1: 0.6466
> val_acc: 0.8585, val_f1: 0.6364
> val_acc: 0.8585, val_f1: 0.6391
> val_acc: 0.8531, val_f1: 0.6363
> val_acc: 0.8490, val_f1: 0.6207
> val_acc: 0.8463, val_f1: 0.6305
> val_acc: 0.8585, val_f1: 0.6398
> val_acc: 0.8585, val_f1: 0.6387
> val_acc: 0.8517, val_f1: 0.6293
> val_acc: 0.8503, val_f1: 0.6273
loss: 0.1060, acc: 0.9606
> val_acc: 0.8476, val_f1: 0.6338
> val_acc: 0.8503, val_f1: 0.6554
> val_acc: 0.8531, val_f1: 0.6645
> val_acc: 0.8435, val_f1: 0.6600
> val_acc: 0.8381, val_f1: 0.6550
> val_acc: 0.8381, val_f1: 0.6909
> val_acc: 0.8367, val_f1: 0.6867
> val_acc: 0.8259, val_f1: 0.6657
> val_acc: 0.8272, val_f1: 0.6526
> val_acc: 0.8286, val_f1: 0.6300
loss: 0.1229, acc: 0.9540
> val_acc: 0.8259, val_f1: 0.6187
> val_acc: 0.8272, val_f1: 0.6119
> val_acc: 0.8259, val_f1: 0.6005
> val_acc: 0.8286, val_f1: 0.5936
> val_acc: 0.8313, val_f1: 0.5959
> val_acc: 0.8299, val_f1: 0.5936
> val_acc: 0.8327, val_f1: 0.5955
> val_acc: 0.8340, val_f1: 0.6102
> val_acc: 0.8354, val_f1: 0.6153
> val_acc: 0.8327, val_f1: 0.6154
loss: 0.1335, acc: 0.9505
> val_acc: 0.8327, val_f1: 0.6053
> val_acc: 0.8340, val_f1: 0.5964
> val_acc: 0.8272, val_f1: 0.5918
> val_acc: 0.8272, val_f1: 0.5915
> val_acc: 0.8435, val_f1: 0.6157
> val_acc: 0.8558, val_f1: 0.6364
> val_acc: 0.8544, val_f1: 0.6346
> val_acc: 0.8531, val_f1: 0.6326
> val_acc: 0.8476, val_f1: 0.6276
> val_acc: 0.8449, val_f1: 0.6233
loss: 0.1374, acc: 0.9488
> val_acc: 0.8449, val_f1: 0.6237
> val_acc: 0.8435, val_f1: 0.6231
> val_acc: 0.8476, val_f1: 0.6556
> val_acc: 0.8449, val_f1: 0.6486
> val_acc: 0.8422, val_f1: 0.6440
> val_acc: 0.8449, val_f1: 0.6548
> val_acc: 0.8476, val_f1: 0.6736
> val_acc: 0.8490, val_f1: 0.6742
> val_acc: 0.8476, val_f1: 0.6705
> val_acc: 0.8503, val_f1: 0.6800
loss: 0.1347, acc: 0.9504
> val_acc: 0.8517, val_f1: 0.6881
> val_acc: 0.8558, val_f1: 0.6970
> val_acc: 0.8544, val_f1: 0.6819
> val_acc: 0.8544, val_f1: 0.6862
> val_acc: 0.8503, val_f1: 0.6779
> val_acc: 0.8463, val_f1: 0.6365
> val_acc: 0.8435, val_f1: 0.6363
> val_acc: 0.8449, val_f1: 0.6382
> val_acc: 0.8503, val_f1: 0.6199
> val_acc: 0.8449, val_f1: 0.6144
loss: 0.1370, acc: 0.9494
> val_acc: 0.8476, val_f1: 0.6161
> val_acc: 0.8517, val_f1: 0.6187
> val_acc: 0.8558, val_f1: 0.6328
> val_acc: 0.8544, val_f1: 0.6322
> val_acc: 0.8490, val_f1: 0.6268
> val_acc: 0.8490, val_f1: 0.6271
> val_acc: 0.8490, val_f1: 0.6271
> val_acc: 0.8490, val_f1: 0.6267
> val_acc: 0.8544, val_f1: 0.6318
>>>>>>>>>>>>>>>>>>>>>>>>>>>>>>>>>>>>>>>>>>>>>>>>>>>>>>>>>>>>>>>>>>>>>>>>>>>>>>>>>>>>>>>>>>>>>>>>>>>>
epoch: 12
> val_acc: 0.8544, val_f1: 0.6327
loss: 0.0623, acc: 1.0000
> val_acc: 0.8476, val_f1: 0.6161
> val_acc: 0.8503, val_f1: 0.6177
> val_acc: 0.8503, val_f1: 0.6307
> val_acc: 0.8435, val_f1: 0.6378
> val_acc: 0.8449, val_f1: 0.6492
> val_acc: 0.8435, val_f1: 0.6384
> val_acc: 0.8463, val_f1: 0.6400
> val_acc: 0.8476, val_f1: 0.6386
> val_acc: 0.8476, val_f1: 0.6264
> val_acc: 0.8463, val_f1: 0.6226
loss: 0.0858, acc: 0.9792
> val_acc: 0.8490, val_f1: 0.6363
> val_acc: 0.8463, val_f1: 0.6431
> val_acc: 0.8422, val_f1: 0.6397
> val_acc: 0.8408, val_f1: 0.6445
> val_acc: 0.8435, val_f1: 0.6551
> val_acc: 0.8463, val_f1: 0.6734
> val_acc: 0.8449, val_f1: 0.6728
> val_acc: 0.8476, val_f1: 0.6724
> val_acc: 0.8490, val_f1: 0.6753
> val_acc: 0.8531, val_f1: 0.6796
loss: 0.0689, acc: 0.9858
> val_acc: 0.8490, val_f1: 0.6720
> val_acc: 0.8517, val_f1: 0.6769
> val_acc: 0.8422, val_f1: 0.6508
> val_acc: 0.8490, val_f1: 0.6666
> val_acc: 0.8503, val_f1: 0.6672
> val_acc: 0.8463, val_f1: 0.6481
> val_acc: 0.8435, val_f1: 0.6454
> val_acc: 0.8395, val_f1: 0.6193
> val_acc: 0.8367, val_f1: 0.6161
> val_acc: 0.8435, val_f1: 0.6231
loss: 0.0756, acc: 0.9785
> val_acc: 0.8408, val_f1: 0.6089
> val_acc: 0.8395, val_f1: 0.6079
> val_acc: 0.8395, val_f1: 0.6082
> val_acc: 0.8340, val_f1: 0.6032
> val_acc: 0.8381, val_f1: 0.6190
> val_acc: 0.8422, val_f1: 0.6344
> val_acc: 0.8395, val_f1: 0.6310
> val_acc: 0.8340, val_f1: 0.6391
> val_acc: 0.8299, val_f1: 0.6447
> val_acc: 0.8313, val_f1: 0.6459
loss: 0.0825, acc: 0.9747
> val_acc: 0.8327, val_f1: 0.6471
> val_acc: 0.8354, val_f1: 0.6499
> val_acc: 0.8354, val_f1: 0.6491
> val_acc: 0.8313, val_f1: 0.6438
> val_acc: 0.8190, val_f1: 0.6373
> val_acc: 0.8068, val_f1: 0.6210
> val_acc: 0.7946, val_f1: 0.6044
> val_acc: 0.7891, val_f1: 0.5754
> val_acc: 0.8109, val_f1: 0.6032
> val_acc: 0.8354, val_f1: 0.6581
loss: 0.1052, acc: 0.9603
> val_acc: 0.8476, val_f1: 0.6761
> val_acc: 0.8435, val_f1: 0.6791
> val_acc: 0.8408, val_f1: 0.6809
> val_acc: 0.8463, val_f1: 0.7033
> val_acc: 0.8449, val_f1: 0.6996
> val_acc: 0.8435, val_f1: 0.6994
> val_acc: 0.8449, val_f1: 0.7023
> val_acc: 0.8463, val_f1: 0.6989
> val_acc: 0.8395, val_f1: 0.6859
> val_acc: 0.8422, val_f1: 0.6812
loss: 0.1079, acc: 0.9567
> val_acc: 0.8408, val_f1: 0.6738
> val_acc: 0.8435, val_f1: 0.6407
> val_acc: 0.8490, val_f1: 0.6254
> val_acc: 0.8435, val_f1: 0.6195
> val_acc: 0.8340, val_f1: 0.5855
> val_acc: 0.8313, val_f1: 0.5824
> val_acc: 0.8299, val_f1: 0.5686
> val_acc: 0.8327, val_f1: 0.5722
> val_acc: 0.8340, val_f1: 0.5733
> val_acc: 0.8340, val_f1: 0.5742
loss: 0.1034, acc: 0.9592
> val_acc: 0.8490, val_f1: 0.6041
> val_acc: 0.8531, val_f1: 0.6215
> val_acc: 0.8327, val_f1: 0.6058
> val_acc: 0.8272, val_f1: 0.6265
> val_acc: 0.7850, val_f1: 0.5961
> val_acc: 0.7810, val_f1: 0.6021
> val_acc: 0.7810, val_f1: 0.6287
> val_acc: 0.7755, val_f1: 0.6296
> val_acc: 0.7864, val_f1: 0.6305
> val_acc: 0.8014, val_f1: 0.6492
loss: 0.1166, acc: 0.9527
> val_acc: 0.8354, val_f1: 0.6911
> val_acc: 0.8435, val_f1: 0.6955
> val_acc: 0.8435, val_f1: 0.6933
> val_acc: 0.8435, val_f1: 0.6823
> val_acc: 0.8503, val_f1: 0.6828
> val_acc: 0.8544, val_f1: 0.6945
> val_acc: 0.8476, val_f1: 0.6546
> val_acc: 0.8463, val_f1: 0.6333
> val_acc: 0.8476, val_f1: 0.6382
> val_acc: 0.8490, val_f1: 0.6516
loss: 0.1290, acc: 0.9470
> val_acc: 0.8531, val_f1: 0.6540
> val_acc: 0.8517, val_f1: 0.6406
> val_acc: 0.8544, val_f1: 0.6434
> val_acc: 0.8367, val_f1: 0.6401
> val_acc: 0.8340, val_f1: 0.6554
> val_acc: 0.8381, val_f1: 0.6661
> val_acc: 0.8449, val_f1: 0.6715
> val_acc: 0.8571, val_f1: 0.6782
> val_acc: 0.8599, val_f1: 0.6619
> val_acc: 0.8612, val_f1: 0.6635
loss: 0.1293, acc: 0.9461
> val_acc: 0.8585, val_f1: 0.6616
> val_acc: 0.8517, val_f1: 0.6577
> val_acc: 0.8585, val_f1: 0.6630
> val_acc: 0.8517, val_f1: 0.6551
> val_acc: 0.8571, val_f1: 0.6867
> val_acc: 0.8571, val_f1: 0.6941
> val_acc: 0.8571, val_f1: 0.6977
> val_acc: 0.8517, val_f1: 0.6841
> val_acc: 0.8259, val_f1: 0.6583
> val_acc: 0.8000, val_f1: 0.6288
loss: 0.1365, acc: 0.9436
> val_acc: 0.8041, val_f1: 0.6239
> val_acc: 0.8054, val_f1: 0.6249
> val_acc: 0.8231, val_f1: 0.6374
> val_acc: 0.8449, val_f1: 0.6652
> val_acc: 0.8544, val_f1: 0.6775
> val_acc: 0.8585, val_f1: 0.6826
> val_acc: 0.8612, val_f1: 0.6859
> val_acc: 0.8571, val_f1: 0.6542
> val_acc: 0.8571, val_f1: 0.6523
> val_acc: 0.8585, val_f1: 0.6627
loss: 0.1428, acc: 0.9411
> val_acc: 0.8626, val_f1: 0.6971
> val_acc: 0.8599, val_f1: 0.6949
> val_acc: 0.8585, val_f1: 0.6931
> val_acc: 0.8571, val_f1: 0.6917
> val_acc: 0.8571, val_f1: 0.6916
> val_acc: 0.8558, val_f1: 0.6909
> val_acc: 0.8571, val_f1: 0.6875
> val_acc: 0.8585, val_f1: 0.6812
> val_acc: 0.8599, val_f1: 0.6853
> val_acc: 0.8571, val_f1: 0.6690
loss: 0.1421, acc: 0.9427
> val_acc: 0.8571, val_f1: 0.6581
> val_acc: 0.8571, val_f1: 0.6468
> val_acc: 0.8544, val_f1: 0.6330
> val_acc: 0.8571, val_f1: 0.6350
> val_acc: 0.8571, val_f1: 0.6350
> val_acc: 0.8571, val_f1: 0.6458
> val_acc: 0.8626, val_f1: 0.6618
> val_acc: 0.8626, val_f1: 0.6711
>>>>>>>>>>>>>>>>>>>>>>>>>>>>>>>>>>>>>>>>>>>>>>>>>>>>>>>>>>>>>>>>>>>>>>>>>>>>>>>>>>>>>>>>>>>>>>>>>>>>
epoch: 13
> val_acc: 0.8667, val_f1: 0.6940
> val_acc: 0.8667, val_f1: 0.7102
loss: 0.0686, acc: 0.9792
> val_acc: 0.8639, val_f1: 0.7108
> val_acc: 0.8612, val_f1: 0.7087
> val_acc: 0.8653, val_f1: 0.7127
> val_acc: 0.8612, val_f1: 0.7077
> val_acc: 0.8585, val_f1: 0.7020
> val_acc: 0.8599, val_f1: 0.7036
> val_acc: 0.8585, val_f1: 0.7026
> val_acc: 0.8612, val_f1: 0.7097
> val_acc: 0.8599, val_f1: 0.7097
> val_acc: 0.8626, val_f1: 0.7119
loss: 0.0663, acc: 0.9760
> val_acc: 0.8680, val_f1: 0.7178
> val_acc: 0.8667, val_f1: 0.7078
> val_acc: 0.8694, val_f1: 0.7029
> val_acc: 0.8694, val_f1: 0.7029
> val_acc: 0.8612, val_f1: 0.6948
> val_acc: 0.8585, val_f1: 0.6918
> val_acc: 0.8612, val_f1: 0.6944
> val_acc: 0.8599, val_f1: 0.6937
> val_acc: 0.8612, val_f1: 0.6943
> val_acc: 0.8612, val_f1: 0.6855
loss: 0.0697, acc: 0.9674
> val_acc: 0.8599, val_f1: 0.6842
> val_acc: 0.8585, val_f1: 0.6829
> val_acc: 0.8558, val_f1: 0.6809
> val_acc: 0.8571, val_f1: 0.6808
> val_acc: 0.8571, val_f1: 0.6811
> val_acc: 0.8585, val_f1: 0.6821
> val_acc: 0.8571, val_f1: 0.6805
> val_acc: 0.8585, val_f1: 0.6818
> val_acc: 0.8544, val_f1: 0.6599
> val_acc: 0.8558, val_f1: 0.6626
loss: 0.0686, acc: 0.9678
> val_acc: 0.8517, val_f1: 0.6508
> val_acc: 0.8490, val_f1: 0.6482
> val_acc: 0.8463, val_f1: 0.6462
> val_acc: 0.8463, val_f1: 0.6470
> val_acc: 0.8490, val_f1: 0.6497
> val_acc: 0.8503, val_f1: 0.6507
> val_acc: 0.8531, val_f1: 0.6524
> val_acc: 0.8571, val_f1: 0.6342
> val_acc: 0.8585, val_f1: 0.6359
> val_acc: 0.8599, val_f1: 0.6372
loss: 0.0662, acc: 0.9680
> val_acc: 0.8599, val_f1: 0.6369
> val_acc: 0.8694, val_f1: 0.6681
> val_acc: 0.8721, val_f1: 0.6881
> val_acc: 0.8694, val_f1: 0.6931
> val_acc: 0.8667, val_f1: 0.6902
> val_acc: 0.8680, val_f1: 0.7085
> val_acc: 0.8653, val_f1: 0.7047
> val_acc: 0.8585, val_f1: 0.7013
> val_acc: 0.8585, val_f1: 0.7058
> val_acc: 0.8599, val_f1: 0.7130
loss: 0.0706, acc: 0.9682
> val_acc: 0.8667, val_f1: 0.7318
> val_acc: 0.8599, val_f1: 0.7154
> val_acc: 0.8653, val_f1: 0.7216
> val_acc: 0.8639, val_f1: 0.7090
> val_acc: 0.8626, val_f1: 0.6998
> val_acc: 0.8667, val_f1: 0.7111
> val_acc: 0.8639, val_f1: 0.7084
> val_acc: 0.8612, val_f1: 0.7182
> val_acc: 0.8571, val_f1: 0.7121
> val_acc: 0.8517, val_f1: 0.7108
loss: 0.0786, acc: 0.9643
> val_acc: 0.8435, val_f1: 0.6873
> val_acc: 0.8327, val_f1: 0.6460
> val_acc: 0.8354, val_f1: 0.6515
> val_acc: 0.8367, val_f1: 0.6463
> val_acc: 0.8367, val_f1: 0.6463
> val_acc: 0.8449, val_f1: 0.6527
> val_acc: 0.8463, val_f1: 0.6558
> val_acc: 0.8490, val_f1: 0.6478
> val_acc: 0.8476, val_f1: 0.6358
> val_acc: 0.8503, val_f1: 0.6374
loss: 0.0777, acc: 0.9658
> val_acc: 0.8558, val_f1: 0.6529
> val_acc: 0.8558, val_f1: 0.6675
> val_acc: 0.8585, val_f1: 0.6709
> val_acc: 0.8571, val_f1: 0.6595
> val_acc: 0.8558, val_f1: 0.6578
> val_acc: 0.8571, val_f1: 0.6588
> val_acc: 0.8544, val_f1: 0.6561
> val_acc: 0.8558, val_f1: 0.6669
> val_acc: 0.8544, val_f1: 0.6645
> val_acc: 0.8531, val_f1: 0.6166
loss: 0.0763, acc: 0.9676
> val_acc: 0.8558, val_f1: 0.6092
> val_acc: 0.8531, val_f1: 0.6075
> val_acc: 0.8517, val_f1: 0.5937
> val_acc: 0.8531, val_f1: 0.5946
> val_acc: 0.8517, val_f1: 0.5939
> val_acc: 0.8517, val_f1: 0.5942
> val_acc: 0.8517, val_f1: 0.5942
> val_acc: 0.8531, val_f1: 0.5952
> val_acc: 0.8544, val_f1: 0.5968
> val_acc: 0.8517, val_f1: 0.5808
loss: 0.0718, acc: 0.9704
> val_acc: 0.8544, val_f1: 0.5831
> val_acc: 0.8558, val_f1: 0.5681
> val_acc: 0.8571, val_f1: 0.5839
> val_acc: 0.8571, val_f1: 0.5842
> val_acc: 0.8531, val_f1: 0.5818
> val_acc: 0.8558, val_f1: 0.6113
> val_acc: 0.8585, val_f1: 0.6133
> val_acc: 0.8571, val_f1: 0.6123
> val_acc: 0.8558, val_f1: 0.6110
> val_acc: 0.8544, val_f1: 0.6103
loss: 0.0861, acc: 0.9678
> val_acc: 0.8517, val_f1: 0.6202
> val_acc: 0.8517, val_f1: 0.6309
> val_acc: 0.8490, val_f1: 0.6366
> val_acc: 0.8503, val_f1: 0.6907
> val_acc: 0.8612, val_f1: 0.7279
> val_acc: 0.8558, val_f1: 0.7195
> val_acc: 0.8558, val_f1: 0.7258
> val_acc: 0.8503, val_f1: 0.7178
> val_acc: 0.8571, val_f1: 0.7210
> val_acc: 0.8558, val_f1: 0.6998
loss: 0.0940, acc: 0.9646
> val_acc: 0.8517, val_f1: 0.6756
> val_acc: 0.8599, val_f1: 0.6520
> val_acc: 0.8585, val_f1: 0.6421
> val_acc: 0.8599, val_f1: 0.6242
> val_acc: 0.8558, val_f1: 0.6080
> val_acc: 0.8571, val_f1: 0.6097
> val_acc: 0.8544, val_f1: 0.6066
> val_acc: 0.8544, val_f1: 0.6066
> val_acc: 0.8544, val_f1: 0.6069
> val_acc: 0.8531, val_f1: 0.6062
loss: 0.0941, acc: 0.9639
> val_acc: 0.8490, val_f1: 0.6032
> val_acc: 0.8435, val_f1: 0.5996
> val_acc: 0.8367, val_f1: 0.6063
> val_acc: 0.8381, val_f1: 0.6309
> val_acc: 0.8354, val_f1: 0.6341
> val_acc: 0.8327, val_f1: 0.6507
> val_acc: 0.8408, val_f1: 0.6979
> val_acc: 0.8408, val_f1: 0.7128
> val_acc: 0.8327, val_f1: 0.7013
> val_acc: 0.8313, val_f1: 0.6971
loss: 0.1049, acc: 0.9601
> val_acc: 0.8340, val_f1: 0.7018
> val_acc: 0.8463, val_f1: 0.7189
> val_acc: 0.8503, val_f1: 0.7177
> val_acc: 0.8435, val_f1: 0.6838
> val_acc: 0.8476, val_f1: 0.6858
> val_acc: 0.8476, val_f1: 0.6637
> val_acc: 0.8517, val_f1: 0.6732
>>>>>>>>>>>>>>>>>>>>>>>>>>>>>>>>>>>>>>>>>>>>>>>>>>>>>>>>>>>>>>>>>>>>>>>>>>>>>>>>>>>>>>>>>>>>>>>>>>>>
epoch: 14
> val_acc: 0.8490, val_f1: 0.6648
> val_acc: 0.8381, val_f1: 0.6405
> val_acc: 0.8422, val_f1: 0.6354
loss: 0.0551, acc: 0.9688
> val_acc: 0.8367, val_f1: 0.6293
> val_acc: 0.8395, val_f1: 0.6330
> val_acc: 0.8381, val_f1: 0.6206
> val_acc: 0.8367, val_f1: 0.6218
> val_acc: 0.8395, val_f1: 0.6341
> val_acc: 0.8449, val_f1: 0.6369
> val_acc: 0.8463, val_f1: 0.6372
> val_acc: 0.8571, val_f1: 0.6458
> val_acc: 0.8639, val_f1: 0.6498
> val_acc: 0.8626, val_f1: 0.6485
loss: 0.0980, acc: 0.9509
> val_acc: 0.8599, val_f1: 0.6452
> val_acc: 0.8503, val_f1: 0.6558
> val_acc: 0.8435, val_f1: 0.6609
> val_acc: 0.8313, val_f1: 0.6468
> val_acc: 0.8245, val_f1: 0.6574
> val_acc: 0.8218, val_f1: 0.6574
> val_acc: 0.8163, val_f1: 0.6593
> val_acc: 0.8068, val_f1: 0.6620
> val_acc: 0.8122, val_f1: 0.6623
> val_acc: 0.8163, val_f1: 0.6738
loss: 0.0996, acc: 0.9531
> val_acc: 0.8177, val_f1: 0.6719
> val_acc: 0.8218, val_f1: 0.6691
> val_acc: 0.8286, val_f1: 0.6805
> val_acc: 0.8476, val_f1: 0.7072
> val_acc: 0.8544, val_f1: 0.7115
> val_acc: 0.8517, val_f1: 0.6960
> val_acc: 0.8558, val_f1: 0.7073
> val_acc: 0.8626, val_f1: 0.7000
> val_acc: 0.8653, val_f1: 0.6838
> val_acc: 0.8653, val_f1: 0.6615
loss: 0.1006, acc: 0.9577
> val_acc: 0.8639, val_f1: 0.6389
> val_acc: 0.8612, val_f1: 0.6247
> val_acc: 0.8503, val_f1: 0.6045
> val_acc: 0.8367, val_f1: 0.5962
> val_acc: 0.8354, val_f1: 0.5959
> val_acc: 0.8313, val_f1: 0.5932
> val_acc: 0.8299, val_f1: 0.5927
> val_acc: 0.8327, val_f1: 0.5937
> val_acc: 0.8367, val_f1: 0.5959
> val_acc: 0.8463, val_f1: 0.6019
loss: 0.1061, acc: 0.9517
> val_acc: 0.8531, val_f1: 0.6064
> val_acc: 0.8531, val_f1: 0.6161
> val_acc: 0.8503, val_f1: 0.6333
> val_acc: 0.8517, val_f1: 0.6434
> val_acc: 0.8531, val_f1: 0.6526
> val_acc: 0.8558, val_f1: 0.6557
> val_acc: 0.8490, val_f1: 0.6538
> val_acc: 0.8422, val_f1: 0.6606
> val_acc: 0.8435, val_f1: 0.6649
> val_acc: 0.8422, val_f1: 0.6643
loss: 0.1031, acc: 0.9549
> val_acc: 0.8449, val_f1: 0.6687
> val_acc: 0.8408, val_f1: 0.6569
> val_acc: 0.8422, val_f1: 0.6525
> val_acc: 0.8435, val_f1: 0.6548
> val_acc: 0.8476, val_f1: 0.6469
> val_acc: 0.8490, val_f1: 0.6315
> val_acc: 0.8490, val_f1: 0.6224
> val_acc: 0.8571, val_f1: 0.6310
> val_acc: 0.8571, val_f1: 0.6352
> val_acc: 0.8490, val_f1: 0.6284
loss: 0.0971, acc: 0.9600
> val_acc: 0.8490, val_f1: 0.6397
> val_acc: 0.8408, val_f1: 0.6338
> val_acc: 0.8313, val_f1: 0.6338
> val_acc: 0.8313, val_f1: 0.6341
> val_acc: 0.8327, val_f1: 0.6342
> val_acc: 0.8408, val_f1: 0.6464
> val_acc: 0.8517, val_f1: 0.6809
> val_acc: 0.8517, val_f1: 0.6811
> val_acc: 0.8544, val_f1: 0.6776
> val_acc: 0.8517, val_f1: 0.6689
loss: 0.1011, acc: 0.9578
> val_acc: 0.8544, val_f1: 0.6751
> val_acc: 0.8585, val_f1: 0.6810
> val_acc: 0.8585, val_f1: 0.6738
> val_acc: 0.8626, val_f1: 0.6713
> val_acc: 0.8571, val_f1: 0.6571
> val_acc: 0.8544, val_f1: 0.6454
> val_acc: 0.8367, val_f1: 0.6452
> val_acc: 0.8354, val_f1: 0.6513
> val_acc: 0.8367, val_f1: 0.6532
> val_acc: 0.8490, val_f1: 0.6712
loss: 0.1062, acc: 0.9561
> val_acc: 0.8531, val_f1: 0.6634
> val_acc: 0.8544, val_f1: 0.6639
> val_acc: 0.8599, val_f1: 0.6839
> val_acc: 0.8612, val_f1: 0.7214
> val_acc: 0.8490, val_f1: 0.6851
> val_acc: 0.8490, val_f1: 0.6799
> val_acc: 0.8435, val_f1: 0.6760
> val_acc: 0.8367, val_f1: 0.6769
> val_acc: 0.8381, val_f1: 0.6863
> val_acc: 0.8422, val_f1: 0.6939
loss: 0.0995, acc: 0.9588
> val_acc: 0.8381, val_f1: 0.6789
> val_acc: 0.8367, val_f1: 0.6677
> val_acc: 0.8435, val_f1: 0.6683
> val_acc: 0.8476, val_f1: 0.6673
> val_acc: 0.8463, val_f1: 0.6491
> val_acc: 0.8531, val_f1: 0.6669
> val_acc: 0.8531, val_f1: 0.6687
> val_acc: 0.8395, val_f1: 0.6395
> val_acc: 0.8354, val_f1: 0.6406
> val_acc: 0.8259, val_f1: 0.6145
loss: 0.0997, acc: 0.9579
> val_acc: 0.8313, val_f1: 0.6193
> val_acc: 0.8354, val_f1: 0.6230
> val_acc: 0.8408, val_f1: 0.6270
> val_acc: 0.8476, val_f1: 0.6063
> val_acc: 0.8544, val_f1: 0.6100
> val_acc: 0.8571, val_f1: 0.6114
> val_acc: 0.8558, val_f1: 0.6115
> val_acc: 0.8531, val_f1: 0.6081
> val_acc: 0.8571, val_f1: 0.6113
> val_acc: 0.8558, val_f1: 0.6099
loss: 0.1016, acc: 0.9589
> val_acc: 0.8599, val_f1: 0.6344
> val_acc: 0.8585, val_f1: 0.6548
> val_acc: 0.8490, val_f1: 0.6642
> val_acc: 0.8367, val_f1: 0.6815
> val_acc: 0.8190, val_f1: 0.6760
> val_acc: 0.8231, val_f1: 0.6772
> val_acc: 0.8503, val_f1: 0.7176
> val_acc: 0.8558, val_f1: 0.7244
> val_acc: 0.8571, val_f1: 0.7139
> val_acc: 0.8667, val_f1: 0.7312
loss: 0.1045, acc: 0.9567
> val_acc: 0.8585, val_f1: 0.7038
> val_acc: 0.8558, val_f1: 0.6988
> val_acc: 0.8571, val_f1: 0.7023
> val_acc: 0.8503, val_f1: 0.6927
> val_acc: 0.8544, val_f1: 0.6973
> val_acc: 0.8639, val_f1: 0.7107
> val_acc: 0.8599, val_f1: 0.7059
> val_acc: 0.8503, val_f1: 0.7017
> val_acc: 0.8435, val_f1: 0.6850
> val_acc: 0.8340, val_f1: 0.6647
loss: 0.1106, acc: 0.9534
> val_acc: 0.8190, val_f1: 0.6379
> val_acc: 0.8095, val_f1: 0.6131
> val_acc: 0.8259, val_f1: 0.6130
> val_acc: 0.8408, val_f1: 0.6359
> val_acc: 0.8517, val_f1: 0.6426
> val_acc: 0.8503, val_f1: 0.6406
>> test_acc: 0.8748, test_f1: 0.7006
