loading vocabulary file https://s3.amazonaws.com/models.huggingface.co/bert/bert-base-uncased-vocab.txt from cache at C:\Users\NINGMEI\.pytorch_pretrained_bert\26bc1ad6c0ac742e9b52263248f6d0f00068293b33709fae12320c0e35ccfbbb.542ce4285a40d23a559526243235df47c5f75c197f04f37d1a0c124c32c9a084
loading archive file https://s3.amazonaws.com/models.huggingface.co/bert/bert-base-uncased.tar.gz from cache at C:\Users\NINGMEI\.pytorch_pretrained_bert\9c41111e2de84547a463fd39217199738d1e3deb72d4fec4399e6e241983c6f0.ae3cef932725ca7a30cdcb93fc6e09150a55e2a130ec7af63975a16c153ae2ba
extracting archive file C:\Users\NINGMEI\.pytorch_pretrained_bert\9c41111e2de84547a463fd39217199738d1e3deb72d4fec4399e6e241983c6f0.ae3cef932725ca7a30cdcb93fc6e09150a55e2a130ec7af63975a16c153ae2ba to temp dir C:\Users\NINGMEI\AppData\Local\Temp\tmpknoj3nt1
Model config {
  "attention_probs_dropout_prob": 0.1,
  "hidden_act": "gelu",
  "hidden_dropout_prob": 0.1,
  "hidden_size": 768,
  "initializer_range": 0.02,
  "intermediate_size": 3072,
  "max_position_embeddings": 512,
  "num_attention_heads": 12,
  "num_hidden_layers": 12,
  "type_vocab_size": 2,
  "vocab_size": 30522
}

cuda memory allocated: 458000896
> n_trainable_params: 114216489, n_nontrainable_params: 0
> training arguments:
>>> model_name: aagcn_bert
>>> dataset: 14_sen
>>> optimizer: <class 'torch.optim.adam.Adam'>
>>> initializer: <function xavier_uniform_ at 0x00000276E202F400>
>>> lr: 2e-05
>>> dropout: 0.1
>>> l2reg: 0.01
>>> num_epoch: 20
>>> batch_size: 16
>>> log_step: 10
>>> embed_dim: 300
>>> hidden_dim: 300
>>> bert_dim: 768
>>> pretrained_bert_name: bert-base-uncased
>>> max_seq_len: 85
>>> polarities_dim: 3
>>> hops: 3
>>> patience: 5
>>> device: cuda:0
>>> seed: 1234
>>> valset_ratio: 0
>>> model_class: <class 'models.aagcn_bert.AAGCN_BERT'>
>>> dataset_file: {'train': './dataset/senticnet/14_train.raw.tokenized', 'test': './dataset/senticnet/14_test.raw.tokenized'}
>>> inputs_cols: ['concat_bert_indices', 'concat_segments_indices', 'entity_graph', 'attribute_graph']
>>>>>>>>>>>>>>>>>>>>>>>>>>>>>>>>>>>>>>>>>>>>>>>>>>>>>>>>>>>>>>>>>>>>>>>>>>>>>>>>>>>>>>>>>>>>>>>>>>>>
epoch: 0
> val_acc: 0.6166, val_f1: 0.2772
>> saved: state_dict/aagcn_bert_14_sen_val_acc_0.6166
> val_acc: 0.6732, val_f1: 0.2682
>> saved: state_dict/aagcn_bert_14_sen_val_acc_0.6732
> val_acc: 0.6752, val_f1: 0.2687
>> saved: state_dict/aagcn_bert_14_sen_val_acc_0.6752
> val_acc: 0.6752, val_f1: 0.2687
> val_acc: 0.6752, val_f1: 0.2687
> val_acc: 0.6732, val_f1: 0.2718
> val_acc: 0.6711, val_f1: 0.2763
> val_acc: 0.6660, val_f1: 0.2852
> val_acc: 0.6670, val_f1: 0.2703
loss: 0.9607, acc: 0.6125
> val_acc: 0.6701, val_f1: 0.2680
> val_acc: 0.6680, val_f1: 0.2675
> val_acc: 0.6670, val_f1: 0.2740
> val_acc: 0.6516, val_f1: 0.2995
> val_acc: 0.5180, val_f1: 0.3719
> val_acc: 0.6197, val_f1: 0.3777
> val_acc: 0.6516, val_f1: 0.2931
> val_acc: 0.6619, val_f1: 0.2887
> val_acc: 0.6598, val_f1: 0.3150
> val_acc: 0.6526, val_f1: 0.2972
loss: 1.0002, acc: 0.5813
> val_acc: 0.6351, val_f1: 0.3073
> val_acc: 0.6156, val_f1: 0.3119
> val_acc: 0.6393, val_f1: 0.3823
> val_acc: 0.6362, val_f1: 0.3682
> val_acc: 0.6423, val_f1: 0.3680
> val_acc: 0.6434, val_f1: 0.3729
> val_acc: 0.6495, val_f1: 0.3099
> val_acc: 0.6711, val_f1: 0.2677
> val_acc: 0.6742, val_f1: 0.2685
> val_acc: 0.6752, val_f1: 0.2687
loss: 0.9626, acc: 0.6042
> val_acc: 0.6752, val_f1: 0.2687
> val_acc: 0.6742, val_f1: 0.2714
> val_acc: 0.6701, val_f1: 0.3199
> val_acc: 0.6783, val_f1: 0.2941
>> saved: state_dict/aagcn_bert_14_sen_val_acc_0.6783
> val_acc: 0.6732, val_f1: 0.2682
> val_acc: 0.6742, val_f1: 0.2685
> val_acc: 0.6752, val_f1: 0.2687
> val_acc: 0.6752, val_f1: 0.2687
> val_acc: 0.6804, val_f1: 0.2869
>> saved: state_dict/aagcn_bert_14_sen_val_acc_0.6804
> val_acc: 0.6763, val_f1: 0.3534
loss: 0.9681, acc: 0.6000
> val_acc: 0.3895, val_f1: 0.2728
> val_acc: 0.6166, val_f1: 0.3792
> val_acc: 0.6804, val_f1: 0.2869
> val_acc: 0.6752, val_f1: 0.2687
> val_acc: 0.6752, val_f1: 0.2687
> val_acc: 0.6752, val_f1: 0.2687
> val_acc: 0.6752, val_f1: 0.2687
> val_acc: 0.6752, val_f1: 0.2687
> val_acc: 0.6752, val_f1: 0.2687
> val_acc: 0.6752, val_f1: 0.2687
loss: 0.9732, acc: 0.5925
> val_acc: 0.6752, val_f1: 0.2687
> val_acc: 0.6814, val_f1: 0.2925
>> saved: state_dict/aagcn_bert_14_sen_val_acc_0.6814
> val_acc: 0.6835, val_f1: 0.3128
>> saved: state_dict/aagcn_bert_14_sen_val_acc_0.6835
> val_acc: 0.6824, val_f1: 0.3005
> val_acc: 0.6742, val_f1: 0.2714
> val_acc: 0.6752, val_f1: 0.2687
> val_acc: 0.6752, val_f1: 0.2687
> val_acc: 0.6752, val_f1: 0.2687
> val_acc: 0.6742, val_f1: 0.2685
> val_acc: 0.6721, val_f1: 0.2680
loss: 0.9642, acc: 0.5969
> val_acc: 0.6711, val_f1: 0.2677
> val_acc: 0.6691, val_f1: 0.2672
> val_acc: 0.6701, val_f1: 0.2703
> val_acc: 0.6701, val_f1: 0.2675
> val_acc: 0.6721, val_f1: 0.2680
> val_acc: 0.6721, val_f1: 0.2680
> val_acc: 0.6742, val_f1: 0.2685
> val_acc: 0.6742, val_f1: 0.2685
> val_acc: 0.6742, val_f1: 0.2685
> val_acc: 0.6742, val_f1: 0.2685
loss: 0.9583, acc: 0.5973
> val_acc: 0.6752, val_f1: 0.2687
> val_acc: 0.6752, val_f1: 0.2687
> val_acc: 0.6752, val_f1: 0.2687
> val_acc: 0.6752, val_f1: 0.2687
> val_acc: 0.6752, val_f1: 0.2687
> val_acc: 0.6752, val_f1: 0.2687
> val_acc: 0.6742, val_f1: 0.2685
> val_acc: 0.6742, val_f1: 0.2818
> val_acc: 0.6732, val_f1: 0.2934
> val_acc: 0.6742, val_f1: 0.2940
loss: 0.9518, acc: 0.5992
> val_acc: 0.6742, val_f1: 0.2685
> val_acc: 0.6752, val_f1: 0.2757
> val_acc: 0.6752, val_f1: 0.2687
> val_acc: 0.6742, val_f1: 0.2685
> val_acc: 0.6701, val_f1: 0.2919
> val_acc: 0.6732, val_f1: 0.2934
> val_acc: 0.6721, val_f1: 0.2984
> val_acc: 0.6721, val_f1: 0.2984
> val_acc: 0.6742, val_f1: 0.2685
> val_acc: 0.6752, val_f1: 0.2687
loss: 0.9399, acc: 0.6014
> val_acc: 0.6752, val_f1: 0.2687
> val_acc: 0.6752, val_f1: 0.2687
> val_acc: 0.6752, val_f1: 0.2687
> val_acc: 0.6752, val_f1: 0.2687
> val_acc: 0.6752, val_f1: 0.2757
> val_acc: 0.6752, val_f1: 0.2822
> val_acc: 0.6680, val_f1: 0.3060
> val_acc: 0.6598, val_f1: 0.3554
> val_acc: 0.6423, val_f1: 0.3565
> val_acc: 0.6341, val_f1: 0.3633
loss: 0.9355, acc: 0.6019
> val_acc: 0.6454, val_f1: 0.3573
> val_acc: 0.6629, val_f1: 0.3438
> val_acc: 0.6721, val_f1: 0.3031
> val_acc: 0.6670, val_f1: 0.2955
> val_acc: 0.6434, val_f1: 0.3497
> val_acc: 0.6372, val_f1: 0.3478
> val_acc: 0.6362, val_f1: 0.3574
> val_acc: 0.6516, val_f1: 0.3595
> val_acc: 0.6639, val_f1: 0.3237
> val_acc: 0.6752, val_f1: 0.2758
loss: 0.9304, acc: 0.6006
> val_acc: 0.6752, val_f1: 0.2687
> val_acc: 0.6752, val_f1: 0.2687
> val_acc: 0.6752, val_f1: 0.2687
> val_acc: 0.6752, val_f1: 0.2687
> val_acc: 0.6752, val_f1: 0.2687
> val_acc: 0.6752, val_f1: 0.2687
> val_acc: 0.6773, val_f1: 0.2752
> val_acc: 0.6773, val_f1: 0.3289
> val_acc: 0.6814, val_f1: 0.4716
> val_acc: 0.6752, val_f1: 0.5102
loss: 0.9331, acc: 0.5979
> val_acc: 0.6639, val_f1: 0.4287
> val_acc: 0.6639, val_f1: 0.3480
> val_acc: 0.6752, val_f1: 0.2970
> val_acc: 0.6752, val_f1: 0.2689
> val_acc: 0.6752, val_f1: 0.2689
> val_acc: 0.6752, val_f1: 0.2689
> val_acc: 0.6793, val_f1: 0.2813
> val_acc: 0.6865, val_f1: 0.3047
>> saved: state_dict/aagcn_bert_14_sen_val_acc_0.6865
> val_acc: 0.6845, val_f1: 0.2987
> val_acc: 0.6793, val_f1: 0.2812
loss: 0.9253, acc: 0.5981
> val_acc: 0.6763, val_f1: 0.2719
> val_acc: 0.6752, val_f1: 0.2687
> val_acc: 0.6752, val_f1: 0.2689
> val_acc: 0.6752, val_f1: 0.2822
> val_acc: 0.6619, val_f1: 0.3462
> val_acc: 0.6423, val_f1: 0.3762
> val_acc: 0.6362, val_f1: 0.3762
> val_acc: 0.6403, val_f1: 0.3728
> val_acc: 0.6516, val_f1: 0.3725
> val_acc: 0.6660, val_f1: 0.3551
loss: 0.9166, acc: 0.6022
> val_acc: 0.6752, val_f1: 0.2760
> val_acc: 0.6752, val_f1: 0.2687
> val_acc: 0.6752, val_f1: 0.2687
> val_acc: 0.6886, val_f1: 0.3102
>> saved: state_dict/aagcn_bert_14_sen_val_acc_0.6886
> val_acc: 0.7235, val_f1: 0.4050
>> saved: state_dict/aagcn_bert_14_sen_val_acc_0.7235
> val_acc: 0.7194, val_f1: 0.4067
> val_acc: 0.6896, val_f1: 0.3130
> val_acc: 0.6763, val_f1: 0.2719
> val_acc: 0.6752, val_f1: 0.2687
> val_acc: 0.6752, val_f1: 0.2687
loss: 0.9111, acc: 0.6046
> val_acc: 0.6752, val_f1: 0.2687
> val_acc: 0.6752, val_f1: 0.2687
> val_acc: 0.6752, val_f1: 0.2687
> val_acc: 0.6763, val_f1: 0.2719
> val_acc: 0.6773, val_f1: 0.2810
> val_acc: 0.6886, val_f1: 0.3392
> val_acc: 0.6917, val_f1: 0.4228
> val_acc: 0.7009, val_f1: 0.4722
> val_acc: 0.6978, val_f1: 0.4865
> val_acc: 0.7050, val_f1: 0.5227
loss: 0.9077, acc: 0.6066
> val_acc: 0.6968, val_f1: 0.5150
> val_acc: 0.6835, val_f1: 0.4748
> val_acc: 0.6824, val_f1: 0.4531
> val_acc: 0.6835, val_f1: 0.3938
> val_acc: 0.6824, val_f1: 0.3437
> val_acc: 0.6783, val_f1: 0.3138
> val_acc: 0.6835, val_f1: 0.3005
> val_acc: 0.6937, val_f1: 0.3515
> val_acc: 0.7071, val_f1: 0.4045
> val_acc: 0.7081, val_f1: 0.4540
loss: 0.8987, acc: 0.6103
> val_acc: 0.7071, val_f1: 0.4401
> val_acc: 0.7102, val_f1: 0.4668
> val_acc: 0.6906, val_f1: 0.5159
> val_acc: 0.6814, val_f1: 0.5545
> val_acc: 0.6917, val_f1: 0.5724
> val_acc: 0.7030, val_f1: 0.5080
> val_acc: 0.6989, val_f1: 0.4006
> val_acc: 0.6927, val_f1: 0.3396
> val_acc: 0.6886, val_f1: 0.3149
> val_acc: 0.6896, val_f1: 0.3178
loss: 0.8963, acc: 0.6087
> val_acc: 0.7102, val_f1: 0.3825
> val_acc: 0.7266, val_f1: 0.4798
>> saved: state_dict/aagcn_bert_14_sen_val_acc_0.7266
> val_acc: 0.7379, val_f1: 0.5727
>> saved: state_dict/aagcn_bert_14_sen_val_acc_0.7379
> val_acc: 0.7318, val_f1: 0.5827
> val_acc: 0.7287, val_f1: 0.5671
> val_acc: 0.7554, val_f1: 0.5507
>> saved: state_dict/aagcn_bert_14_sen_val_acc_0.7554
> val_acc: 0.7410, val_f1: 0.5007
> val_acc: 0.7225, val_f1: 0.4714
> val_acc: 0.7163, val_f1: 0.4564
> val_acc: 0.7112, val_f1: 0.4545
loss: 0.8922, acc: 0.6102
> val_acc: 0.7050, val_f1: 0.4449
> val_acc: 0.6978, val_f1: 0.5095
> val_acc: 0.6896, val_f1: 0.4914
> val_acc: 0.6865, val_f1: 0.4552
> val_acc: 0.6886, val_f1: 0.3969
> val_acc: 0.6845, val_f1: 0.3426
> val_acc: 0.6845, val_f1: 0.3089
> val_acc: 0.7091, val_f1: 0.3672
> val_acc: 0.7492, val_f1: 0.4640
> val_acc: 0.7431, val_f1: 0.4764
loss: 0.8854, acc: 0.6125
> val_acc: 0.7492, val_f1: 0.5337
> val_acc: 0.7256, val_f1: 0.5677
> val_acc: 0.7091, val_f1: 0.5749
> val_acc: 0.7348, val_f1: 0.5904
> val_acc: 0.7359, val_f1: 0.5806
> val_acc: 0.7616, val_f1: 0.5906
>> saved: state_dict/aagcn_bert_14_sen_val_acc_0.7616
> val_acc: 0.7626, val_f1: 0.5898
>> saved: state_dict/aagcn_bert_14_sen_val_acc_0.7626
> val_acc: 0.7441, val_f1: 0.5894
> val_acc: 0.7461, val_f1: 0.5911
> val_acc: 0.7390, val_f1: 0.5931
loss: 0.8833, acc: 0.6152
> val_acc: 0.7287, val_f1: 0.5903
> val_acc: 0.7266, val_f1: 0.5904
> val_acc: 0.7441, val_f1: 0.5950
> val_acc: 0.7657, val_f1: 0.6150
>> saved: state_dict/aagcn_bert_14_sen_val_acc_0.7657
> val_acc: 0.7626, val_f1: 0.5966
> val_acc: 0.7646, val_f1: 0.5981
> val_acc: 0.7472, val_f1: 0.5644
> val_acc: 0.7256, val_f1: 0.5138
> val_acc: 0.7009, val_f1: 0.3900
> val_acc: 0.7153, val_f1: 0.4147
loss: 0.8743, acc: 0.6195
> val_acc: 0.7667, val_f1: 0.5013
>> saved: state_dict/aagcn_bert_14_sen_val_acc_0.7667
>>>>>>>>>>>>>>>>>>>>>>>>>>>>>>>>>>>>>>>>>>>>>>>>>>>>>>>>>>>>>>>>>>>>>>>>>>>>>>>>>>>>>>>>>>>>>>>>>>>>
epoch: 1
> val_acc: 0.7287, val_f1: 0.4782
> val_acc: 0.6742, val_f1: 0.4515
> val_acc: 0.6249, val_f1: 0.4263
> val_acc: 0.6393, val_f1: 0.4350
> val_acc: 0.7636, val_f1: 0.6174
> val_acc: 0.7626, val_f1: 0.5299
> val_acc: 0.7256, val_f1: 0.4061
> val_acc: 0.6978, val_f1: 0.3325
> val_acc: 0.6906, val_f1: 0.3161
loss: 0.7790, acc: 0.6562
> val_acc: 0.6824, val_f1: 0.2935
> val_acc: 0.6814, val_f1: 0.2975
> val_acc: 0.6865, val_f1: 0.4129
> val_acc: 0.6835, val_f1: 0.4642
> val_acc: 0.6958, val_f1: 0.5247
> val_acc: 0.7040, val_f1: 0.5683
> val_acc: 0.7163, val_f1: 0.5920
> val_acc: 0.7328, val_f1: 0.6165
> val_acc: 0.7400, val_f1: 0.5944
> val_acc: 0.7348, val_f1: 0.4889
loss: 0.7713, acc: 0.6625
> val_acc: 0.7472, val_f1: 0.4881
> val_acc: 0.7605, val_f1: 0.4871
> val_acc: 0.7390, val_f1: 0.4441
> val_acc: 0.7235, val_f1: 0.4069
> val_acc: 0.7235, val_f1: 0.4043
> val_acc: 0.7256, val_f1: 0.4083
> val_acc: 0.7461, val_f1: 0.4509
> val_acc: 0.7585, val_f1: 0.4755
> val_acc: 0.7698, val_f1: 0.4955
>> saved: state_dict/aagcn_bert_14_sen_val_acc_0.7698
> val_acc: 0.7718, val_f1: 0.5158
>> saved: state_dict/aagcn_bert_14_sen_val_acc_0.7718
loss: 0.8106, acc: 0.6625
> val_acc: 0.7605, val_f1: 0.5085
> val_acc: 0.7657, val_f1: 0.5482
> val_acc: 0.7688, val_f1: 0.6026
> val_acc: 0.7770, val_f1: 0.6405
>> saved: state_dict/aagcn_bert_14_sen_val_acc_0.777
> val_acc: 0.7688, val_f1: 0.6289
> val_acc: 0.7595, val_f1: 0.6115
> val_acc: 0.7595, val_f1: 0.6078
> val_acc: 0.7513, val_f1: 0.5899
> val_acc: 0.7492, val_f1: 0.5821
> val_acc: 0.7338, val_f1: 0.5489
loss: 0.7857, acc: 0.6813
> val_acc: 0.7215, val_f1: 0.5246
> val_acc: 0.7133, val_f1: 0.5023
> val_acc: 0.7235, val_f1: 0.5224
> val_acc: 0.7318, val_f1: 0.5394
> val_acc: 0.7318, val_f1: 0.5412
> val_acc: 0.7472, val_f1: 0.5724
> val_acc: 0.7657, val_f1: 0.5987
> val_acc: 0.7893, val_f1: 0.6397
>> saved: state_dict/aagcn_bert_14_sen_val_acc_0.7893
> val_acc: 0.8047, val_f1: 0.6644
>> saved: state_dict/aagcn_bert_14_sen_val_acc_0.8047
> val_acc: 0.7924, val_f1: 0.6368
loss: 0.7595, acc: 0.6863
> val_acc: 0.7564, val_f1: 0.5500
> val_acc: 0.7379, val_f1: 0.5385
> val_acc: 0.7451, val_f1: 0.5758
> val_acc: 0.7790, val_f1: 0.6305
> val_acc: 0.8294, val_f1: 0.6936
>> saved: state_dict/aagcn_bert_14_sen_val_acc_0.8294
> val_acc: 0.8068, val_f1: 0.6342
> val_acc: 0.7986, val_f1: 0.5776
> val_acc: 0.7811, val_f1: 0.5472
> val_acc: 0.7934, val_f1: 0.5806
> val_acc: 0.8088, val_f1: 0.6445
loss: 0.7345, acc: 0.6885
> val_acc: 0.8243, val_f1: 0.6892
> val_acc: 0.8253, val_f1: 0.6997
> val_acc: 0.8243, val_f1: 0.6775
> val_acc: 0.8171, val_f1: 0.6279
> val_acc: 0.8129, val_f1: 0.5674
> val_acc: 0.8099, val_f1: 0.5513
> val_acc: 0.8109, val_f1: 0.5458
> val_acc: 0.7965, val_f1: 0.5273
> val_acc: 0.7801, val_f1: 0.5033
> val_acc: 0.7780, val_f1: 0.4952
loss: 0.7016, acc: 0.7018
> val_acc: 0.7821, val_f1: 0.5046
> val_acc: 0.7965, val_f1: 0.5456
> val_acc: 0.8232, val_f1: 0.6932
> val_acc: 0.8027, val_f1: 0.6801
> val_acc: 0.7862, val_f1: 0.6759
> val_acc: 0.7646, val_f1: 0.6614
> val_acc: 0.7698, val_f1: 0.6692
> val_acc: 0.7718, val_f1: 0.6574
> val_acc: 0.7780, val_f1: 0.6519
> val_acc: 0.7770, val_f1: 0.6349
loss: 0.6836, acc: 0.7086
> val_acc: 0.7739, val_f1: 0.6217
> val_acc: 0.7831, val_f1: 0.6222
> val_acc: 0.7873, val_f1: 0.6279
> val_acc: 0.7914, val_f1: 0.6391
> val_acc: 0.7955, val_f1: 0.6542
> val_acc: 0.8058, val_f1: 0.6724
> val_acc: 0.8037, val_f1: 0.6739
> val_acc: 0.8119, val_f1: 0.6908
> val_acc: 0.8088, val_f1: 0.6922
> val_acc: 0.8181, val_f1: 0.7048
loss: 0.6623, acc: 0.7174
> val_acc: 0.8191, val_f1: 0.7062
> val_acc: 0.8232, val_f1: 0.7048
> val_acc: 0.8284, val_f1: 0.7107
> val_acc: 0.8345, val_f1: 0.7182
>> saved: state_dict/aagcn_bert_14_sen_val_acc_0.8345
> val_acc: 0.8376, val_f1: 0.7238
>> saved: state_dict/aagcn_bert_14_sen_val_acc_0.8376
> val_acc: 0.8417, val_f1: 0.7263
>> saved: state_dict/aagcn_bert_14_sen_val_acc_0.8417
> val_acc: 0.8376, val_f1: 0.7219
> val_acc: 0.8376, val_f1: 0.7194
> val_acc: 0.8325, val_f1: 0.7060
> val_acc: 0.8335, val_f1: 0.7054
loss: 0.6518, acc: 0.7244
> val_acc: 0.8273, val_f1: 0.6834
> val_acc: 0.8253, val_f1: 0.6593
> val_acc: 0.8263, val_f1: 0.6490
> val_acc: 0.8335, val_f1: 0.6629
> val_acc: 0.8356, val_f1: 0.6730
> val_acc: 0.8469, val_f1: 0.7025
>> saved: state_dict/aagcn_bert_14_sen_val_acc_0.8469
> val_acc: 0.8489, val_f1: 0.7127
>> saved: state_dict/aagcn_bert_14_sen_val_acc_0.8489
> val_acc: 0.8428, val_f1: 0.7074
> val_acc: 0.8479, val_f1: 0.7181
> val_acc: 0.8541, val_f1: 0.7235
>> saved: state_dict/aagcn_bert_14_sen_val_acc_0.8541
loss: 0.6440, acc: 0.7267
> val_acc: 0.8510, val_f1: 0.7235
> val_acc: 0.8489, val_f1: 0.7314
> val_acc: 0.8407, val_f1: 0.7288
> val_acc: 0.8356, val_f1: 0.7221
> val_acc: 0.8304, val_f1: 0.7163
> val_acc: 0.8222, val_f1: 0.7032
> val_acc: 0.8222, val_f1: 0.6946
> val_acc: 0.8171, val_f1: 0.6772
> val_acc: 0.8160, val_f1: 0.6738
> val_acc: 0.8140, val_f1: 0.6545
loss: 0.6400, acc: 0.7276
> val_acc: 0.8284, val_f1: 0.6885
> val_acc: 0.8469, val_f1: 0.7276
> val_acc: 0.8489, val_f1: 0.7316
> val_acc: 0.8448, val_f1: 0.7279
> val_acc: 0.8428, val_f1: 0.7339
> val_acc: 0.8428, val_f1: 0.7418
> val_acc: 0.8417, val_f1: 0.7309
> val_acc: 0.8479, val_f1: 0.7461
> val_acc: 0.8520, val_f1: 0.7409
> val_acc: 0.8551, val_f1: 0.7443
>> saved: state_dict/aagcn_bert_14_sen_val_acc_0.8551
loss: 0.6341, acc: 0.7293
> val_acc: 0.8510, val_f1: 0.7401
> val_acc: 0.8407, val_f1: 0.7197
> val_acc: 0.8366, val_f1: 0.7170
> val_acc: 0.8284, val_f1: 0.7018
> val_acc: 0.8243, val_f1: 0.7034
> val_acc: 0.8232, val_f1: 0.7120
> val_acc: 0.8284, val_f1: 0.7240
> val_acc: 0.8335, val_f1: 0.7371
> val_acc: 0.8386, val_f1: 0.7429
> val_acc: 0.8417, val_f1: 0.7444
loss: 0.6273, acc: 0.7304
> val_acc: 0.8520, val_f1: 0.7615
> val_acc: 0.8613, val_f1: 0.7703
>> saved: state_dict/aagcn_bert_14_sen_val_acc_0.8613
> val_acc: 0.8592, val_f1: 0.7599
> val_acc: 0.8561, val_f1: 0.7533
> val_acc: 0.8623, val_f1: 0.7543
>> saved: state_dict/aagcn_bert_14_sen_val_acc_0.8623
> val_acc: 0.8633, val_f1: 0.7471
>> saved: state_dict/aagcn_bert_14_sen_val_acc_0.8633
> val_acc: 0.8664, val_f1: 0.7554
>> saved: state_dict/aagcn_bert_14_sen_val_acc_0.8664
> val_acc: 0.8664, val_f1: 0.7498
> val_acc: 0.8633, val_f1: 0.7356
> val_acc: 0.8592, val_f1: 0.7325
loss: 0.6099, acc: 0.7392
> val_acc: 0.8582, val_f1: 0.7315
> val_acc: 0.8551, val_f1: 0.7239
> val_acc: 0.8551, val_f1: 0.7235
> val_acc: 0.8551, val_f1: 0.7237
> val_acc: 0.8551, val_f1: 0.7228
> val_acc: 0.8592, val_f1: 0.7396
> val_acc: 0.8613, val_f1: 0.7505
> val_acc: 0.8571, val_f1: 0.7497
> val_acc: 0.8438, val_f1: 0.7447
> val_acc: 0.8201, val_f1: 0.7318
loss: 0.6036, acc: 0.7438
> val_acc: 0.8171, val_f1: 0.7369
> val_acc: 0.8129, val_f1: 0.7331
> val_acc: 0.8273, val_f1: 0.7444
> val_acc: 0.8386, val_f1: 0.7442
> val_acc: 0.8469, val_f1: 0.7294
> val_acc: 0.8407, val_f1: 0.6881
> val_acc: 0.8263, val_f1: 0.6456
> val_acc: 0.8284, val_f1: 0.6475
> val_acc: 0.8345, val_f1: 0.6612
> val_acc: 0.8386, val_f1: 0.6794
loss: 0.5973, acc: 0.7467
> val_acc: 0.8479, val_f1: 0.7086
> val_acc: 0.8499, val_f1: 0.7266
> val_acc: 0.8541, val_f1: 0.7379
> val_acc: 0.8541, val_f1: 0.7228
> val_acc: 0.8571, val_f1: 0.7147
> val_acc: 0.8520, val_f1: 0.6972
> val_acc: 0.8489, val_f1: 0.6951
> val_acc: 0.8417, val_f1: 0.7014
> val_acc: 0.8314, val_f1: 0.7095
> val_acc: 0.8232, val_f1: 0.7076
loss: 0.5934, acc: 0.7476
> val_acc: 0.8428, val_f1: 0.7291
> val_acc: 0.8602, val_f1: 0.7462
> val_acc: 0.8623, val_f1: 0.7472
> val_acc: 0.8674, val_f1: 0.7633
>> saved: state_dict/aagcn_bert_14_sen_val_acc_0.8674
> val_acc: 0.8541, val_f1: 0.7429
> val_acc: 0.8428, val_f1: 0.7274
> val_acc: 0.8325, val_f1: 0.7151
> val_acc: 0.8243, val_f1: 0.7040
> val_acc: 0.8171, val_f1: 0.6948
> val_acc: 0.8150, val_f1: 0.6900
loss: 0.5846, acc: 0.7520
> val_acc: 0.8129, val_f1: 0.6833
> val_acc: 0.8129, val_f1: 0.6752
> val_acc: 0.8150, val_f1: 0.6731
> val_acc: 0.8171, val_f1: 0.6784
> val_acc: 0.8160, val_f1: 0.6726
> val_acc: 0.8232, val_f1: 0.6806
> val_acc: 0.8366, val_f1: 0.7120
> val_acc: 0.8571, val_f1: 0.7531
> val_acc: 0.8613, val_f1: 0.7728
> val_acc: 0.8510, val_f1: 0.7670
loss: 0.5880, acc: 0.7525
> val_acc: 0.8325, val_f1: 0.7502
> val_acc: 0.8284, val_f1: 0.7457
> val_acc: 0.8284, val_f1: 0.7432
> val_acc: 0.8386, val_f1: 0.7523
> val_acc: 0.8479, val_f1: 0.7574
> val_acc: 0.8489, val_f1: 0.7552
> val_acc: 0.8541, val_f1: 0.7500
> val_acc: 0.8613, val_f1: 0.7470
> val_acc: 0.8551, val_f1: 0.7303
> val_acc: 0.8530, val_f1: 0.7164
loss: 0.5830, acc: 0.7551
> val_acc: 0.8448, val_f1: 0.7020
> val_acc: 0.8356, val_f1: 0.6883
> val_acc: 0.8273, val_f1: 0.6716
> val_acc: 0.8253, val_f1: 0.6689
> val_acc: 0.8284, val_f1: 0.6776
> val_acc: 0.8458, val_f1: 0.7180
> val_acc: 0.8499, val_f1: 0.7269
> val_acc: 0.8469, val_f1: 0.7301
> val_acc: 0.8428, val_f1: 0.7362
> val_acc: 0.8448, val_f1: 0.7503
loss: 0.5811, acc: 0.7577
> val_acc: 0.8438, val_f1: 0.7564
>>>>>>>>>>>>>>>>>>>>>>>>>>>>>>>>>>>>>>>>>>>>>>>>>>>>>>>>>>>>>>>>>>>>>>>>>>>>>>>>>>>>>>>>>>>>>>>>>>>>
epoch: 2
> val_acc: 0.8191, val_f1: 0.7409
> val_acc: 0.8047, val_f1: 0.7293
> val_acc: 0.8078, val_f1: 0.7303
> val_acc: 0.8212, val_f1: 0.7382
> val_acc: 0.8397, val_f1: 0.7535
> val_acc: 0.8458, val_f1: 0.7558
> val_acc: 0.8613, val_f1: 0.7645
> val_acc: 0.8643, val_f1: 0.7630
> val_acc: 0.8654, val_f1: 0.7465
loss: 0.4116, acc: 0.8625
> val_acc: 0.8654, val_f1: 0.7390
> val_acc: 0.8592, val_f1: 0.7306
> val_acc: 0.8541, val_f1: 0.7230
> val_acc: 0.8541, val_f1: 0.7236
> val_acc: 0.8541, val_f1: 0.7236
> val_acc: 0.8602, val_f1: 0.7306
> val_acc: 0.8592, val_f1: 0.7288
> val_acc: 0.8684, val_f1: 0.7496
>> saved: state_dict/aagcn_bert_14_sen_val_acc_0.8684
> val_acc: 0.8674, val_f1: 0.7665
> val_acc: 0.8674, val_f1: 0.7744
loss: 0.3977, acc: 0.8531
> val_acc: 0.8633, val_f1: 0.7711
> val_acc: 0.8643, val_f1: 0.7734
> val_acc: 0.8613, val_f1: 0.7705
> val_acc: 0.8623, val_f1: 0.7721
> val_acc: 0.8695, val_f1: 0.7781
>> saved: state_dict/aagcn_bert_14_sen_val_acc_0.8695
> val_acc: 0.8726, val_f1: 0.7770
>> saved: state_dict/aagcn_bert_14_sen_val_acc_0.8726
> val_acc: 0.8726, val_f1: 0.7685
> val_acc: 0.8756, val_f1: 0.7724
>> saved: state_dict/aagcn_bert_14_sen_val_acc_0.8756
> val_acc: 0.8777, val_f1: 0.7701
>> saved: state_dict/aagcn_bert_14_sen_val_acc_0.8777
> val_acc: 0.8746, val_f1: 0.7654
loss: 0.3858, acc: 0.8417
> val_acc: 0.8726, val_f1: 0.7663
> val_acc: 0.8746, val_f1: 0.7731
> val_acc: 0.8746, val_f1: 0.7737
> val_acc: 0.8695, val_f1: 0.7666
> val_acc: 0.8643, val_f1: 0.7620
> val_acc: 0.8623, val_f1: 0.7587
> val_acc: 0.8613, val_f1: 0.7636
> val_acc: 0.8623, val_f1: 0.7635
> val_acc: 0.8684, val_f1: 0.7703
> val_acc: 0.8684, val_f1: 0.7600
loss: 0.3798, acc: 0.8469
> val_acc: 0.8715, val_f1: 0.7712
> val_acc: 0.8736, val_f1: 0.7720
> val_acc: 0.8623, val_f1: 0.7547
> val_acc: 0.8520, val_f1: 0.7367
> val_acc: 0.8438, val_f1: 0.7340
> val_acc: 0.8448, val_f1: 0.7411
> val_acc: 0.8366, val_f1: 0.7297
> val_acc: 0.8314, val_f1: 0.7219
> val_acc: 0.8232, val_f1: 0.7056
> val_acc: 0.8284, val_f1: 0.7146
loss: 0.3632, acc: 0.8525
> val_acc: 0.8345, val_f1: 0.7240
> val_acc: 0.8397, val_f1: 0.7317
> val_acc: 0.8520, val_f1: 0.7486
> val_acc: 0.8582, val_f1: 0.7581
> val_acc: 0.8613, val_f1: 0.7642
> val_acc: 0.8623, val_f1: 0.7739
> val_acc: 0.8602, val_f1: 0.7748
> val_acc: 0.8602, val_f1: 0.7788
> val_acc: 0.8777, val_f1: 0.8029
> val_acc: 0.8798, val_f1: 0.7919
>> saved: state_dict/aagcn_bert_14_sen_val_acc_0.8798
loss: 0.3699, acc: 0.8510
> val_acc: 0.8726, val_f1: 0.7748
> val_acc: 0.8664, val_f1: 0.7508
> val_acc: 0.8695, val_f1: 0.7553
> val_acc: 0.8654, val_f1: 0.7420
> val_acc: 0.8664, val_f1: 0.7432
> val_acc: 0.8695, val_f1: 0.7529
> val_acc: 0.8705, val_f1: 0.7634
> val_acc: 0.8674, val_f1: 0.7625
> val_acc: 0.8674, val_f1: 0.7656
> val_acc: 0.8695, val_f1: 0.7715
loss: 0.3647, acc: 0.8545
> val_acc: 0.8695, val_f1: 0.7716
> val_acc: 0.8715, val_f1: 0.7685
> val_acc: 0.8613, val_f1: 0.7554
> val_acc: 0.8520, val_f1: 0.7447
> val_acc: 0.8458, val_f1: 0.7343
> val_acc: 0.8458, val_f1: 0.7455
> val_acc: 0.8438, val_f1: 0.7497
> val_acc: 0.8448, val_f1: 0.7524
> val_acc: 0.8458, val_f1: 0.7548
> val_acc: 0.8489, val_f1: 0.7556
loss: 0.3628, acc: 0.8547
> val_acc: 0.8551, val_f1: 0.7630
> val_acc: 0.8602, val_f1: 0.7712
> val_acc: 0.8643, val_f1: 0.7721
> val_acc: 0.8664, val_f1: 0.7728
> val_acc: 0.8684, val_f1: 0.7747
> val_acc: 0.8684, val_f1: 0.7715
> val_acc: 0.8643, val_f1: 0.7629
> val_acc: 0.8654, val_f1: 0.7561
> val_acc: 0.8643, val_f1: 0.7529
> val_acc: 0.8684, val_f1: 0.7638
loss: 0.3617, acc: 0.8549
> val_acc: 0.8623, val_f1: 0.7560
> val_acc: 0.8654, val_f1: 0.7680
> val_acc: 0.8654, val_f1: 0.7723
> val_acc: 0.8633, val_f1: 0.7722
> val_acc: 0.8705, val_f1: 0.7823
> val_acc: 0.8695, val_f1: 0.7816
> val_acc: 0.8674, val_f1: 0.7811
> val_acc: 0.8664, val_f1: 0.7803
> val_acc: 0.8664, val_f1: 0.7810
> val_acc: 0.8726, val_f1: 0.7875
loss: 0.3498, acc: 0.8588
> val_acc: 0.8715, val_f1: 0.7885
> val_acc: 0.8726, val_f1: 0.7886
> val_acc: 0.8715, val_f1: 0.7866
> val_acc: 0.8705, val_f1: 0.7850
> val_acc: 0.8684, val_f1: 0.7802
> val_acc: 0.8695, val_f1: 0.7842
> val_acc: 0.8654, val_f1: 0.7758
> val_acc: 0.8674, val_f1: 0.7780
> val_acc: 0.8726, val_f1: 0.7845
> val_acc: 0.8798, val_f1: 0.7917
loss: 0.3452, acc: 0.8602
> val_acc: 0.8828, val_f1: 0.7967
>> saved: state_dict/aagcn_bert_14_sen_val_acc_0.8828
> val_acc: 0.8798, val_f1: 0.7907
> val_acc: 0.8756, val_f1: 0.7835
> val_acc: 0.8756, val_f1: 0.7780
> val_acc: 0.8715, val_f1: 0.7651
> val_acc: 0.8695, val_f1: 0.7585
> val_acc: 0.8684, val_f1: 0.7576
> val_acc: 0.8674, val_f1: 0.7578
> val_acc: 0.8674, val_f1: 0.7584
> val_acc: 0.8674, val_f1: 0.7574
loss: 0.3416, acc: 0.8615
> val_acc: 0.8613, val_f1: 0.7435
> val_acc: 0.8613, val_f1: 0.7419
> val_acc: 0.8643, val_f1: 0.7481
> val_acc: 0.8746, val_f1: 0.7681
> val_acc: 0.8828, val_f1: 0.7996
> val_acc: 0.8777, val_f1: 0.8012
> val_acc: 0.8674, val_f1: 0.7907
> val_acc: 0.8551, val_f1: 0.7782
> val_acc: 0.8366, val_f1: 0.7588
> val_acc: 0.8325, val_f1: 0.7562
loss: 0.3438, acc: 0.8625
> val_acc: 0.8335, val_f1: 0.7528
> val_acc: 0.8530, val_f1: 0.7735
> val_acc: 0.8674, val_f1: 0.7857
> val_acc: 0.8828, val_f1: 0.8067
> val_acc: 0.8787, val_f1: 0.7826
> val_acc: 0.8664, val_f1: 0.7608
> val_acc: 0.8469, val_f1: 0.7122
> val_acc: 0.8325, val_f1: 0.6860
> val_acc: 0.8314, val_f1: 0.6916
> val_acc: 0.8304, val_f1: 0.6943
loss: 0.3492, acc: 0.8585
> val_acc: 0.8366, val_f1: 0.7100
> val_acc: 0.8571, val_f1: 0.7525
> val_acc: 0.8715, val_f1: 0.7786
> val_acc: 0.8684, val_f1: 0.7741
> val_acc: 0.8643, val_f1: 0.7839
> val_acc: 0.8571, val_f1: 0.7819
> val_acc: 0.8366, val_f1: 0.7668
> val_acc: 0.8304, val_f1: 0.7598
> val_acc: 0.8304, val_f1: 0.7597
> val_acc: 0.8397, val_f1: 0.7671
loss: 0.3539, acc: 0.8571
> val_acc: 0.8623, val_f1: 0.7851
> val_acc: 0.8808, val_f1: 0.7989
> val_acc: 0.8828, val_f1: 0.7960
> val_acc: 0.8756, val_f1: 0.7771
> val_acc: 0.8654, val_f1: 0.7403
> val_acc: 0.8561, val_f1: 0.7097
> val_acc: 0.8582, val_f1: 0.7107
> val_acc: 0.8633, val_f1: 0.7197
> val_acc: 0.8654, val_f1: 0.7318
> val_acc: 0.8767, val_f1: 0.7704
loss: 0.3608, acc: 0.8535
> val_acc: 0.8880, val_f1: 0.8069
>> saved: state_dict/aagcn_bert_14_sen_val_acc_0.888
> val_acc: 0.8684, val_f1: 0.7940
> val_acc: 0.8469, val_f1: 0.7730
> val_acc: 0.8438, val_f1: 0.7696
> val_acc: 0.8458, val_f1: 0.7750
> val_acc: 0.8530, val_f1: 0.7829
> val_acc: 0.8633, val_f1: 0.7874
> val_acc: 0.8715, val_f1: 0.7929
> val_acc: 0.8777, val_f1: 0.7982
> val_acc: 0.8798, val_f1: 0.7970
loss: 0.3598, acc: 0.8537
> val_acc: 0.8818, val_f1: 0.7955
> val_acc: 0.8777, val_f1: 0.7873
> val_acc: 0.8777, val_f1: 0.7879
> val_acc: 0.8756, val_f1: 0.7881
> val_acc: 0.8756, val_f1: 0.7873
> val_acc: 0.8767, val_f1: 0.7889
> val_acc: 0.8767, val_f1: 0.7898
> val_acc: 0.8756, val_f1: 0.7940
> val_acc: 0.8798, val_f1: 0.8021
> val_acc: 0.8798, val_f1: 0.8008
loss: 0.3610, acc: 0.8538
> val_acc: 0.8767, val_f1: 0.7940
> val_acc: 0.8798, val_f1: 0.7987
> val_acc: 0.8828, val_f1: 0.8038
> val_acc: 0.8808, val_f1: 0.8009
> val_acc: 0.8777, val_f1: 0.7965
> val_acc: 0.8746, val_f1: 0.7989
> val_acc: 0.8705, val_f1: 0.7922
> val_acc: 0.8643, val_f1: 0.7831
> val_acc: 0.8705, val_f1: 0.7875
> val_acc: 0.8808, val_f1: 0.7959
loss: 0.3680, acc: 0.8520
> val_acc: 0.8818, val_f1: 0.7945
> val_acc: 0.8787, val_f1: 0.7840
> val_acc: 0.8777, val_f1: 0.7747
> val_acc: 0.8684, val_f1: 0.7574
> val_acc: 0.8695, val_f1: 0.7563
> val_acc: 0.8736, val_f1: 0.7642
> val_acc: 0.8839, val_f1: 0.7849
> val_acc: 0.8839, val_f1: 0.7939
> val_acc: 0.8900, val_f1: 0.8067
>> saved: state_dict/aagcn_bert_14_sen_val_acc_0.89
> val_acc: 0.8900, val_f1: 0.8116
loss: 0.3678, acc: 0.8522
> val_acc: 0.8921, val_f1: 0.8154
>> saved: state_dict/aagcn_bert_14_sen_val_acc_0.8921
> val_acc: 0.8941, val_f1: 0.8205
>> saved: state_dict/aagcn_bert_14_sen_val_acc_0.8941
> val_acc: 0.8828, val_f1: 0.8135
> val_acc: 0.8695, val_f1: 0.7944
> val_acc: 0.8715, val_f1: 0.7962
> val_acc: 0.8736, val_f1: 0.8013
> val_acc: 0.8767, val_f1: 0.8039
> val_acc: 0.8787, val_f1: 0.7990
> val_acc: 0.8828, val_f1: 0.8035
> val_acc: 0.8808, val_f1: 0.7824
loss: 0.3703, acc: 0.8506
> val_acc: 0.8777, val_f1: 0.7661
> val_acc: 0.8746, val_f1: 0.7612
> val_acc: 0.8715, val_f1: 0.7593
> val_acc: 0.8715, val_f1: 0.7583
> val_acc: 0.8746, val_f1: 0.7770
> val_acc: 0.8808, val_f1: 0.7922
> val_acc: 0.8839, val_f1: 0.8128
> val_acc: 0.8746, val_f1: 0.8002
> val_acc: 0.8592, val_f1: 0.7845
> val_acc: 0.8551, val_f1: 0.7766
loss: 0.3752, acc: 0.8490
> val_acc: 0.8417, val_f1: 0.7591
>>>>>>>>>>>>>>>>>>>>>>>>>>>>>>>>>>>>>>>>>>>>>>>>>>>>>>>>>>>>>>>>>>>>>>>>>>>>>>>>>>>>>>>>>>>>>>>>>>>>
epoch: 3
> val_acc: 0.8356, val_f1: 0.7441
> val_acc: 0.8294, val_f1: 0.7339
> val_acc: 0.8325, val_f1: 0.7357
> val_acc: 0.8448, val_f1: 0.7494
> val_acc: 0.8613, val_f1: 0.7747
> val_acc: 0.8633, val_f1: 0.7732
> val_acc: 0.8684, val_f1: 0.7778
> val_acc: 0.8633, val_f1: 0.7568
> val_acc: 0.8684, val_f1: 0.7563
loss: 0.3038, acc: 0.9125
> val_acc: 0.8777, val_f1: 0.7658
> val_acc: 0.8808, val_f1: 0.7765
> val_acc: 0.8808, val_f1: 0.7877
> val_acc: 0.8849, val_f1: 0.8074
> val_acc: 0.8828, val_f1: 0.8079
> val_acc: 0.8787, val_f1: 0.8110
> val_acc: 0.8736, val_f1: 0.8009
> val_acc: 0.8777, val_f1: 0.8069
> val_acc: 0.8777, val_f1: 0.8071
> val_acc: 0.8818, val_f1: 0.8115
loss: 0.2751, acc: 0.9000
> val_acc: 0.8808, val_f1: 0.8136
> val_acc: 0.8787, val_f1: 0.8076
> val_acc: 0.8736, val_f1: 0.7904
> val_acc: 0.8695, val_f1: 0.7774
> val_acc: 0.8643, val_f1: 0.7693
> val_acc: 0.8561, val_f1: 0.7566
> val_acc: 0.8541, val_f1: 0.7576
> val_acc: 0.8571, val_f1: 0.7684
> val_acc: 0.8510, val_f1: 0.7632
> val_acc: 0.8592, val_f1: 0.7783
loss: 0.2571, acc: 0.9021
> val_acc: 0.8674, val_f1: 0.7891
> val_acc: 0.8736, val_f1: 0.7960
> val_acc: 0.8777, val_f1: 0.8010
> val_acc: 0.8849, val_f1: 0.8113
> val_acc: 0.8880, val_f1: 0.8111
> val_acc: 0.8890, val_f1: 0.8090
> val_acc: 0.8941, val_f1: 0.8129
> val_acc: 0.8941, val_f1: 0.7994
> val_acc: 0.8931, val_f1: 0.7937
> val_acc: 0.8839, val_f1: 0.7687
loss: 0.2382, acc: 0.9094
> val_acc: 0.8798, val_f1: 0.7576
> val_acc: 0.8798, val_f1: 0.7576
> val_acc: 0.8746, val_f1: 0.7473
> val_acc: 0.8705, val_f1: 0.7366
> val_acc: 0.8684, val_f1: 0.7274
> val_acc: 0.8798, val_f1: 0.7644
> val_acc: 0.8911, val_f1: 0.8000
> val_acc: 0.8736, val_f1: 0.7985
> val_acc: 0.8489, val_f1: 0.7760
> val_acc: 0.8027, val_f1: 0.7332
loss: 0.2431, acc: 0.9087
> val_acc: 0.7544, val_f1: 0.6904
> val_acc: 0.7575, val_f1: 0.6939
> val_acc: 0.8201, val_f1: 0.7494
> val_acc: 0.8571, val_f1: 0.7844
> val_acc: 0.8869, val_f1: 0.8090
> val_acc: 0.8818, val_f1: 0.7921
> val_acc: 0.8633, val_f1: 0.7502
> val_acc: 0.8499, val_f1: 0.7281
> val_acc: 0.8510, val_f1: 0.7280
> val_acc: 0.8530, val_f1: 0.7331
loss: 0.2741, acc: 0.9000
> val_acc: 0.8726, val_f1: 0.7608
> val_acc: 0.8911, val_f1: 0.8052
> val_acc: 0.8890, val_f1: 0.8075
> val_acc: 0.8777, val_f1: 0.7941
> val_acc: 0.8643, val_f1: 0.7885
> val_acc: 0.8458, val_f1: 0.7717
> val_acc: 0.8407, val_f1: 0.7693
> val_acc: 0.8366, val_f1: 0.7678
> val_acc: 0.8376, val_f1: 0.7666
> val_acc: 0.8489, val_f1: 0.7779
loss: 0.2730, acc: 0.9000
> val_acc: 0.8664, val_f1: 0.7960
> val_acc: 0.8767, val_f1: 0.8066
> val_acc: 0.8756, val_f1: 0.7949
> val_acc: 0.8787, val_f1: 0.7915
> val_acc: 0.8613, val_f1: 0.7612
> val_acc: 0.8428, val_f1: 0.7323
> val_acc: 0.8386, val_f1: 0.7229
> val_acc: 0.8356, val_f1: 0.7199
> val_acc: 0.8376, val_f1: 0.7259
> val_acc: 0.8386, val_f1: 0.7293
loss: 0.2763, acc: 0.8977
> val_acc: 0.8458, val_f1: 0.7438
> val_acc: 0.8654, val_f1: 0.7737
> val_acc: 0.8746, val_f1: 0.7871
> val_acc: 0.8777, val_f1: 0.7991
> val_acc: 0.8767, val_f1: 0.8013
> val_acc: 0.8736, val_f1: 0.7999
> val_acc: 0.8726, val_f1: 0.7992
> val_acc: 0.8767, val_f1: 0.8088
> val_acc: 0.8777, val_f1: 0.8096
> val_acc: 0.8839, val_f1: 0.8158
loss: 0.2737, acc: 0.8993
> val_acc: 0.8859, val_f1: 0.8180
> val_acc: 0.8911, val_f1: 0.8214
> val_acc: 0.8952, val_f1: 0.8249
>> saved: state_dict/aagcn_bert_14_sen_val_acc_0.8952
> val_acc: 0.8952, val_f1: 0.8269
> val_acc: 0.8900, val_f1: 0.8158
> val_acc: 0.8900, val_f1: 0.8145
> val_acc: 0.8941, val_f1: 0.8221
> val_acc: 0.8962, val_f1: 0.8240
>> saved: state_dict/aagcn_bert_14_sen_val_acc_0.8962
> val_acc: 0.8941, val_f1: 0.8252
> val_acc: 0.8911, val_f1: 0.8237
loss: 0.2623, acc: 0.9031
> val_acc: 0.8880, val_f1: 0.8236
> val_acc: 0.8849, val_f1: 0.8161
> val_acc: 0.8798, val_f1: 0.8088
> val_acc: 0.8715, val_f1: 0.7995
> val_acc: 0.8705, val_f1: 0.7982
> val_acc: 0.8828, val_f1: 0.8118
> val_acc: 0.8859, val_f1: 0.8159
> val_acc: 0.8900, val_f1: 0.8203
> val_acc: 0.8859, val_f1: 0.8128
> val_acc: 0.8818, val_f1: 0.7998
loss: 0.2590, acc: 0.9040
> val_acc: 0.8808, val_f1: 0.7971
> val_acc: 0.8839, val_f1: 0.8025
> val_acc: 0.8900, val_f1: 0.8074
> val_acc: 0.8869, val_f1: 0.8002
> val_acc: 0.8880, val_f1: 0.7966
> val_acc: 0.8890, val_f1: 0.7982
> val_acc: 0.8859, val_f1: 0.7960
> val_acc: 0.8777, val_f1: 0.7898
> val_acc: 0.8798, val_f1: 0.8066
> val_acc: 0.8551, val_f1: 0.7804
loss: 0.2567, acc: 0.9031
> val_acc: 0.8397, val_f1: 0.7617
> val_acc: 0.8273, val_f1: 0.7530
> val_acc: 0.8222, val_f1: 0.7518
> val_acc: 0.8232, val_f1: 0.7517
> val_acc: 0.8294, val_f1: 0.7551
> val_acc: 0.8643, val_f1: 0.7909
> val_acc: 0.8798, val_f1: 0.8041
> val_acc: 0.8849, val_f1: 0.8009
> val_acc: 0.8798, val_f1: 0.7858
> val_acc: 0.8736, val_f1: 0.7724
loss: 0.2574, acc: 0.9029
> val_acc: 0.8684, val_f1: 0.7608
> val_acc: 0.8654, val_f1: 0.7547
> val_acc: 0.8592, val_f1: 0.7472
> val_acc: 0.8674, val_f1: 0.7684
> val_acc: 0.8705, val_f1: 0.7793
> val_acc: 0.8684, val_f1: 0.7761
> val_acc: 0.8705, val_f1: 0.7867
> val_acc: 0.8664, val_f1: 0.7832
> val_acc: 0.8602, val_f1: 0.7791
> val_acc: 0.8530, val_f1: 0.7698
loss: 0.2565, acc: 0.9031
> val_acc: 0.8397, val_f1: 0.7570
> val_acc: 0.8448, val_f1: 0.7665
> val_acc: 0.8592, val_f1: 0.7865
> val_acc: 0.8705, val_f1: 0.7990
> val_acc: 0.8818, val_f1: 0.8123
> val_acc: 0.8839, val_f1: 0.8147
> val_acc: 0.8859, val_f1: 0.8100
> val_acc: 0.8900, val_f1: 0.8091
> val_acc: 0.8911, val_f1: 0.8025
> val_acc: 0.8869, val_f1: 0.7894
loss: 0.2589, acc: 0.9017
> val_acc: 0.8890, val_f1: 0.7989
> val_acc: 0.8839, val_f1: 0.8046
> val_acc: 0.8818, val_f1: 0.8080
> val_acc: 0.8798, val_f1: 0.8107
> val_acc: 0.8726, val_f1: 0.8038
> val_acc: 0.8705, val_f1: 0.8033
> val_acc: 0.8674, val_f1: 0.7995
> val_acc: 0.8674, val_f1: 0.7982
> val_acc: 0.8695, val_f1: 0.7985
> val_acc: 0.8736, val_f1: 0.8030
loss: 0.2597, acc: 0.9016
> val_acc: 0.8726, val_f1: 0.7941
> val_acc: 0.8767, val_f1: 0.7986
> val_acc: 0.8777, val_f1: 0.7973
> val_acc: 0.8818, val_f1: 0.8006
> val_acc: 0.8828, val_f1: 0.8039
> val_acc: 0.8839, val_f1: 0.8062
> val_acc: 0.8767, val_f1: 0.7895
> val_acc: 0.8746, val_f1: 0.7842
> val_acc: 0.8684, val_f1: 0.7721
> val_acc: 0.8695, val_f1: 0.7720
loss: 0.2622, acc: 0.9004
> val_acc: 0.8726, val_f1: 0.7828
> val_acc: 0.8767, val_f1: 0.7922
> val_acc: 0.8849, val_f1: 0.8152
> val_acc: 0.8798, val_f1: 0.8064
> val_acc: 0.8715, val_f1: 0.7946
> val_acc: 0.8654, val_f1: 0.7869
> val_acc: 0.8571, val_f1: 0.7751
> val_acc: 0.8623, val_f1: 0.7819
> val_acc: 0.8726, val_f1: 0.7972
> val_acc: 0.8736, val_f1: 0.7962
loss: 0.2641, acc: 0.9000
> val_acc: 0.8859, val_f1: 0.8142
> val_acc: 0.8911, val_f1: 0.8218
> val_acc: 0.8880, val_f1: 0.8089
> val_acc: 0.8890, val_f1: 0.8077
> val_acc: 0.8911, val_f1: 0.8109
> val_acc: 0.8880, val_f1: 0.8088
> val_acc: 0.8767, val_f1: 0.7908
> val_acc: 0.8715, val_f1: 0.7864
> val_acc: 0.8798, val_f1: 0.8052
> val_acc: 0.8900, val_f1: 0.8164
loss: 0.2625, acc: 0.9003
> val_acc: 0.8900, val_f1: 0.8111
> val_acc: 0.8911, val_f1: 0.8079
> val_acc: 0.8880, val_f1: 0.8131
> val_acc: 0.8808, val_f1: 0.7988
> val_acc: 0.8623, val_f1: 0.7750
> val_acc: 0.8448, val_f1: 0.7498
> val_acc: 0.8428, val_f1: 0.7488
> val_acc: 0.8541, val_f1: 0.7575
> val_acc: 0.8674, val_f1: 0.7794
> val_acc: 0.8756, val_f1: 0.7907
loss: 0.2640, acc: 0.9000
> val_acc: 0.8715, val_f1: 0.7799
> val_acc: 0.8756, val_f1: 0.7783
> val_acc: 0.8705, val_f1: 0.7641
> val_acc: 0.8643, val_f1: 0.7420
> val_acc: 0.8664, val_f1: 0.7465
> val_acc: 0.8726, val_f1: 0.7660
> val_acc: 0.8756, val_f1: 0.7829
> val_acc: 0.8767, val_f1: 0.7895
> val_acc: 0.8726, val_f1: 0.7913
> val_acc: 0.8613, val_f1: 0.7804
loss: 0.2637, acc: 0.9006
> val_acc: 0.8530, val_f1: 0.7695
> val_acc: 0.8438, val_f1: 0.7633
> val_acc: 0.8304, val_f1: 0.7499
> val_acc: 0.8294, val_f1: 0.7469
> val_acc: 0.8376, val_f1: 0.7546
> val_acc: 0.8458, val_f1: 0.7622
> val_acc: 0.8551, val_f1: 0.7746
> val_acc: 0.8643, val_f1: 0.7841
> val_acc: 0.8777, val_f1: 0.7990
> val_acc: 0.8818, val_f1: 0.8038
loss: 0.2631, acc: 0.9002
> val_acc: 0.8818, val_f1: 0.7909
>>>>>>>>>>>>>>>>>>>>>>>>>>>>>>>>>>>>>>>>>>>>>>>>>>>>>>>>>>>>>>>>>>>>>>>>>>>>>>>>>>>>>>>>>>>>>>>>>>>>
epoch: 4
> val_acc: 0.8787, val_f1: 0.7719
> val_acc: 0.8808, val_f1: 0.7719
> val_acc: 0.8818, val_f1: 0.7707
> val_acc: 0.8921, val_f1: 0.8010
> val_acc: 0.8911, val_f1: 0.8051
> val_acc: 0.8921, val_f1: 0.8077
> val_acc: 0.8890, val_f1: 0.8102
> val_acc: 0.8818, val_f1: 0.7990
> val_acc: 0.8808, val_f1: 0.8005
loss: 0.1896, acc: 0.9062
> val_acc: 0.8808, val_f1: 0.8073
> val_acc: 0.8798, val_f1: 0.8097
> val_acc: 0.8715, val_f1: 0.7990
> val_acc: 0.8695, val_f1: 0.7936
> val_acc: 0.8715, val_f1: 0.7947
> val_acc: 0.8664, val_f1: 0.7858
> val_acc: 0.8623, val_f1: 0.7808
> val_acc: 0.8643, val_f1: 0.7835
> val_acc: 0.8664, val_f1: 0.7868
> val_acc: 0.8684, val_f1: 0.7898
loss: 0.1715, acc: 0.9219
> val_acc: 0.8643, val_f1: 0.7798
> val_acc: 0.8715, val_f1: 0.7862
> val_acc: 0.8746, val_f1: 0.7903
> val_acc: 0.8695, val_f1: 0.7781
> val_acc: 0.8654, val_f1: 0.7666
> val_acc: 0.8520, val_f1: 0.7381
> val_acc: 0.8602, val_f1: 0.7483
> val_acc: 0.8705, val_f1: 0.7678
> val_acc: 0.8767, val_f1: 0.7886
> val_acc: 0.8756, val_f1: 0.7901
loss: 0.1687, acc: 0.9292
> val_acc: 0.8849, val_f1: 0.8088
> val_acc: 0.8787, val_f1: 0.8015
> val_acc: 0.8777, val_f1: 0.8028
> val_acc: 0.8767, val_f1: 0.8005
> val_acc: 0.8767, val_f1: 0.8009
> val_acc: 0.8787, val_f1: 0.8036
> val_acc: 0.8839, val_f1: 0.8143
> val_acc: 0.8849, val_f1: 0.8132
> val_acc: 0.8859, val_f1: 0.8127
> val_acc: 0.8818, val_f1: 0.8043
loss: 0.1548, acc: 0.9375
> val_acc: 0.8839, val_f1: 0.8030
> val_acc: 0.8900, val_f1: 0.8106
> val_acc: 0.8931, val_f1: 0.8146
> val_acc: 0.8900, val_f1: 0.8018
> val_acc: 0.8859, val_f1: 0.7966
> val_acc: 0.8787, val_f1: 0.7906
> val_acc: 0.8736, val_f1: 0.7885
> val_acc: 0.8654, val_f1: 0.7774
> val_acc: 0.8489, val_f1: 0.7477
> val_acc: 0.8592, val_f1: 0.7672
loss: 0.1602, acc: 0.9375
> val_acc: 0.8561, val_f1: 0.7684
> val_acc: 0.8654, val_f1: 0.7860
> val_acc: 0.8684, val_f1: 0.7891
> val_acc: 0.8736, val_f1: 0.7979
> val_acc: 0.8767, val_f1: 0.8010
> val_acc: 0.8746, val_f1: 0.7973
> val_acc: 0.8736, val_f1: 0.7971
> val_acc: 0.8726, val_f1: 0.7973
> val_acc: 0.8695, val_f1: 0.7943
> val_acc: 0.8602, val_f1: 0.7844
loss: 0.1626, acc: 0.9375
> val_acc: 0.8561, val_f1: 0.7776
> val_acc: 0.8541, val_f1: 0.7758
> val_acc: 0.8510, val_f1: 0.7725
> val_acc: 0.8520, val_f1: 0.7748
> val_acc: 0.8469, val_f1: 0.7693
> val_acc: 0.8551, val_f1: 0.7797
> val_acc: 0.8613, val_f1: 0.7871
> val_acc: 0.8674, val_f1: 0.7933
> val_acc: 0.8746, val_f1: 0.8008
> val_acc: 0.8798, val_f1: 0.8071
loss: 0.1560, acc: 0.9420
> val_acc: 0.8777, val_f1: 0.8054
> val_acc: 0.8777, val_f1: 0.8072
> val_acc: 0.8808, val_f1: 0.8157
> val_acc: 0.8839, val_f1: 0.8185
> val_acc: 0.8808, val_f1: 0.8117
> val_acc: 0.8808, val_f1: 0.8138
> val_acc: 0.8756, val_f1: 0.8034
> val_acc: 0.8746, val_f1: 0.8015
> val_acc: 0.8746, val_f1: 0.8029
> val_acc: 0.8756, val_f1: 0.8044
loss: 0.1578, acc: 0.9430
> val_acc: 0.8756, val_f1: 0.8025
> val_acc: 0.8756, val_f1: 0.8066
> val_acc: 0.8664, val_f1: 0.7874
> val_acc: 0.8664, val_f1: 0.7846
> val_acc: 0.8695, val_f1: 0.7881
> val_acc: 0.8695, val_f1: 0.7856
> val_acc: 0.8777, val_f1: 0.7950
> val_acc: 0.8715, val_f1: 0.7817
> val_acc: 0.8654, val_f1: 0.7667
> val_acc: 0.8684, val_f1: 0.7696
loss: 0.1542, acc: 0.9444
> val_acc: 0.8756, val_f1: 0.7762
> val_acc: 0.8777, val_f1: 0.7779
> val_acc: 0.8839, val_f1: 0.7994
> val_acc: 0.8818, val_f1: 0.8057
> val_acc: 0.8746, val_f1: 0.7987
> val_acc: 0.8643, val_f1: 0.7934
> val_acc: 0.8633, val_f1: 0.7949
> val_acc: 0.8520, val_f1: 0.7762
> val_acc: 0.8469, val_f1: 0.7727
> val_acc: 0.8448, val_f1: 0.7714
loss: 0.1611, acc: 0.9413
> val_acc: 0.8438, val_f1: 0.7755
> val_acc: 0.8438, val_f1: 0.7757
> val_acc: 0.8438, val_f1: 0.7721
> val_acc: 0.8530, val_f1: 0.7787
> val_acc: 0.8643, val_f1: 0.7893
> val_acc: 0.8664, val_f1: 0.7894
> val_acc: 0.8705, val_f1: 0.7889
> val_acc: 0.8756, val_f1: 0.7944
> val_acc: 0.8705, val_f1: 0.7863
> val_acc: 0.8664, val_f1: 0.7814
loss: 0.1640, acc: 0.9392
> val_acc: 0.8613, val_f1: 0.7742
> val_acc: 0.8736, val_f1: 0.7924
> val_acc: 0.8746, val_f1: 0.7949
> val_acc: 0.8746, val_f1: 0.7982
> val_acc: 0.8756, val_f1: 0.7971
> val_acc: 0.8736, val_f1: 0.7937
> val_acc: 0.8777, val_f1: 0.7993
> val_acc: 0.8787, val_f1: 0.8012
> val_acc: 0.8787, val_f1: 0.8005
> val_acc: 0.8798, val_f1: 0.8000
loss: 0.1642, acc: 0.9385
> val_acc: 0.8767, val_f1: 0.7953
> val_acc: 0.8746, val_f1: 0.7918
> val_acc: 0.8787, val_f1: 0.7940
> val_acc: 0.8798, val_f1: 0.7954
> val_acc: 0.8849, val_f1: 0.8021
> val_acc: 0.8859, val_f1: 0.8043
> val_acc: 0.8818, val_f1: 0.8019
> val_acc: 0.8828, val_f1: 0.8055
> val_acc: 0.8808, val_f1: 0.8023
> val_acc: 0.8777, val_f1: 0.7976
loss: 0.1649, acc: 0.9380
> val_acc: 0.8726, val_f1: 0.7902
> val_acc: 0.8695, val_f1: 0.7877
> val_acc: 0.8613, val_f1: 0.7765
> val_acc: 0.8633, val_f1: 0.7847
> val_acc: 0.8613, val_f1: 0.7847
> val_acc: 0.8602, val_f1: 0.7819
> val_acc: 0.8623, val_f1: 0.7827
> val_acc: 0.8695, val_f1: 0.8000
> val_acc: 0.8654, val_f1: 0.7927
> val_acc: 0.8582, val_f1: 0.7852
loss: 0.1651, acc: 0.9379
> val_acc: 0.8633, val_f1: 0.7911
> val_acc: 0.8684, val_f1: 0.7880
> val_acc: 0.8767, val_f1: 0.7922
> val_acc: 0.8818, val_f1: 0.7874
> val_acc: 0.8798, val_f1: 0.7865
> val_acc: 0.8869, val_f1: 0.7971
> val_acc: 0.8787, val_f1: 0.7912
> val_acc: 0.8715, val_f1: 0.7808
> val_acc: 0.8674, val_f1: 0.7780
> val_acc: 0.8664, val_f1: 0.7794
loss: 0.1678, acc: 0.9367
> val_acc: 0.8623, val_f1: 0.7745
> val_acc: 0.8623, val_f1: 0.7822
> val_acc: 0.8613, val_f1: 0.7812
> val_acc: 0.8613, val_f1: 0.7795
> val_acc: 0.8479, val_f1: 0.7649
> val_acc: 0.8510, val_f1: 0.7695
> val_acc: 0.8582, val_f1: 0.7768
> val_acc: 0.8674, val_f1: 0.7876
> val_acc: 0.8684, val_f1: 0.7854
> val_acc: 0.8705, val_f1: 0.7860
loss: 0.1712, acc: 0.9336
> val_acc: 0.8726, val_f1: 0.7856
> val_acc: 0.8715, val_f1: 0.7775
> val_acc: 0.8715, val_f1: 0.7759
> val_acc: 0.8715, val_f1: 0.7718
> val_acc: 0.8705, val_f1: 0.7673
> val_acc: 0.8767, val_f1: 0.7904
> val_acc: 0.8798, val_f1: 0.7975
> val_acc: 0.8726, val_f1: 0.7910
> val_acc: 0.8715, val_f1: 0.7893
> val_acc: 0.8705, val_f1: 0.7918
loss: 0.1709, acc: 0.9338
> val_acc: 0.8623, val_f1: 0.7815
> val_acc: 0.8602, val_f1: 0.7758
> val_acc: 0.8674, val_f1: 0.7814
> val_acc: 0.8715, val_f1: 0.7847
> val_acc: 0.8684, val_f1: 0.7760
> val_acc: 0.8756, val_f1: 0.7849
> val_acc: 0.8746, val_f1: 0.7810
> val_acc: 0.8715, val_f1: 0.7814
> val_acc: 0.8777, val_f1: 0.8025
> val_acc: 0.8684, val_f1: 0.7927
loss: 0.1791, acc: 0.9302
> val_acc: 0.8592, val_f1: 0.7771
> val_acc: 0.8479, val_f1: 0.7576
> val_acc: 0.8397, val_f1: 0.7467
> val_acc: 0.8294, val_f1: 0.7326
> val_acc: 0.8376, val_f1: 0.7392
> val_acc: 0.8469, val_f1: 0.7528
> val_acc: 0.8458, val_f1: 0.7494
> val_acc: 0.8561, val_f1: 0.7563
> val_acc: 0.8582, val_f1: 0.7493
> val_acc: 0.8643, val_f1: 0.7447
loss: 0.1826, acc: 0.9293
> val_acc: 0.8684, val_f1: 0.7441
> val_acc: 0.8664, val_f1: 0.7362
> val_acc: 0.8643, val_f1: 0.7367
> val_acc: 0.8633, val_f1: 0.7536
> val_acc: 0.8582, val_f1: 0.7741
> val_acc: 0.8582, val_f1: 0.7772
> val_acc: 0.8582, val_f1: 0.7760
> val_acc: 0.8623, val_f1: 0.7812
> val_acc: 0.8664, val_f1: 0.7845
> val_acc: 0.8643, val_f1: 0.7810
loss: 0.1898, acc: 0.9263
> val_acc: 0.8654, val_f1: 0.7768
> val_acc: 0.8623, val_f1: 0.7742
> val_acc: 0.8582, val_f1: 0.7688
> val_acc: 0.8623, val_f1: 0.7767
> val_acc: 0.8643, val_f1: 0.7809
> val_acc: 0.8674, val_f1: 0.7851
> val_acc: 0.8715, val_f1: 0.7905
> val_acc: 0.8746, val_f1: 0.7923
> val_acc: 0.8746, val_f1: 0.7922
> val_acc: 0.8643, val_f1: 0.7817
loss: 0.1919, acc: 0.9250
> val_acc: 0.8592, val_f1: 0.7797
> val_acc: 0.8633, val_f1: 0.7838
> val_acc: 0.8695, val_f1: 0.7895
> val_acc: 0.8684, val_f1: 0.7890
> val_acc: 0.8726, val_f1: 0.7897
> val_acc: 0.8777, val_f1: 0.7983
> val_acc: 0.8726, val_f1: 0.7955
> val_acc: 0.8674, val_f1: 0.7841
> val_acc: 0.8551, val_f1: 0.7611
> val_acc: 0.8541, val_f1: 0.7605
loss: 0.1937, acc: 0.9238
> val_acc: 0.8541, val_f1: 0.7622
>>>>>>>>>>>>>>>>>>>>>>>>>>>>>>>>>>>>>>>>>>>>>>>>>>>>>>>>>>>>>>>>>>>>>>>>>>>>>>>>>>>>>>>>>>>>>>>>>>>>
epoch: 5
> val_acc: 0.8530, val_f1: 0.7616
> val_acc: 0.8530, val_f1: 0.7621
> val_acc: 0.8551, val_f1: 0.7621
> val_acc: 0.8551, val_f1: 0.7601
> val_acc: 0.8613, val_f1: 0.7767
> val_acc: 0.8664, val_f1: 0.7899
> val_acc: 0.8643, val_f1: 0.7839
> val_acc: 0.8715, val_f1: 0.7931
> val_acc: 0.8736, val_f1: 0.7942
loss: 0.1212, acc: 0.9437
> val_acc: 0.8726, val_f1: 0.7881
> val_acc: 0.8777, val_f1: 0.7922
> val_acc: 0.8787, val_f1: 0.7911
> val_acc: 0.8787, val_f1: 0.7901
> val_acc: 0.8818, val_f1: 0.7933
> val_acc: 0.8849, val_f1: 0.7966
> val_acc: 0.8808, val_f1: 0.7870
> val_acc: 0.8798, val_f1: 0.7876
> val_acc: 0.8767, val_f1: 0.7855
> val_acc: 0.8674, val_f1: 0.7745
loss: 0.1006, acc: 0.9656
> val_acc: 0.8582, val_f1: 0.7595
> val_acc: 0.8520, val_f1: 0.7538
> val_acc: 0.8499, val_f1: 0.7521
> val_acc: 0.8541, val_f1: 0.7559
> val_acc: 0.8592, val_f1: 0.7603
> val_acc: 0.8664, val_f1: 0.7726
> val_acc: 0.8808, val_f1: 0.7974
> val_acc: 0.8736, val_f1: 0.7839
> val_acc: 0.8695, val_f1: 0.7734
> val_acc: 0.8664, val_f1: 0.7678
loss: 0.1310, acc: 0.9583
> val_acc: 0.8674, val_f1: 0.7712
> val_acc: 0.8674, val_f1: 0.7706
> val_acc: 0.8695, val_f1: 0.7735
> val_acc: 0.8746, val_f1: 0.7851
> val_acc: 0.8828, val_f1: 0.7946
> val_acc: 0.8828, val_f1: 0.7936
> val_acc: 0.8798, val_f1: 0.7916
> val_acc: 0.8767, val_f1: 0.7884
> val_acc: 0.8756, val_f1: 0.7879
> val_acc: 0.8705, val_f1: 0.7819
loss: 0.1264, acc: 0.9578
> val_acc: 0.8695, val_f1: 0.7816
> val_acc: 0.8654, val_f1: 0.7763
> val_acc: 0.8602, val_f1: 0.7719
> val_acc: 0.8561, val_f1: 0.7691
> val_acc: 0.8530, val_f1: 0.7658
> val_acc: 0.8520, val_f1: 0.7668
> val_acc: 0.8551, val_f1: 0.7732
> val_acc: 0.8592, val_f1: 0.7801
> val_acc: 0.8623, val_f1: 0.7790
> val_acc: 0.8746, val_f1: 0.7957
loss: 0.1339, acc: 0.9537
> val_acc: 0.8798, val_f1: 0.8025
> val_acc: 0.8756, val_f1: 0.7920
> val_acc: 0.8787, val_f1: 0.7970
> val_acc: 0.8818, val_f1: 0.8006
> val_acc: 0.8787, val_f1: 0.7997
> val_acc: 0.8664, val_f1: 0.7886
> val_acc: 0.8602, val_f1: 0.7827
> val_acc: 0.8623, val_f1: 0.7873
> val_acc: 0.8623, val_f1: 0.7855
> val_acc: 0.8684, val_f1: 0.7891
loss: 0.1410, acc: 0.9521
> val_acc: 0.8756, val_f1: 0.7918
> val_acc: 0.8767, val_f1: 0.7868
> val_acc: 0.8777, val_f1: 0.7887
> val_acc: 0.8808, val_f1: 0.7937
> val_acc: 0.8808, val_f1: 0.7935
> val_acc: 0.8808, val_f1: 0.7911
> val_acc: 0.8808, val_f1: 0.7884
> val_acc: 0.8767, val_f1: 0.7814
> val_acc: 0.8767, val_f1: 0.7827
> val_acc: 0.8777, val_f1: 0.7823
loss: 0.1387, acc: 0.9509
> val_acc: 0.8756, val_f1: 0.7822
> val_acc: 0.8726, val_f1: 0.7806
> val_acc: 0.8674, val_f1: 0.7800
> val_acc: 0.8541, val_f1: 0.7745
> val_acc: 0.8304, val_f1: 0.7513
> val_acc: 0.8253, val_f1: 0.7482
> val_acc: 0.8294, val_f1: 0.7506
> val_acc: 0.8376, val_f1: 0.7575
> val_acc: 0.8438, val_f1: 0.7637
> val_acc: 0.8510, val_f1: 0.7707
loss: 0.1330, acc: 0.9523
> val_acc: 0.8561, val_f1: 0.7726
> val_acc: 0.8736, val_f1: 0.7868
> val_acc: 0.8777, val_f1: 0.7924
> val_acc: 0.8777, val_f1: 0.7882
> val_acc: 0.8715, val_f1: 0.7806
> val_acc: 0.8726, val_f1: 0.7841
> val_acc: 0.8798, val_f1: 0.7966
> val_acc: 0.8787, val_f1: 0.7996
> val_acc: 0.8767, val_f1: 0.7975
> val_acc: 0.8674, val_f1: 0.7878
loss: 0.1347, acc: 0.9507
> val_acc: 0.8664, val_f1: 0.7915
> val_acc: 0.8664, val_f1: 0.7950
> val_acc: 0.8582, val_f1: 0.7791
> val_acc: 0.8561, val_f1: 0.7744
> val_acc: 0.8541, val_f1: 0.7800
> val_acc: 0.8520, val_f1: 0.7756
> val_acc: 0.8479, val_f1: 0.7735
> val_acc: 0.8448, val_f1: 0.7713
> val_acc: 0.8489, val_f1: 0.7776
> val_acc: 0.8520, val_f1: 0.7814
loss: 0.1422, acc: 0.9513
> val_acc: 0.8613, val_f1: 0.7898
> val_acc: 0.8654, val_f1: 0.7883
> val_acc: 0.8643, val_f1: 0.7851
> val_acc: 0.8695, val_f1: 0.7863
> val_acc: 0.8510, val_f1: 0.7620
> val_acc: 0.8407, val_f1: 0.7473
> val_acc: 0.8386, val_f1: 0.7400
> val_acc: 0.8469, val_f1: 0.7554
> val_acc: 0.8530, val_f1: 0.7651
> val_acc: 0.8541, val_f1: 0.7714
loss: 0.1487, acc: 0.9489
> val_acc: 0.8571, val_f1: 0.7803
> val_acc: 0.8458, val_f1: 0.7714
> val_acc: 0.8428, val_f1: 0.7717
> val_acc: 0.8469, val_f1: 0.7770
> val_acc: 0.8407, val_f1: 0.7753
> val_acc: 0.8438, val_f1: 0.7761
> val_acc: 0.8499, val_f1: 0.7805
> val_acc: 0.8664, val_f1: 0.7910
> val_acc: 0.8695, val_f1: 0.7881
> val_acc: 0.8684, val_f1: 0.7870
loss: 0.1531, acc: 0.9469
> val_acc: 0.8684, val_f1: 0.7834
> val_acc: 0.8633, val_f1: 0.7682
> val_acc: 0.8623, val_f1: 0.7657
> val_acc: 0.8664, val_f1: 0.7765
> val_acc: 0.8695, val_f1: 0.7835
> val_acc: 0.8674, val_f1: 0.7823
> val_acc: 0.8808, val_f1: 0.8053
> val_acc: 0.8787, val_f1: 0.8010
> val_acc: 0.8746, val_f1: 0.8024
> val_acc: 0.8664, val_f1: 0.7962
loss: 0.1565, acc: 0.9428
> val_acc: 0.8643, val_f1: 0.7945
> val_acc: 0.8664, val_f1: 0.7930
> val_acc: 0.8767, val_f1: 0.8037
> val_acc: 0.8726, val_f1: 0.7961
> val_acc: 0.8777, val_f1: 0.8011
> val_acc: 0.8746, val_f1: 0.7934
> val_acc: 0.8726, val_f1: 0.7907
> val_acc: 0.8736, val_f1: 0.7976
> val_acc: 0.8715, val_f1: 0.7986
> val_acc: 0.8654, val_f1: 0.7946
loss: 0.1551, acc: 0.9424
> val_acc: 0.8602, val_f1: 0.7872
> val_acc: 0.8541, val_f1: 0.7786
> val_acc: 0.8499, val_f1: 0.7715
> val_acc: 0.8499, val_f1: 0.7684
> val_acc: 0.8520, val_f1: 0.7705
> val_acc: 0.8623, val_f1: 0.7815
> val_acc: 0.8623, val_f1: 0.7775
> val_acc: 0.8592, val_f1: 0.7689
> val_acc: 0.8623, val_f1: 0.7744
> val_acc: 0.8674, val_f1: 0.7843
loss: 0.1562, acc: 0.9425
> val_acc: 0.8736, val_f1: 0.7981
> val_acc: 0.8767, val_f1: 0.8064
> val_acc: 0.8643, val_f1: 0.7934
> val_acc: 0.8623, val_f1: 0.7907
> val_acc: 0.8541, val_f1: 0.7841
> val_acc: 0.8520, val_f1: 0.7822
> val_acc: 0.8489, val_f1: 0.7807
> val_acc: 0.8530, val_f1: 0.7830
> val_acc: 0.8674, val_f1: 0.7947
> val_acc: 0.8695, val_f1: 0.8007
loss: 0.1545, acc: 0.9422
> val_acc: 0.8746, val_f1: 0.8079
> val_acc: 0.8787, val_f1: 0.8115
> val_acc: 0.8767, val_f1: 0.8067
> val_acc: 0.8818, val_f1: 0.8136
> val_acc: 0.8808, val_f1: 0.8125
> val_acc: 0.8787, val_f1: 0.8129
> val_acc: 0.8756, val_f1: 0.8094
> val_acc: 0.8695, val_f1: 0.7986
> val_acc: 0.8613, val_f1: 0.7823
> val_acc: 0.8530, val_f1: 0.7657
loss: 0.1579, acc: 0.9426
> val_acc: 0.8499, val_f1: 0.7625
> val_acc: 0.8530, val_f1: 0.7674
> val_acc: 0.8561, val_f1: 0.7749
> val_acc: 0.8684, val_f1: 0.7944
> val_acc: 0.8777, val_f1: 0.8043
> val_acc: 0.8808, val_f1: 0.8076
> val_acc: 0.8787, val_f1: 0.8049
> val_acc: 0.8756, val_f1: 0.8036
> val_acc: 0.8756, val_f1: 0.8056
> val_acc: 0.8695, val_f1: 0.7971
loss: 0.1631, acc: 0.9413
> val_acc: 0.8664, val_f1: 0.7964
> val_acc: 0.8582, val_f1: 0.7909
> val_acc: 0.8623, val_f1: 0.7938
> val_acc: 0.8684, val_f1: 0.7989
> val_acc: 0.8684, val_f1: 0.7994
> val_acc: 0.8808, val_f1: 0.8063
> val_acc: 0.8931, val_f1: 0.8221
> val_acc: 0.8880, val_f1: 0.8129
> val_acc: 0.8818, val_f1: 0.8031
> val_acc: 0.8715, val_f1: 0.7861
loss: 0.1653, acc: 0.9408
> val_acc: 0.8664, val_f1: 0.7780
> val_acc: 0.8623, val_f1: 0.7715
> val_acc: 0.8623, val_f1: 0.7732
> val_acc: 0.8654, val_f1: 0.7796
> val_acc: 0.8592, val_f1: 0.7774
> val_acc: 0.8643, val_f1: 0.7889
> val_acc: 0.8592, val_f1: 0.7890
> val_acc: 0.8530, val_f1: 0.7865
> val_acc: 0.8489, val_f1: 0.7901
> val_acc: 0.8448, val_f1: 0.7864
loss: 0.1698, acc: 0.9378
> val_acc: 0.8448, val_f1: 0.7848
> val_acc: 0.8469, val_f1: 0.7878
> val_acc: 0.8582, val_f1: 0.7994
> val_acc: 0.8715, val_f1: 0.8110
> val_acc: 0.8828, val_f1: 0.8213
> val_acc: 0.8808, val_f1: 0.8149
> val_acc: 0.8736, val_f1: 0.8026
> val_acc: 0.8654, val_f1: 0.7909
> val_acc: 0.8643, val_f1: 0.7867
> val_acc: 0.8613, val_f1: 0.7801
loss: 0.1693, acc: 0.9372
> val_acc: 0.8582, val_f1: 0.7752
> val_acc: 0.8499, val_f1: 0.7638
> val_acc: 0.8520, val_f1: 0.7638
> val_acc: 0.8592, val_f1: 0.7754
> val_acc: 0.8664, val_f1: 0.7849
> val_acc: 0.8798, val_f1: 0.8051
> val_acc: 0.8767, val_f1: 0.7998
> val_acc: 0.8726, val_f1: 0.7961
> val_acc: 0.8756, val_f1: 0.8024
> val_acc: 0.8767, val_f1: 0.8067
loss: 0.1692, acc: 0.9374
> val_acc: 0.8767, val_f1: 0.8034
>>>>>>>>>>>>>>>>>>>>>>>>>>>>>>>>>>>>>>>>>>>>>>>>>>>>>>>>>>>>>>>>>>>>>>>>>>>>>>>>>>>>>>>>>>>>>>>>>>>>
epoch: 6
> val_acc: 0.8828, val_f1: 0.8098
> val_acc: 0.8828, val_f1: 0.8050
> val_acc: 0.8808, val_f1: 0.8027
> val_acc: 0.8818, val_f1: 0.8009
> val_acc: 0.8798, val_f1: 0.7973
> val_acc: 0.8787, val_f1: 0.7978
> val_acc: 0.8777, val_f1: 0.7914
> val_acc: 0.8787, val_f1: 0.7941
> val_acc: 0.8767, val_f1: 0.7911
loss: 0.1287, acc: 0.9500
> val_acc: 0.8777, val_f1: 0.7943
> val_acc: 0.8777, val_f1: 0.7943
> val_acc: 0.8798, val_f1: 0.7981
> val_acc: 0.8798, val_f1: 0.7987
> val_acc: 0.8756, val_f1: 0.7941
> val_acc: 0.8787, val_f1: 0.8012
> val_acc: 0.8767, val_f1: 0.7948
> val_acc: 0.8736, val_f1: 0.7894
> val_acc: 0.8726, val_f1: 0.7886
> val_acc: 0.8736, val_f1: 0.7894
loss: 0.1125, acc: 0.9500
> val_acc: 0.8756, val_f1: 0.7934
> val_acc: 0.8746, val_f1: 0.7928
> val_acc: 0.8756, val_f1: 0.7936
> val_acc: 0.8798, val_f1: 0.7925
> val_acc: 0.8726, val_f1: 0.7812
> val_acc: 0.8736, val_f1: 0.7863
> val_acc: 0.8695, val_f1: 0.7799
> val_acc: 0.8623, val_f1: 0.7705
> val_acc: 0.8602, val_f1: 0.7692
> val_acc: 0.8561, val_f1: 0.7693
loss: 0.1089, acc: 0.9542
> val_acc: 0.8571, val_f1: 0.7703
> val_acc: 0.8582, val_f1: 0.7729
> val_acc: 0.8582, val_f1: 0.7739
> val_acc: 0.8520, val_f1: 0.7708
> val_acc: 0.8520, val_f1: 0.7733
> val_acc: 0.8520, val_f1: 0.7760
> val_acc: 0.8499, val_f1: 0.7720
> val_acc: 0.8510, val_f1: 0.7724
> val_acc: 0.8489, val_f1: 0.7694
> val_acc: 0.8541, val_f1: 0.7723
loss: 0.0950, acc: 0.9625
> val_acc: 0.8613, val_f1: 0.7810
> val_acc: 0.8705, val_f1: 0.7915
> val_acc: 0.8767, val_f1: 0.7935
> val_acc: 0.8808, val_f1: 0.7975
> val_acc: 0.8787, val_f1: 0.7899
> val_acc: 0.8756, val_f1: 0.7831
> val_acc: 0.8787, val_f1: 0.7817
> val_acc: 0.8767, val_f1: 0.7774
> val_acc: 0.8695, val_f1: 0.7558
> val_acc: 0.8674, val_f1: 0.7534
loss: 0.0982, acc: 0.9613
> val_acc: 0.8654, val_f1: 0.7420
> val_acc: 0.8643, val_f1: 0.7411
> val_acc: 0.8664, val_f1: 0.7477
> val_acc: 0.8736, val_f1: 0.7758
> val_acc: 0.8705, val_f1: 0.7724
> val_acc: 0.8664, val_f1: 0.7688
> val_acc: 0.8633, val_f1: 0.7634
> val_acc: 0.8602, val_f1: 0.7645
> val_acc: 0.8643, val_f1: 0.7751
> val_acc: 0.8643, val_f1: 0.7791
loss: 0.1029, acc: 0.9583
> val_acc: 0.8674, val_f1: 0.7837
> val_acc: 0.8613, val_f1: 0.7810
> val_acc: 0.8582, val_f1: 0.7791
> val_acc: 0.8520, val_f1: 0.7681
> val_acc: 0.8592, val_f1: 0.7755
> val_acc: 0.8684, val_f1: 0.7818
> val_acc: 0.8777, val_f1: 0.7862
> val_acc: 0.8746, val_f1: 0.7808
> val_acc: 0.8705, val_f1: 0.7759
> val_acc: 0.8695, val_f1: 0.7771
loss: 0.1018, acc: 0.9589
> val_acc: 0.8654, val_f1: 0.7779
> val_acc: 0.8602, val_f1: 0.7713
> val_acc: 0.8520, val_f1: 0.7571
> val_acc: 0.8499, val_f1: 0.7582
> val_acc: 0.8479, val_f1: 0.7629
> val_acc: 0.8356, val_f1: 0.7569
> val_acc: 0.8232, val_f1: 0.7465
> val_acc: 0.8541, val_f1: 0.7736
> val_acc: 0.8592, val_f1: 0.7722
> val_acc: 0.8746, val_f1: 0.7905
loss: 0.1043, acc: 0.9586
> val_acc: 0.8767, val_f1: 0.7924
> val_acc: 0.8736, val_f1: 0.7832
> val_acc: 0.8736, val_f1: 0.7843
> val_acc: 0.8736, val_f1: 0.7835
> val_acc: 0.8756, val_f1: 0.7875
> val_acc: 0.8633, val_f1: 0.7819
> val_acc: 0.8499, val_f1: 0.7690
> val_acc: 0.8469, val_f1: 0.7696
> val_acc: 0.8397, val_f1: 0.7638
> val_acc: 0.8356, val_f1: 0.7573
loss: 0.1090, acc: 0.9576
> val_acc: 0.8314, val_f1: 0.7508
> val_acc: 0.8294, val_f1: 0.7453
> val_acc: 0.8243, val_f1: 0.7384
> val_acc: 0.8222, val_f1: 0.7351
> val_acc: 0.8356, val_f1: 0.7510
> val_acc: 0.8458, val_f1: 0.7574
> val_acc: 0.8674, val_f1: 0.7818
> val_acc: 0.8684, val_f1: 0.7814
> val_acc: 0.8684, val_f1: 0.7824
> val_acc: 0.8643, val_f1: 0.7814
loss: 0.1071, acc: 0.9581
> val_acc: 0.8551, val_f1: 0.7733
> val_acc: 0.8489, val_f1: 0.7705
> val_acc: 0.8458, val_f1: 0.7674
> val_acc: 0.8489, val_f1: 0.7728
> val_acc: 0.8602, val_f1: 0.7846
> val_acc: 0.8715, val_f1: 0.7966
> val_acc: 0.8705, val_f1: 0.7893
> val_acc: 0.8705, val_f1: 0.7897
> val_acc: 0.8736, val_f1: 0.7887
> val_acc: 0.8767, val_f1: 0.7911
loss: 0.1101, acc: 0.9563
> val_acc: 0.8859, val_f1: 0.8036
> val_acc: 0.8787, val_f1: 0.7939
> val_acc: 0.8736, val_f1: 0.7919
> val_acc: 0.8695, val_f1: 0.7860
> val_acc: 0.8643, val_f1: 0.7811
> val_acc: 0.8602, val_f1: 0.7815
> val_acc: 0.8510, val_f1: 0.7739
> val_acc: 0.8335, val_f1: 0.7591
> val_acc: 0.8212, val_f1: 0.7486
> val_acc: 0.8253, val_f1: 0.7536
loss: 0.1133, acc: 0.9542
> val_acc: 0.8520, val_f1: 0.7799
> val_acc: 0.8623, val_f1: 0.7876
> val_acc: 0.8746, val_f1: 0.7930
> val_acc: 0.8828, val_f1: 0.7962
> val_acc: 0.8869, val_f1: 0.7903
> val_acc: 0.8859, val_f1: 0.7929
> val_acc: 0.8818, val_f1: 0.7906
> val_acc: 0.8798, val_f1: 0.7970
> val_acc: 0.8695, val_f1: 0.7897
> val_acc: 0.8582, val_f1: 0.7778
loss: 0.1212, acc: 0.9490
> val_acc: 0.8335, val_f1: 0.7548
> val_acc: 0.8160, val_f1: 0.7343
> val_acc: 0.8335, val_f1: 0.7511
> val_acc: 0.8520, val_f1: 0.7681
> val_acc: 0.8643, val_f1: 0.7814
> val_acc: 0.8828, val_f1: 0.8013
> val_acc: 0.8859, val_f1: 0.7979
> val_acc: 0.8859, val_f1: 0.7922
> val_acc: 0.8767, val_f1: 0.7774
> val_acc: 0.8643, val_f1: 0.7718
loss: 0.1283, acc: 0.9464
> val_acc: 0.8582, val_f1: 0.7675
> val_acc: 0.8602, val_f1: 0.7741
> val_acc: 0.8571, val_f1: 0.7752
> val_acc: 0.8561, val_f1: 0.7766
> val_acc: 0.8654, val_f1: 0.7860
> val_acc: 0.8643, val_f1: 0.7834
> val_acc: 0.8613, val_f1: 0.7719
> val_acc: 0.8633, val_f1: 0.7752
> val_acc: 0.8664, val_f1: 0.7757
> val_acc: 0.8623, val_f1: 0.7718
loss: 0.1279, acc: 0.9463
> val_acc: 0.8674, val_f1: 0.7815
> val_acc: 0.8654, val_f1: 0.7763
> val_acc: 0.8633, val_f1: 0.7736
> val_acc: 0.8571, val_f1: 0.7620
> val_acc: 0.8551, val_f1: 0.7594
> val_acc: 0.8643, val_f1: 0.7754
> val_acc: 0.8684, val_f1: 0.7812
> val_acc: 0.8684, val_f1: 0.7795
> val_acc: 0.8746, val_f1: 0.7891
> val_acc: 0.8623, val_f1: 0.7739
loss: 0.1305, acc: 0.9449
> val_acc: 0.8561, val_f1: 0.7647
> val_acc: 0.8623, val_f1: 0.7801
> val_acc: 0.8623, val_f1: 0.7783
> val_acc: 0.8623, val_f1: 0.7782
> val_acc: 0.8643, val_f1: 0.7826
> val_acc: 0.8654, val_f1: 0.7868
> val_acc: 0.8695, val_f1: 0.7893
> val_acc: 0.8684, val_f1: 0.7801
> val_acc: 0.8695, val_f1: 0.7823
> val_acc: 0.8705, val_f1: 0.7817
loss: 0.1320, acc: 0.9449
> val_acc: 0.8684, val_f1: 0.7802
> val_acc: 0.8674, val_f1: 0.7803
> val_acc: 0.8592, val_f1: 0.7711
> val_acc: 0.8541, val_f1: 0.7626
> val_acc: 0.8510, val_f1: 0.7567
> val_acc: 0.8417, val_f1: 0.7415
> val_acc: 0.8551, val_f1: 0.7638
> val_acc: 0.8551, val_f1: 0.7722
> val_acc: 0.8520, val_f1: 0.7658
> val_acc: 0.8592, val_f1: 0.7736
loss: 0.1375, acc: 0.9441
> val_acc: 0.8602, val_f1: 0.7732
> val_acc: 0.8715, val_f1: 0.7610
> val_acc: 0.8705, val_f1: 0.7408
> val_acc: 0.8726, val_f1: 0.7623
> val_acc: 0.8839, val_f1: 0.7918
> val_acc: 0.8798, val_f1: 0.7892
> val_acc: 0.8695, val_f1: 0.7734
> val_acc: 0.8633, val_f1: 0.7723
> val_acc: 0.8561, val_f1: 0.7693
> val_acc: 0.8376, val_f1: 0.7497
loss: 0.1385, acc: 0.9441
> val_acc: 0.8140, val_f1: 0.7230
> val_acc: 0.8212, val_f1: 0.7370
> val_acc: 0.8386, val_f1: 0.7601
> val_acc: 0.8407, val_f1: 0.7584
> val_acc: 0.8571, val_f1: 0.7782
> val_acc: 0.8643, val_f1: 0.7832
> val_acc: 0.8664, val_f1: 0.7781
> val_acc: 0.8674, val_f1: 0.7736
> val_acc: 0.8726, val_f1: 0.7780
> val_acc: 0.8705, val_f1: 0.7670
loss: 0.1437, acc: 0.9413
> val_acc: 0.8715, val_f1: 0.7759
> val_acc: 0.8705, val_f1: 0.7759
> val_acc: 0.8777, val_f1: 0.7974
> val_acc: 0.8726, val_f1: 0.7880
> val_acc: 0.8726, val_f1: 0.7964
> val_acc: 0.8715, val_f1: 0.7908
> val_acc: 0.8715, val_f1: 0.7927
> val_acc: 0.8664, val_f1: 0.7893
> val_acc: 0.8705, val_f1: 0.7983
> val_acc: 0.8674, val_f1: 0.7951
loss: 0.1409, acc: 0.9426
> val_acc: 0.8633, val_f1: 0.7925
> val_acc: 0.8674, val_f1: 0.7964
> val_acc: 0.8705, val_f1: 0.8016
> val_acc: 0.8664, val_f1: 0.7978
> val_acc: 0.8664, val_f1: 0.7972
> val_acc: 0.8499, val_f1: 0.7741
> val_acc: 0.8366, val_f1: 0.7629
> val_acc: 0.8314, val_f1: 0.7598
> val_acc: 0.8428, val_f1: 0.7690
> val_acc: 0.8684, val_f1: 0.7977
loss: 0.1434, acc: 0.9420
> val_acc: 0.8736, val_f1: 0.7957
>>>>>>>>>>>>>>>>>>>>>>>>>>>>>>>>>>>>>>>>>>>>>>>>>>>>>>>>>>>>>>>>>>>>>>>>>>>>>>>>>>>>>>>>>>>>>>>>>>>>
epoch: 7
> val_acc: 0.8705, val_f1: 0.7695
> val_acc: 0.8715, val_f1: 0.7670
> val_acc: 0.8643, val_f1: 0.7454
> val_acc: 0.8777, val_f1: 0.7834
> val_acc: 0.8756, val_f1: 0.7982
> val_acc: 0.8695, val_f1: 0.7996
> val_acc: 0.8314, val_f1: 0.7565
> val_acc: 0.7903, val_f1: 0.7209
> val_acc: 0.7862, val_f1: 0.7168
loss: 0.2285, acc: 0.9062
> val_acc: 0.8129, val_f1: 0.7383
> val_acc: 0.8366, val_f1: 0.7570
> val_acc: 0.8561, val_f1: 0.7743
> val_acc: 0.8756, val_f1: 0.7975
> val_acc: 0.8705, val_f1: 0.7834
> val_acc: 0.8674, val_f1: 0.7757
> val_acc: 0.8715, val_f1: 0.7837
> val_acc: 0.8746, val_f1: 0.7914
> val_acc: 0.8777, val_f1: 0.7975
> val_acc: 0.8798, val_f1: 0.7980
loss: 0.1603, acc: 0.9406
> val_acc: 0.8849, val_f1: 0.8101
> val_acc: 0.8849, val_f1: 0.8048
> val_acc: 0.8839, val_f1: 0.8013
> val_acc: 0.8798, val_f1: 0.7930
> val_acc: 0.8705, val_f1: 0.7838
> val_acc: 0.8623, val_f1: 0.7793
> val_acc: 0.8592, val_f1: 0.7783
> val_acc: 0.8582, val_f1: 0.7762
> val_acc: 0.8520, val_f1: 0.7683
> val_acc: 0.8582, val_f1: 0.7732
loss: 0.1474, acc: 0.9479
> val_acc: 0.8602, val_f1: 0.7744
> val_acc: 0.8582, val_f1: 0.7695
> val_acc: 0.8633, val_f1: 0.7760
> val_acc: 0.8654, val_f1: 0.7809
> val_acc: 0.8746, val_f1: 0.7963
> val_acc: 0.8767, val_f1: 0.7940
> val_acc: 0.8808, val_f1: 0.7932
> val_acc: 0.8808, val_f1: 0.7890
> val_acc: 0.8756, val_f1: 0.7828
> val_acc: 0.8808, val_f1: 0.8032
loss: 0.1681, acc: 0.9359
> val_acc: 0.8767, val_f1: 0.8017
> val_acc: 0.8582, val_f1: 0.7846
> val_acc: 0.8530, val_f1: 0.7803
> val_acc: 0.8448, val_f1: 0.7704
> val_acc: 0.8366, val_f1: 0.7630
> val_acc: 0.8366, val_f1: 0.7620
> val_acc: 0.8428, val_f1: 0.7734
> val_acc: 0.8582, val_f1: 0.7942
> val_acc: 0.8767, val_f1: 0.8115
> val_acc: 0.8818, val_f1: 0.8111
loss: 0.1593, acc: 0.9413
> val_acc: 0.8818, val_f1: 0.8057
> val_acc: 0.8798, val_f1: 0.7902
> val_acc: 0.8798, val_f1: 0.7943
> val_acc: 0.8859, val_f1: 0.8124
> val_acc: 0.8808, val_f1: 0.8130
> val_acc: 0.8787, val_f1: 0.8085
> val_acc: 0.8715, val_f1: 0.7911
> val_acc: 0.8633, val_f1: 0.7783
> val_acc: 0.8541, val_f1: 0.7629
> val_acc: 0.8499, val_f1: 0.7570
loss: 0.1470, acc: 0.9437
> val_acc: 0.8489, val_f1: 0.7557
> val_acc: 0.8407, val_f1: 0.7473
> val_acc: 0.8407, val_f1: 0.7506
> val_acc: 0.8417, val_f1: 0.7566
> val_acc: 0.8386, val_f1: 0.7543
> val_acc: 0.8489, val_f1: 0.7718
> val_acc: 0.8499, val_f1: 0.7730
> val_acc: 0.8582, val_f1: 0.7844
> val_acc: 0.8582, val_f1: 0.7850
> val_acc: 0.8551, val_f1: 0.7780
loss: 0.1440, acc: 0.9464
> val_acc: 0.8571, val_f1: 0.7817
> val_acc: 0.8623, val_f1: 0.7859
> val_acc: 0.8664, val_f1: 0.7907
> val_acc: 0.8705, val_f1: 0.7879
> val_acc: 0.8695, val_f1: 0.7876
> val_acc: 0.8746, val_f1: 0.7936
> val_acc: 0.8787, val_f1: 0.7999
> val_acc: 0.8818, val_f1: 0.8032
> val_acc: 0.8828, val_f1: 0.8075
> val_acc: 0.8746, val_f1: 0.7975
loss: 0.1447, acc: 0.9461
> val_acc: 0.8695, val_f1: 0.7932
> val_acc: 0.8602, val_f1: 0.7841
> val_acc: 0.8551, val_f1: 0.7825
> val_acc: 0.8613, val_f1: 0.7879
> val_acc: 0.8623, val_f1: 0.7849
> val_acc: 0.8674, val_f1: 0.7892
> val_acc: 0.8705, val_f1: 0.7911
> val_acc: 0.8746, val_f1: 0.8055
> val_acc: 0.8695, val_f1: 0.7947
> val_acc: 0.8705, val_f1: 0.7974
loss: 0.1417, acc: 0.9472
> val_acc: 0.8767, val_f1: 0.8059
> val_acc: 0.8756, val_f1: 0.8048
> val_acc: 0.8787, val_f1: 0.8064
> val_acc: 0.8787, val_f1: 0.8044
> val_acc: 0.8746, val_f1: 0.8006
> val_acc: 0.8705, val_f1: 0.7962
> val_acc: 0.8633, val_f1: 0.7923
> val_acc: 0.8643, val_f1: 0.7935
> val_acc: 0.8643, val_f1: 0.7928
> val_acc: 0.8695, val_f1: 0.7987
loss: 0.1401, acc: 0.9469
> val_acc: 0.8715, val_f1: 0.8031
> val_acc: 0.8664, val_f1: 0.7945
> val_acc: 0.8643, val_f1: 0.7918
> val_acc: 0.8561, val_f1: 0.7763
> val_acc: 0.8654, val_f1: 0.7869
> val_acc: 0.8684, val_f1: 0.7925
> val_acc: 0.8633, val_f1: 0.7812
> val_acc: 0.8633, val_f1: 0.7820
> val_acc: 0.8613, val_f1: 0.7814
> val_acc: 0.8571, val_f1: 0.7740
loss: 0.1392, acc: 0.9466
> val_acc: 0.8520, val_f1: 0.7701
> val_acc: 0.8489, val_f1: 0.7664
> val_acc: 0.8489, val_f1: 0.7649
> val_acc: 0.8438, val_f1: 0.7569
> val_acc: 0.8458, val_f1: 0.7592
> val_acc: 0.8479, val_f1: 0.7600
> val_acc: 0.8520, val_f1: 0.7655
> val_acc: 0.8592, val_f1: 0.7784
> val_acc: 0.8571, val_f1: 0.7808
> val_acc: 0.8561, val_f1: 0.7788
loss: 0.1344, acc: 0.9490
> val_acc: 0.8582, val_f1: 0.7835
> val_acc: 0.8571, val_f1: 0.7839
> val_acc: 0.8510, val_f1: 0.7800
> val_acc: 0.8479, val_f1: 0.7759
> val_acc: 0.8499, val_f1: 0.7797
> val_acc: 0.8695, val_f1: 0.8016
> val_acc: 0.8674, val_f1: 0.7919
> val_acc: 0.8715, val_f1: 0.7978
> val_acc: 0.8726, val_f1: 0.7949
> val_acc: 0.8767, val_f1: 0.7961
loss: 0.1389, acc: 0.9481
> val_acc: 0.8715, val_f1: 0.7900
> val_acc: 0.8705, val_f1: 0.7891
> val_acc: 0.8726, val_f1: 0.7921
> val_acc: 0.8715, val_f1: 0.7905
> val_acc: 0.8767, val_f1: 0.7987
> val_acc: 0.8726, val_f1: 0.7903
> val_acc: 0.8705, val_f1: 0.7902
> val_acc: 0.8664, val_f1: 0.7882
> val_acc: 0.8582, val_f1: 0.7777
> val_acc: 0.8520, val_f1: 0.7699
loss: 0.1352, acc: 0.9496
> val_acc: 0.8458, val_f1: 0.7603
> val_acc: 0.8448, val_f1: 0.7593
> val_acc: 0.8479, val_f1: 0.7631
> val_acc: 0.8551, val_f1: 0.7720
> val_acc: 0.8510, val_f1: 0.7652
> val_acc: 0.8571, val_f1: 0.7734
> val_acc: 0.8633, val_f1: 0.7793
> val_acc: 0.8602, val_f1: 0.7754
> val_acc: 0.8571, val_f1: 0.7732
> val_acc: 0.8664, val_f1: 0.7860
loss: 0.1383, acc: 0.9492
> val_acc: 0.8654, val_f1: 0.7811
> val_acc: 0.8674, val_f1: 0.7841
> val_acc: 0.8705, val_f1: 0.7846
> val_acc: 0.8746, val_f1: 0.7861
> val_acc: 0.8767, val_f1: 0.7891
> val_acc: 0.8798, val_f1: 0.7970
> val_acc: 0.8777, val_f1: 0.8008
> val_acc: 0.8643, val_f1: 0.7855
> val_acc: 0.8582, val_f1: 0.7835
> val_acc: 0.8571, val_f1: 0.7832
loss: 0.1373, acc: 0.9492
> val_acc: 0.8633, val_f1: 0.7927
> val_acc: 0.8643, val_f1: 0.7935
> val_acc: 0.8715, val_f1: 0.7992
> val_acc: 0.8705, val_f1: 0.7862
> val_acc: 0.8715, val_f1: 0.7868
> val_acc: 0.8705, val_f1: 0.7848
> val_acc: 0.8664, val_f1: 0.7784
> val_acc: 0.8726, val_f1: 0.7891
> val_acc: 0.8705, val_f1: 0.7896
> val_acc: 0.8705, val_f1: 0.7898
loss: 0.1412, acc: 0.9485
> val_acc: 0.8592, val_f1: 0.7814
> val_acc: 0.8499, val_f1: 0.7718
> val_acc: 0.8448, val_f1: 0.7662
> val_acc: 0.8602, val_f1: 0.7795
> val_acc: 0.8684, val_f1: 0.7867
> val_acc: 0.8479, val_f1: 0.7627
> val_acc: 0.8428, val_f1: 0.7597
> val_acc: 0.8366, val_f1: 0.7551
> val_acc: 0.8458, val_f1: 0.7717
> val_acc: 0.8561, val_f1: 0.7773
loss: 0.1491, acc: 0.9444
> val_acc: 0.8613, val_f1: 0.7753
> val_acc: 0.8674, val_f1: 0.7803
> val_acc: 0.8654, val_f1: 0.7694
> val_acc: 0.8654, val_f1: 0.7677
> val_acc: 0.8664, val_f1: 0.7688
> val_acc: 0.8674, val_f1: 0.7766
> val_acc: 0.8695, val_f1: 0.7785
> val_acc: 0.8643, val_f1: 0.7747
> val_acc: 0.8592, val_f1: 0.7741
> val_acc: 0.8613, val_f1: 0.7821
loss: 0.1510, acc: 0.9434
> val_acc: 0.8582, val_f1: 0.7789
> val_acc: 0.8551, val_f1: 0.7746
> val_acc: 0.8530, val_f1: 0.7786
> val_acc: 0.8438, val_f1: 0.7688
> val_acc: 0.8438, val_f1: 0.7708
> val_acc: 0.8386, val_f1: 0.7632
> val_acc: 0.8499, val_f1: 0.7666
> val_acc: 0.8499, val_f1: 0.7659
> val_acc: 0.8489, val_f1: 0.7664
> val_acc: 0.8489, val_f1: 0.7674
loss: 0.1501, acc: 0.9434
> val_acc: 0.8571, val_f1: 0.7828
> val_acc: 0.8571, val_f1: 0.7808
> val_acc: 0.8551, val_f1: 0.7697
> val_acc: 0.8551, val_f1: 0.7567
> val_acc: 0.8428, val_f1: 0.7261
> val_acc: 0.8356, val_f1: 0.7114
> val_acc: 0.8294, val_f1: 0.6948
> val_acc: 0.8304, val_f1: 0.7039
> val_acc: 0.8479, val_f1: 0.7441
> val_acc: 0.8592, val_f1: 0.7753
loss: 0.1518, acc: 0.9426
> val_acc: 0.8458, val_f1: 0.7671
> val_acc: 0.8345, val_f1: 0.7599
> val_acc: 0.8314, val_f1: 0.7581
> val_acc: 0.8366, val_f1: 0.7621
> val_acc: 0.8541, val_f1: 0.7809
> val_acc: 0.8530, val_f1: 0.7731
> val_acc: 0.8561, val_f1: 0.7760
> val_acc: 0.8571, val_f1: 0.7708
> val_acc: 0.8592, val_f1: 0.7720
> val_acc: 0.8633, val_f1: 0.7781
loss: 0.1516, acc: 0.9434
> val_acc: 0.8623, val_f1: 0.7798
>>>>>>>>>>>>>>>>>>>>>>>>>>>>>>>>>>>>>>>>>>>>>>>>>>>>>>>>>>>>>>>>>>>>>>>>>>>>>>>>>>>>>>>>>>>>>>>>>>>>
epoch: 8
> val_acc: 0.8623, val_f1: 0.7805
> val_acc: 0.8633, val_f1: 0.7847
> val_acc: 0.8643, val_f1: 0.7881
> val_acc: 0.8633, val_f1: 0.7865
> val_acc: 0.8561, val_f1: 0.7796
> val_acc: 0.8582, val_f1: 0.7848
> val_acc: 0.8561, val_f1: 0.7816
> val_acc: 0.8561, val_f1: 0.7844
> val_acc: 0.8541, val_f1: 0.7824
loss: 0.0687, acc: 0.9812
> val_acc: 0.8499, val_f1: 0.7754
> val_acc: 0.8458, val_f1: 0.7704
> val_acc: 0.8366, val_f1: 0.7546
> val_acc: 0.8335, val_f1: 0.7479
> val_acc: 0.8386, val_f1: 0.7561
> val_acc: 0.8407, val_f1: 0.7591
> val_acc: 0.8520, val_f1: 0.7745
> val_acc: 0.8571, val_f1: 0.7817
> val_acc: 0.8551, val_f1: 0.7735
> val_acc: 0.8602, val_f1: 0.7738
loss: 0.0596, acc: 0.9844
> val_acc: 0.8592, val_f1: 0.7758
> val_acc: 0.8592, val_f1: 0.7768
> val_acc: 0.8582, val_f1: 0.7725
> val_acc: 0.8551, val_f1: 0.7570
> val_acc: 0.8561, val_f1: 0.7555
> val_acc: 0.8582, val_f1: 0.7570
> val_acc: 0.8520, val_f1: 0.7477
> val_acc: 0.8489, val_f1: 0.7424
> val_acc: 0.8561, val_f1: 0.7673
> val_acc: 0.8551, val_f1: 0.7707
loss: 0.0732, acc: 0.9771
> val_acc: 0.8438, val_f1: 0.7614
> val_acc: 0.8325, val_f1: 0.7528
> val_acc: 0.8386, val_f1: 0.7553
> val_acc: 0.8386, val_f1: 0.7553
> val_acc: 0.8489, val_f1: 0.7644
> val_acc: 0.8510, val_f1: 0.7608
> val_acc: 0.8530, val_f1: 0.7604
> val_acc: 0.8499, val_f1: 0.7425
> val_acc: 0.8479, val_f1: 0.7379
> val_acc: 0.8520, val_f1: 0.7512
loss: 0.0870, acc: 0.9750
> val_acc: 0.8499, val_f1: 0.7513
> val_acc: 0.8551, val_f1: 0.7624
> val_acc: 0.8510, val_f1: 0.7682
> val_acc: 0.8345, val_f1: 0.7544
> val_acc: 0.8191, val_f1: 0.7430
> val_acc: 0.8397, val_f1: 0.7597
> val_acc: 0.8499, val_f1: 0.7634
> val_acc: 0.8469, val_f1: 0.7529
> val_acc: 0.8397, val_f1: 0.7354
> val_acc: 0.8232, val_f1: 0.7032
loss: 0.1054, acc: 0.9637
> val_acc: 0.8191, val_f1: 0.7006
> val_acc: 0.8345, val_f1: 0.7324
> val_acc: 0.8407, val_f1: 0.7493
> val_acc: 0.8417, val_f1: 0.7589
> val_acc: 0.7831, val_f1: 0.7131
> val_acc: 0.7328, val_f1: 0.6728
> val_acc: 0.7400, val_f1: 0.6768
> val_acc: 0.8273, val_f1: 0.7461
> val_acc: 0.8582, val_f1: 0.7405
> val_acc: 0.8273, val_f1: 0.6425
loss: 0.1402, acc: 0.9500
> val_acc: 0.8037, val_f1: 0.5686
> val_acc: 0.7914, val_f1: 0.5366
> val_acc: 0.8016, val_f1: 0.5514
> val_acc: 0.8222, val_f1: 0.5794
> val_acc: 0.8345, val_f1: 0.6107
> val_acc: 0.8386, val_f1: 0.6586
> val_acc: 0.8469, val_f1: 0.7142
> val_acc: 0.8314, val_f1: 0.7391
> val_acc: 0.7914, val_f1: 0.7165
> val_acc: 0.7831, val_f1: 0.7150
loss: 0.1782, acc: 0.9393
> val_acc: 0.7955, val_f1: 0.7280
> val_acc: 0.8078, val_f1: 0.7381
> val_acc: 0.8160, val_f1: 0.7368
> val_acc: 0.8335, val_f1: 0.7415
> val_acc: 0.8448, val_f1: 0.7479
> val_acc: 0.8510, val_f1: 0.7503
> val_acc: 0.8417, val_f1: 0.7154
> val_acc: 0.8304, val_f1: 0.6877
> val_acc: 0.8314, val_f1: 0.6849
> val_acc: 0.8366, val_f1: 0.6929
loss: 0.1818, acc: 0.9375
> val_acc: 0.8407, val_f1: 0.6867
> val_acc: 0.8489, val_f1: 0.7155
> val_acc: 0.8602, val_f1: 0.7489
> val_acc: 0.8664, val_f1: 0.7745
> val_acc: 0.8582, val_f1: 0.7692
> val_acc: 0.8571, val_f1: 0.7801
> val_acc: 0.8541, val_f1: 0.7786
> val_acc: 0.8489, val_f1: 0.7695
> val_acc: 0.8397, val_f1: 0.7606
> val_acc: 0.8397, val_f1: 0.7594
loss: 0.1848, acc: 0.9333
> val_acc: 0.8428, val_f1: 0.7598
> val_acc: 0.8469, val_f1: 0.7619
> val_acc: 0.8541, val_f1: 0.7689
> val_acc: 0.8571, val_f1: 0.7750
> val_acc: 0.8643, val_f1: 0.7848
> val_acc: 0.8613, val_f1: 0.7780
> val_acc: 0.8664, val_f1: 0.7760
> val_acc: 0.8674, val_f1: 0.7812
> val_acc: 0.8643, val_f1: 0.7754
> val_acc: 0.8510, val_f1: 0.7588
loss: 0.1847, acc: 0.9325
> val_acc: 0.8376, val_f1: 0.7412
> val_acc: 0.8366, val_f1: 0.7396
> val_acc: 0.8397, val_f1: 0.7423
> val_acc: 0.8376, val_f1: 0.7383
> val_acc: 0.8407, val_f1: 0.7428
> val_acc: 0.8386, val_f1: 0.7417
> val_acc: 0.8417, val_f1: 0.7464
> val_acc: 0.8356, val_f1: 0.7359
> val_acc: 0.8397, val_f1: 0.7413
> val_acc: 0.8448, val_f1: 0.7477
loss: 0.1824, acc: 0.9330
> val_acc: 0.8582, val_f1: 0.7627
> val_acc: 0.8561, val_f1: 0.7576
> val_acc: 0.8510, val_f1: 0.7458
> val_acc: 0.8417, val_f1: 0.7295
> val_acc: 0.8428, val_f1: 0.7423
> val_acc: 0.8438, val_f1: 0.7513
> val_acc: 0.8489, val_f1: 0.7625
> val_acc: 0.8428, val_f1: 0.7556
> val_acc: 0.8489, val_f1: 0.7677
> val_acc: 0.8489, val_f1: 0.7685
loss: 0.1882, acc: 0.9307
> val_acc: 0.8448, val_f1: 0.7643
> val_acc: 0.8407, val_f1: 0.7561
> val_acc: 0.8386, val_f1: 0.7516
> val_acc: 0.8397, val_f1: 0.7536
> val_acc: 0.8458, val_f1: 0.7579
> val_acc: 0.8561, val_f1: 0.7725
> val_acc: 0.8592, val_f1: 0.7675
> val_acc: 0.8664, val_f1: 0.7765
> val_acc: 0.8664, val_f1: 0.7740
> val_acc: 0.8602, val_f1: 0.7607
loss: 0.1866, acc: 0.9308
> val_acc: 0.8602, val_f1: 0.7569
> val_acc: 0.8643, val_f1: 0.7634
> val_acc: 0.8695, val_f1: 0.7772
> val_acc: 0.8684, val_f1: 0.7791
> val_acc: 0.8654, val_f1: 0.7796
> val_acc: 0.8674, val_f1: 0.7807
> val_acc: 0.8705, val_f1: 0.7953
> val_acc: 0.8684, val_f1: 0.7977
> val_acc: 0.8643, val_f1: 0.7919
> val_acc: 0.8633, val_f1: 0.7908
loss: 0.1819, acc: 0.9321
> val_acc: 0.8674, val_f1: 0.7932
> val_acc: 0.8674, val_f1: 0.7876
> val_acc: 0.8705, val_f1: 0.7900
> val_acc: 0.8715, val_f1: 0.7880
> val_acc: 0.8623, val_f1: 0.7745
> val_acc: 0.8643, val_f1: 0.7719
> val_acc: 0.8654, val_f1: 0.7735
> val_acc: 0.8592, val_f1: 0.7657
> val_acc: 0.8571, val_f1: 0.7598
> val_acc: 0.8582, val_f1: 0.7615
loss: 0.1771, acc: 0.9350
> val_acc: 0.8654, val_f1: 0.7711
> val_acc: 0.8726, val_f1: 0.7802
> val_acc: 0.8736, val_f1: 0.7846
> val_acc: 0.8633, val_f1: 0.7652
> val_acc: 0.8623, val_f1: 0.7660
> val_acc: 0.8582, val_f1: 0.7601
> val_acc: 0.8623, val_f1: 0.7616
> val_acc: 0.8674, val_f1: 0.7617
> val_acc: 0.8705, val_f1: 0.7574
> val_acc: 0.8705, val_f1: 0.7586
loss: 0.1726, acc: 0.9363
> val_acc: 0.8664, val_f1: 0.7620
> val_acc: 0.8674, val_f1: 0.7744
> val_acc: 0.8613, val_f1: 0.7703
> val_acc: 0.8592, val_f1: 0.7662
> val_acc: 0.8551, val_f1: 0.7578
> val_acc: 0.8530, val_f1: 0.7579
> val_acc: 0.8530, val_f1: 0.7566
> val_acc: 0.8561, val_f1: 0.7684
> val_acc: 0.8571, val_f1: 0.7714
> val_acc: 0.8561, val_f1: 0.7735
loss: 0.1699, acc: 0.9368
> val_acc: 0.8530, val_f1: 0.7671
> val_acc: 0.8571, val_f1: 0.7735
> val_acc: 0.8592, val_f1: 0.7746
> val_acc: 0.8623, val_f1: 0.7721
> val_acc: 0.8613, val_f1: 0.7633
> val_acc: 0.8571, val_f1: 0.7475
> val_acc: 0.8561, val_f1: 0.7339
> val_acc: 0.8520, val_f1: 0.7263
> val_acc: 0.8499, val_f1: 0.7257
> val_acc: 0.8499, val_f1: 0.7363
loss: 0.1706, acc: 0.9361
> val_acc: 0.8479, val_f1: 0.7420
> val_acc: 0.8571, val_f1: 0.7692
> val_acc: 0.8335, val_f1: 0.7542
> val_acc: 0.8304, val_f1: 0.7542
> val_acc: 0.8006, val_f1: 0.7282
> val_acc: 0.8181, val_f1: 0.7481
> val_acc: 0.8438, val_f1: 0.7640
> val_acc: 0.8633, val_f1: 0.7695
> val_acc: 0.8674, val_f1: 0.7709
> val_acc: 0.8705, val_f1: 0.7623
loss: 0.1713, acc: 0.9355
> val_acc: 0.8695, val_f1: 0.7636
> val_acc: 0.8623, val_f1: 0.7606
> val_acc: 0.8530, val_f1: 0.7555
> val_acc: 0.8345, val_f1: 0.7320
> val_acc: 0.8273, val_f1: 0.7259
> val_acc: 0.8140, val_f1: 0.7055
> val_acc: 0.8099, val_f1: 0.6992
> val_acc: 0.8201, val_f1: 0.7138
> val_acc: 0.8314, val_f1: 0.7333
> val_acc: 0.8294, val_f1: 0.7355
loss: 0.1718, acc: 0.9356
> val_acc: 0.8417, val_f1: 0.7548
> val_acc: 0.8541, val_f1: 0.7707
> val_acc: 0.8571, val_f1: 0.7768
> val_acc: 0.8602, val_f1: 0.7799
> val_acc: 0.8613, val_f1: 0.7706
> val_acc: 0.8684, val_f1: 0.7853
> val_acc: 0.8695, val_f1: 0.7841
> val_acc: 0.8684, val_f1: 0.7787
> val_acc: 0.8633, val_f1: 0.7741
> val_acc: 0.8571, val_f1: 0.7689
loss: 0.1723, acc: 0.9357
> val_acc: 0.8510, val_f1: 0.7678
> val_acc: 0.8551, val_f1: 0.7737
> val_acc: 0.8602, val_f1: 0.7709
> val_acc: 0.8602, val_f1: 0.7745
> val_acc: 0.8654, val_f1: 0.7813
> val_acc: 0.8684, val_f1: 0.7865
> val_acc: 0.8674, val_f1: 0.7862
> val_acc: 0.8633, val_f1: 0.7754
> val_acc: 0.8654, val_f1: 0.7804
> val_acc: 0.8695, val_f1: 0.7818
loss: 0.1703, acc: 0.9366
> val_acc: 0.8715, val_f1: 0.7830
>> test_acc: 0.8962, test_f1: 0.8240
